mode: atomic
github.com/jbrinkman/kiro-krew/internal/config/config.go:31.51,33.2 1 0
github.com/jbrinkman/kiro-krew/internal/config/config.go:35.30,52.16 3 4
github.com/jbrinkman/kiro-krew/internal/config/config.go:52.16,54.3 1 0
github.com/jbrinkman/kiro-krew/internal/config/config.go:56.2,56.50 1 4
github.com/jbrinkman/kiro-krew/internal/config/config.go:56.50,58.3 1 0
github.com/jbrinkman/kiro-krew/internal/config/config.go:60.2,60.20 1 4
github.com/jbrinkman/kiro-krew/internal/config/config.go:60.20,62.3 1 0
github.com/jbrinkman/kiro-krew/internal/config/config.go:65.2,65.41 1 4
github.com/jbrinkman/kiro-krew/internal/config/config.go:65.41,67.3 1 0
github.com/jbrinkman/kiro-krew/internal/config/config.go:68.2,68.29 1 4
github.com/jbrinkman/kiro-krew/internal/config/config.go:68.29,70.3 1 0
github.com/jbrinkman/kiro-krew/internal/config/config.go:71.2,71.35 1 4
github.com/jbrinkman/kiro-krew/internal/config/config.go:71.35,73.3 1 0
github.com/jbrinkman/kiro-krew/internal/config/config.go:76.2,77.16 2 4
github.com/jbrinkman/kiro-krew/internal/config/config.go:77.16,80.3 2 4
github.com/jbrinkman/kiro-krew/internal/config/config.go:81.2,83.17 2 4
github.com/jbrinkman/kiro-krew/internal/config/config.go:88.31,93.16 3 0
github.com/jbrinkman/kiro-krew/internal/config/config.go:93.16,95.3 1 0
github.com/jbrinkman/kiro-krew/internal/config/config.go:97.2,101.29 3 0
github.com/jbrinkman/kiro-krew/internal/config/config.go:101.29,104.43 3 0
github.com/jbrinkman/kiro-krew/internal/config/config.go:104.43,107.9 3 0
github.com/jbrinkman/kiro-krew/internal/config/config.go:110.3,110.45 1 0
github.com/jbrinkman/kiro-krew/internal/config/config.go:110.45,113.9 3 0
github.com/jbrinkman/kiro-krew/internal/config/config.go:118.2,118.19 1 0
github.com/jbrinkman/kiro-krew/internal/config/config.go:118.19,120.3 1 0
github.com/jbrinkman/kiro-krew/internal/config/config.go:123.2,124.73 2 0
github.com/jbrinkman/kiro-krew/internal/config/config.go:124.73,126.3 1 0
github.com/jbrinkman/kiro-krew/internal/config/config.go:128.2,128.12 1 0
github.com/jbrinkman/kiro-krew/internal/config/themes.go:44.47,45.17 1 48
github.com/jbrinkman/kiro-krew/internal/config/themes.go:45.17,47.3 1 1
github.com/jbrinkman/kiro-krew/internal/config/themes.go:49.2,49.43 1 47
github.com/jbrinkman/kiro-krew/internal/config/themes.go:49.43,51.3 1 2
github.com/jbrinkman/kiro-krew/internal/config/themes.go:54.2,54.52 1 45
github.com/jbrinkman/kiro-krew/internal/config/themes.go:54.52,55.21 1 2
github.com/jbrinkman/kiro-krew/internal/config/themes.go:55.21,57.4 1 0
github.com/jbrinkman/kiro-krew/internal/config/themes.go:59.3,59.32 1 2
github.com/jbrinkman/kiro-krew/internal/config/themes.go:59.32,60.28 1 2
github.com/jbrinkman/kiro-krew/internal/config/themes.go:60.28,62.5 1 6
github.com/jbrinkman/kiro-krew/internal/config/themes.go:63.4,63.18 1 2
github.com/jbrinkman/kiro-krew/internal/config/themes.go:63.18,65.5 1 1
github.com/jbrinkman/kiro-krew/internal/config/themes.go:67.3,67.13 1 1
github.com/jbrinkman/kiro-krew/internal/config/themes.go:71.2,71.36 1 43
github.com/jbrinkman/kiro-krew/internal/config/themes.go:71.36,72.43 1 3
github.com/jbrinkman/kiro-krew/internal/config/themes.go:72.43,74.4 1 1
github.com/jbrinkman/kiro-krew/internal/config/themes.go:77.2,77.12 1 42
github.com/jbrinkman/kiro-krew/internal/config/themes.go:80.40,81.22 1 4
github.com/jbrinkman/kiro-krew/internal/config/themes.go:81.22,83.3 1 1
github.com/jbrinkman/kiro-krew/internal/config/themes.go:86.2,102.40 2 3
github.com/jbrinkman/kiro-krew/internal/config/themes.go:102.40,103.53 1 39
github.com/jbrinkman/kiro-krew/internal/config/themes.go:103.53,105.4 1 1
github.com/jbrinkman/kiro-krew/internal/config/themes.go:108.2,108.12 1 2
github.com/jbrinkman/kiro-krew/internal/config/themes.go:111.31,145.2 1 5
github.com/jbrinkman/kiro-krew/internal/config/themes.go:147.45,148.46 1 11
github.com/jbrinkman/kiro-krew/internal/config/themes.go:148.46,150.3 1 6
github.com/jbrinkman/kiro-krew/internal/config/themes.go:151.2,153.16 3 5
github.com/jbrinkman/kiro-krew/internal/config/themes.go:153.16,155.3 1 5
github.com/jbrinkman/kiro-krew/internal/config/themes.go:157.2,158.53 2 0
github.com/jbrinkman/kiro-krew/internal/config/themes.go:158.53,160.3 1 0
github.com/jbrinkman/kiro-krew/internal/config/themes.go:162.2,162.46 1 0
github.com/jbrinkman/kiro-krew/internal/config/themes.go:162.46,164.3 1 0
github.com/jbrinkman/kiro-krew/internal/config/themes.go:166.2,166.20 1 0
github.com/jbrinkman/kiro-krew/internal/config/themes.go:169.36,173.16 3 1
github.com/jbrinkman/kiro-krew/internal/config/themes.go:173.16,175.3 1 0
github.com/jbrinkman/kiro-krew/internal/config/themes.go:177.2,177.32 1 1
github.com/jbrinkman/kiro-krew/internal/config/themes.go:177.32,178.65 1 3
github.com/jbrinkman/kiro-krew/internal/config/themes.go:178.65,181.4 2 2
github.com/jbrinkman/kiro-krew/internal/config/themes.go:184.2,185.15 2 1
github.com/jbrinkman/kiro-krew/internal/hotkey/detector.go:19.31,21.2 1 6
github.com/jbrinkman/kiro-krew/internal/hotkey/detector.go:24.46,26.2 1 2
github.com/jbrinkman/kiro-krew/internal/hotkey/detector.go:29.48,30.24 1 2
github.com/jbrinkman/kiro-krew/internal/hotkey/detector.go:30.24,31.27 1 0
github.com/jbrinkman/kiro-krew/internal/hotkey/detector.go:31.27,32.26 1 0
github.com/jbrinkman/kiro-krew/internal/hotkey/detector.go:32.26,36.5 1 0
github.com/jbrinkman/kiro-krew/internal/hotkey/detector.go:39.3,39.25 1 0
github.com/jbrinkman/kiro-krew/internal/hotkey/detector.go:39.25,41.4 1 0
github.com/jbrinkman/kiro-krew/internal/hotkey/detector.go:43.2,43.12 1 2
github.com/jbrinkman/kiro-krew/internal/version/version.go:25.13,27.59 2 1
github.com/jbrinkman/kiro-krew/internal/version/version.go:27.59,29.28 2 1
github.com/jbrinkman/kiro-krew/internal/version/version.go:29.28,31.4 1 0
github.com/jbrinkman/kiro-krew/internal/version/version.go:36.31,44.2 1 0
github.com/jbrinkman/kiro-krew/internal/incidents/logger.go:24.51,26.16 2 0
github.com/jbrinkman/kiro-krew/internal/incidents/logger.go:26.16,28.3 1 0
github.com/jbrinkman/kiro-krew/internal/incidents/logger.go:30.2,32.16 3 0
github.com/jbrinkman/kiro-krew/internal/incidents/logger.go:32.16,34.3 1 0
github.com/jbrinkman/kiro-krew/internal/incidents/logger.go:36.2,39.8 1 0
github.com/jbrinkman/kiro-krew/internal/incidents/logger.go:42.81,43.47 1 1
github.com/jbrinkman/kiro-krew/internal/incidents/logger.go:43.47,45.3 1 0
github.com/jbrinkman/kiro-krew/internal/incidents/logger.go:47.2,48.48 2 1
github.com/jbrinkman/kiro-krew/internal/incidents/logger.go:51.67,55.24 3 1
github.com/jbrinkman/kiro-krew/internal/incidents/logger.go:55.24,57.3 1 0
github.com/jbrinkman/kiro-krew/internal/incidents/logger.go:58.2,58.16 1 1
github.com/jbrinkman/kiro-krew/internal/incidents/logger.go:58.16,60.3 1 0
github.com/jbrinkman/kiro-krew/internal/incidents/logger.go:62.2,63.29 2 1
github.com/jbrinkman/kiro-krew/internal/incidents/logger.go:63.29,64.67 1 1
github.com/jbrinkman/kiro-krew/internal/incidents/logger.go:64.67,65.67 1 1
github.com/jbrinkman/kiro-krew/internal/incidents/logger.go:65.67,68.5 2 1
github.com/jbrinkman/kiro-krew/internal/incidents/logger.go:72.2,72.23 1 1
github.com/jbrinkman/kiro-krew/internal/incidents/logger.go:75.72,77.16 2 1
github.com/jbrinkman/kiro-krew/internal/incidents/logger.go:77.16,79.3 1 0
github.com/jbrinkman/kiro-krew/internal/incidents/logger.go:80.2,80.29 1 1
github.com/jbrinkman/kiro-krew/internal/incidents/logger.go:83.45,85.2 1 0
github.com/jbrinkman/kiro-krew/internal/incidents/logger.go:87.67,90.46 2 9
github.com/jbrinkman/kiro-krew/internal/incidents/logger.go:90.46,92.3 1 3
github.com/jbrinkman/kiro-krew/internal/incidents/logger.go:94.2,95.73 2 6
github.com/jbrinkman/kiro-krew/internal/incidents/logger.go:95.73,97.3 1 1
github.com/jbrinkman/kiro-krew/internal/incidents/logger.go:98.2,98.69 1 5
github.com/jbrinkman/kiro-krew/internal/incidents/logger.go:98.69,100.3 1 1
github.com/jbrinkman/kiro-krew/internal/incidents/logger.go:102.2,104.16 3 4
github.com/jbrinkman/kiro-krew/internal/incidents/logger.go:104.16,106.3 1 1
github.com/jbrinkman/kiro-krew/internal/incidents/logger.go:107.2,109.18 2 3
github.com/jbrinkman/kiro-krew/internal/incidents/logger.go:112.36,114.16 2 0
github.com/jbrinkman/kiro-krew/internal/incidents/logger.go:114.16,116.3 1 0
github.com/jbrinkman/kiro-krew/internal/incidents/logger.go:118.2,118.57 1 0
github.com/jbrinkman/kiro-krew/internal/incidents/logger.go:118.57,120.39 2 0
github.com/jbrinkman/kiro-krew/internal/incidents/logger.go:120.39,123.58 3 0
github.com/jbrinkman/kiro-krew/internal/incidents/logger.go:123.58,125.5 1 0
github.com/jbrinkman/kiro-krew/internal/incidents/logger.go:126.4,126.20 1 0
github.com/jbrinkman/kiro-krew/internal/incidents/logger.go:130.2,130.57 1 0
github.com/jbrinkman/kiro-krew/internal/incidents/storage.go:10.53,13.2 2 1
github.com/jbrinkman/kiro-krew/internal/incidents/storage.go:15.71,18.2 2 2
github.com/jbrinkman/kiro-krew/internal/incidents/storage.go:20.77,25.2 3 1
github.com/jbrinkman/kiro-krew/internal/eval/diff.go:12.36,16.16 3 0
github.com/jbrinkman/kiro-krew/internal/eval/diff.go:16.16,18.3 1 0
github.com/jbrinkman/kiro-krew/internal/eval/diff.go:20.2,21.16 2 0
github.com/jbrinkman/kiro-krew/internal/eval/diff.go:21.16,23.3 1 0
github.com/jbrinkman/kiro-krew/internal/eval/diff.go:25.2,30.34 4 0
github.com/jbrinkman/kiro-krew/internal/eval/diff.go:30.34,38.20 7 0
github.com/jbrinkman/kiro-krew/internal/eval/diff.go:38.20,40.4 1 0
github.com/jbrinkman/kiro-krew/internal/eval/diff.go:40.9,40.28 1 0
github.com/jbrinkman/kiro-krew/internal/eval/diff.go:40.28,42.4 1 0
github.com/jbrinkman/kiro-krew/internal/eval/diff.go:43.3,45.33 2 0
github.com/jbrinkman/kiro-krew/internal/eval/diff.go:45.33,46.12 1 0
github.com/jbrinkman/kiro-krew/internal/eval/diff.go:50.3,54.36 4 0
github.com/jbrinkman/kiro-krew/internal/eval/diff.go:54.36,57.22 3 0
github.com/jbrinkman/kiro-krew/internal/eval/diff.go:57.22,58.13 1 0
github.com/jbrinkman/kiro-krew/internal/eval/diff.go:60.4,62.22 3 0
github.com/jbrinkman/kiro-krew/internal/eval/diff.go:62.22,64.5 1 0
github.com/jbrinkman/kiro-krew/internal/eval/diff.go:64.10,64.30 1 0
github.com/jbrinkman/kiro-krew/internal/eval/diff.go:64.30,66.5 1 0
github.com/jbrinkman/kiro-krew/internal/eval/diff.go:67.4,67.13 1 0
github.com/jbrinkman/kiro-krew/internal/eval/diff.go:67.13,69.5 1 0
github.com/jbrinkman/kiro-krew/internal/eval/diff.go:69.10,69.20 1 0
github.com/jbrinkman/kiro-krew/internal/eval/diff.go:69.20,71.5 1 0
github.com/jbrinkman/kiro-krew/internal/eval/diff.go:71.10,73.5 1 0
github.com/jbrinkman/kiro-krew/internal/eval/diff.go:78.2,89.41 9 0
github.com/jbrinkman/kiro-krew/internal/eval/diff.go:89.41,91.3 1 0
github.com/jbrinkman/kiro-krew/internal/eval/diff.go:92.2,92.41 1 0
github.com/jbrinkman/kiro-krew/internal/eval/diff.go:92.41,94.3 1 0
github.com/jbrinkman/kiro-krew/internal/eval/diff.go:96.2,96.12 1 0
github.com/jbrinkman/kiro-krew/internal/eval/diff.go:99.48,102.16 3 0
github.com/jbrinkman/kiro-krew/internal/eval/diff.go:102.16,104.3 1 0
github.com/jbrinkman/kiro-krew/internal/eval/diff.go:105.2,106.15 2 0
github.com/jbrinkman/kiro-krew/internal/eval/diff.go:109.56,112.16 3 0
github.com/jbrinkman/kiro-krew/internal/eval/diff.go:112.16,114.3 1 0
github.com/jbrinkman/kiro-krew/internal/eval/diff.go:115.2,116.15 2 0
github.com/jbrinkman/kiro-krew/internal/eval/diff.go:119.63,122.33 3 0
github.com/jbrinkman/kiro-krew/internal/eval/diff.go:122.33,123.31 1 0
github.com/jbrinkman/kiro-krew/internal/eval/diff.go:123.31,124.38 1 0
github.com/jbrinkman/kiro-krew/internal/eval/diff.go:124.38,125.13 1 0
github.com/jbrinkman/kiro-krew/internal/eval/diff.go:127.4,128.21 2 0
github.com/jbrinkman/kiro-krew/internal/eval/diff.go:131.2,132.34 2 0
github.com/jbrinkman/kiro-krew/internal/eval/diff.go:132.34,133.23 1 0
github.com/jbrinkman/kiro-krew/internal/eval/diff.go:133.23,135.4 1 0
github.com/jbrinkman/kiro-krew/internal/eval/diff.go:137.2,137.13 1 0
github.com/jbrinkman/kiro-krew/internal/eval/diff.go:140.50,143.19 3 0
github.com/jbrinkman/kiro-krew/internal/eval/diff.go:143.19,144.15 1 0
github.com/jbrinkman/kiro-krew/internal/eval/diff.go:144.15,147.4 2 0
github.com/jbrinkman/kiro-krew/internal/eval/diff.go:149.2,149.19 1 0
github.com/jbrinkman/kiro-krew/internal/eval/diff.go:149.19,150.15 1 0
github.com/jbrinkman/kiro-krew/internal/eval/diff.go:150.15,153.4 2 0
github.com/jbrinkman/kiro-krew/internal/eval/diff.go:155.2,155.13 1 0
github.com/jbrinkman/kiro-krew/internal/eval/diff.go:158.50,159.22 1 0
github.com/jbrinkman/kiro-krew/internal/eval/diff.go:159.22,161.3 1 0
github.com/jbrinkman/kiro-krew/internal/eval/diff.go:162.2,163.27 2 0
github.com/jbrinkman/kiro-krew/internal/eval/diff.go:163.27,165.3 1 0
github.com/jbrinkman/kiro-krew/internal/eval/diff.go:166.2,166.35 1 0
github.com/jbrinkman/kiro-krew/internal/eval/runner.go:21.30,23.16 2 0
github.com/jbrinkman/kiro-krew/internal/eval/runner.go:23.16,25.3 1 0
github.com/jbrinkman/kiro-krew/internal/eval/runner.go:27.2,28.16 2 0
github.com/jbrinkman/kiro-krew/internal/eval/runner.go:28.16,30.3 1 0
github.com/jbrinkman/kiro-krew/internal/eval/runner.go:32.2,32.23 1 0
github.com/jbrinkman/kiro-krew/internal/eval/runner.go:32.23,34.3 1 0
github.com/jbrinkman/kiro-krew/internal/eval/runner.go:36.2,37.54 2 0
github.com/jbrinkman/kiro-krew/internal/eval/runner.go:37.54,39.3 1 0
github.com/jbrinkman/kiro-krew/internal/eval/runner.go:41.2,43.33 2 0
github.com/jbrinkman/kiro-krew/internal/eval/runner.go:43.33,45.17 2 0
github.com/jbrinkman/kiro-krew/internal/eval/runner.go:45.17,47.12 2 0
github.com/jbrinkman/kiro-krew/internal/eval/runner.go:50.3,54.17 4 0
github.com/jbrinkman/kiro-krew/internal/eval/runner.go:54.17,56.4 1 0
github.com/jbrinkman/kiro-krew/internal/eval/runner.go:58.3,59.59 2 0
github.com/jbrinkman/kiro-krew/internal/eval/runner.go:59.59,61.4 1 0
github.com/jbrinkman/kiro-krew/internal/eval/runner.go:63.3,63.78 1 0
github.com/jbrinkman/kiro-krew/internal/eval/runner.go:66.2,68.16 3 0
github.com/jbrinkman/kiro-krew/internal/eval/runner.go:68.16,70.3 1 0
github.com/jbrinkman/kiro-krew/internal/eval/runner.go:72.2,72.92 1 0
github.com/jbrinkman/kiro-krew/internal/eval/runner.go:72.92,74.3 1 0
github.com/jbrinkman/kiro-krew/internal/eval/runner.go:76.2,77.12 2 0
github.com/jbrinkman/kiro-krew/internal/eval/runner.go:80.76,86.27 2 0
github.com/jbrinkman/kiro-krew/internal/eval/runner.go:86.27,89.45 2 0
github.com/jbrinkman/kiro-krew/internal/eval/runner.go:89.45,90.32 1 0
github.com/jbrinkman/kiro-krew/internal/eval/runner.go:90.32,91.13 1 0
github.com/jbrinkman/kiro-krew/internal/eval/runner.go:94.4,100.31 2 0
github.com/jbrinkman/kiro-krew/internal/eval/runner.go:100.31,102.5 1 0
github.com/jbrinkman/kiro-krew/internal/eval/runner.go:102.10,104.24 1 0
github.com/jbrinkman/kiro-krew/internal/eval/runner.go:104.24,108.6 3 0
github.com/jbrinkman/kiro-krew/internal/eval/runner.go:108.11,110.6 1 0
github.com/jbrinkman/kiro-krew/internal/eval/runner.go:113.4,113.40 1 0
github.com/jbrinkman/kiro-krew/internal/eval/runner.go:117.3,117.22 1 0
github.com/jbrinkman/kiro-krew/internal/eval/runner.go:117.22,119.4 1 0
github.com/jbrinkman/kiro-krew/internal/eval/runner.go:121.3,121.42 1 0
github.com/jbrinkman/kiro-krew/internal/eval/runner.go:124.2,124.15 1 0
github.com/jbrinkman/kiro-krew/internal/eval/runner.go:127.79,128.21 1 18
github.com/jbrinkman/kiro-krew/internal/eval/runner.go:128.21,130.3 1 1
github.com/jbrinkman/kiro-krew/internal/eval/runner.go:132.2,135.9 2 17
github.com/jbrinkman/kiro-krew/internal/eval/runner.go:136.56,140.30 3 1
github.com/jbrinkman/kiro-krew/internal/eval/runner.go:140.30,141.38 1 2
github.com/jbrinkman/kiro-krew/internal/eval/runner.go:141.38,143.5 1 2
github.com/jbrinkman/kiro-krew/internal/eval/runner.go:145.3,146.101 2 1
github.com/jbrinkman/kiro-krew/internal/eval/runner.go:148.58,152.30 3 0
github.com/jbrinkman/kiro-krew/internal/eval/runner.go:152.30,153.43 1 0
github.com/jbrinkman/kiro-krew/internal/eval/runner.go:153.43,155.225 2 0
github.com/jbrinkman/kiro-krew/internal/eval/runner.go:155.225,157.6 1 0
github.com/jbrinkman/kiro-krew/internal/eval/runner.go:160.3,160.27 1 0
github.com/jbrinkman/kiro-krew/internal/eval/runner.go:160.27,162.4 1 0
github.com/jbrinkman/kiro-krew/internal/eval/runner.go:163.3,164.35 2 0
github.com/jbrinkman/kiro-krew/internal/eval/runner.go:164.35,165.43 1 0
github.com/jbrinkman/kiro-krew/internal/eval/runner.go:165.43,167.5 1 0
github.com/jbrinkman/kiro-krew/internal/eval/runner.go:169.3,170.16 2 0
github.com/jbrinkman/kiro-krew/internal/eval/runner.go:170.16,172.4 1 0
github.com/jbrinkman/kiro-krew/internal/eval/runner.go:173.3,173.105 1 0
github.com/jbrinkman/kiro-krew/internal/eval/runner.go:175.55,177.55 1 1
github.com/jbrinkman/kiro-krew/internal/eval/runner.go:177.55,179.4 1 1
github.com/jbrinkman/kiro-krew/internal/eval/runner.go:180.3,180.64 1 0
github.com/jbrinkman/kiro-krew/internal/eval/runner.go:182.71,186.44 3 3
github.com/jbrinkman/kiro-krew/internal/eval/runner.go:186.44,187.61 1 30
github.com/jbrinkman/kiro-krew/internal/eval/runner.go:187.61,189.5 1 9
github.com/jbrinkman/kiro-krew/internal/eval/runner.go:191.3,191.17 1 3
github.com/jbrinkman/kiro-krew/internal/eval/runner.go:191.17,193.4 1 1
github.com/jbrinkman/kiro-krew/internal/eval/runner.go:194.3,194.104 1 2
github.com/jbrinkman/kiro-krew/internal/eval/runner.go:196.58,200.49 3 4
github.com/jbrinkman/kiro-krew/internal/eval/runner.go:200.49,201.46 1 40
github.com/jbrinkman/kiro-krew/internal/eval/runner.go:201.46,203.5 1 9
github.com/jbrinkman/kiro-krew/internal/eval/runner.go:205.3,205.17 1 4
github.com/jbrinkman/kiro-krew/internal/eval/runner.go:205.17,207.4 1 2
github.com/jbrinkman/kiro-krew/internal/eval/runner.go:208.3,208.105 1 2
github.com/jbrinkman/kiro-krew/internal/eval/runner.go:210.60,217.47 6 4
github.com/jbrinkman/kiro-krew/internal/eval/runner.go:217.47,218.48 1 20
github.com/jbrinkman/kiro-krew/internal/eval/runner.go:218.48,220.5 1 4
github.com/jbrinkman/kiro-krew/internal/eval/runner.go:222.3,222.45 1 4
github.com/jbrinkman/kiro-krew/internal/eval/runner.go:222.45,223.48 1 16
github.com/jbrinkman/kiro-krew/internal/eval/runner.go:223.48,225.5 1 2
github.com/jbrinkman/kiro-krew/internal/eval/runner.go:227.3,227.42 1 4
github.com/jbrinkman/kiro-krew/internal/eval/runner.go:227.42,229.4 1 2
github.com/jbrinkman/kiro-krew/internal/eval/runner.go:230.3,230.21 1 2
github.com/jbrinkman/kiro-krew/internal/eval/runner.go:230.21,232.4 1 1
github.com/jbrinkman/kiro-krew/internal/eval/runner.go:233.3,233.69 1 1
github.com/jbrinkman/kiro-krew/internal/eval/runner.go:235.57,239.40 3 3
github.com/jbrinkman/kiro-krew/internal/eval/runner.go:239.40,240.44 1 27
github.com/jbrinkman/kiro-krew/internal/eval/runner.go:240.44,242.5 1 4
github.com/jbrinkman/kiro-krew/internal/eval/runner.go:244.3,244.17 1 3
github.com/jbrinkman/kiro-krew/internal/eval/runner.go:244.17,246.4 1 1
github.com/jbrinkman/kiro-krew/internal/eval/runner.go:247.3,247.100 1 2
github.com/jbrinkman/kiro-krew/internal/eval/runner.go:249.10,251.93 1 1
github.com/jbrinkman/kiro-krew/internal/eval/runner.go:255.48,262.2 5 0
github.com/jbrinkman/kiro-krew/internal/eval/runner.go:264.74,287.16 3 0
github.com/jbrinkman/kiro-krew/internal/eval/runner.go:287.16,289.3 1 0
github.com/jbrinkman/kiro-krew/internal/eval/runner.go:291.2,294.46 4 0
github.com/jbrinkman/kiro-krew/internal/eval/runner.go:294.46,296.3 1 0
github.com/jbrinkman/kiro-krew/internal/eval/runner.go:297.2,306.86 4 0
github.com/jbrinkman/kiro-krew/internal/eval/runner.go:306.86,308.3 1 0
github.com/jbrinkman/kiro-krew/internal/eval/runner.go:310.2,311.41 2 0
github.com/jbrinkman/kiro-krew/internal/eval/runner.go:314.50,325.2 4 0
github.com/jbrinkman/kiro-krew/internal/eval/runner.go:327.66,333.28 2 0
github.com/jbrinkman/kiro-krew/internal/eval/runner.go:333.28,335.29 2 0
github.com/jbrinkman/kiro-krew/internal/eval/runner.go:335.29,336.32 1 0
github.com/jbrinkman/kiro-krew/internal/eval/runner.go:336.32,337.19 1 0
github.com/jbrinkman/kiro-krew/internal/eval/runner.go:337.19,338.14 1 0
github.com/jbrinkman/kiro-krew/internal/eval/runner.go:340.5,341.37 2 0
github.com/jbrinkman/kiro-krew/internal/eval/runner.go:343.4,345.51 3 0
github.com/jbrinkman/kiro-krew/internal/eval/runner.go:347.3,347.19 1 0
github.com/jbrinkman/kiro-krew/internal/eval/runner.go:347.19,349.4 1 0
github.com/jbrinkman/kiro-krew/internal/eval/runner.go:352.2,352.10 1 0
github.com/jbrinkman/kiro-krew/internal/eval/runner.go:355.40,358.21 2 17
github.com/jbrinkman/kiro-krew/internal/eval/runner.go:358.21,361.14 3 17
github.com/jbrinkman/kiro-krew/internal/eval/runner.go:361.14,363.4 1 17
github.com/jbrinkman/kiro-krew/internal/eval/runner.go:365.2,365.10 1 0
github.com/jbrinkman/kiro-krew/internal/eval/runner.go:368.56,371.16 3 0
github.com/jbrinkman/kiro-krew/internal/eval/runner.go:371.16,373.3 1 0
github.com/jbrinkman/kiro-krew/internal/eval/runner.go:375.2,376.28 2 0
github.com/jbrinkman/kiro-krew/internal/eval/runner.go:376.28,377.57 1 0
github.com/jbrinkman/kiro-krew/internal/eval/runner.go:377.57,378.12 1 0
github.com/jbrinkman/kiro-krew/internal/eval/runner.go:381.3,382.17 2 0
github.com/jbrinkman/kiro-krew/internal/eval/runner.go:382.17,384.4 1 0
github.com/jbrinkman/kiro-krew/internal/eval/runner.go:386.3,387.50 2 0
github.com/jbrinkman/kiro-krew/internal/eval/runner.go:387.50,389.4 1 0
github.com/jbrinkman/kiro-krew/internal/eval/runner.go:391.3,391.50 1 0
github.com/jbrinkman/kiro-krew/internal/eval/runner.go:391.50,393.4 1 0
github.com/jbrinkman/kiro-krew/internal/eval/runner.go:396.2,396.21 1 0
github.com/jbrinkman/kiro-krew/internal/eval/runner.go:399.50,402.16 3 0
github.com/jbrinkman/kiro-krew/internal/eval/runner.go:402.16,404.3 1 0
github.com/jbrinkman/kiro-krew/internal/eval/runner.go:406.2,407.28 2 0
github.com/jbrinkman/kiro-krew/internal/eval/runner.go:407.28,408.57 1 0
github.com/jbrinkman/kiro-krew/internal/eval/runner.go:408.57,409.12 1 0
github.com/jbrinkman/kiro-krew/internal/eval/runner.go:412.3,413.17 2 0
github.com/jbrinkman/kiro-krew/internal/eval/runner.go:413.17,415.4 1 0
github.com/jbrinkman/kiro-krew/internal/eval/runner.go:417.3,418.51 2 0
github.com/jbrinkman/kiro-krew/internal/eval/runner.go:418.51,420.4 1 0
github.com/jbrinkman/kiro-krew/internal/eval/runner.go:422.3,423.28 2 0
github.com/jbrinkman/kiro-krew/internal/eval/runner.go:426.2,426.19 1 0
github.com/jbrinkman/kiro-krew/internal/eval/runner.go:429.42,431.2 1 4
github.com/jbrinkman/kiro-krew/internal/eval/runner.go:433.40,435.16 2 0
github.com/jbrinkman/kiro-krew/internal/eval/runner.go:435.16,437.3 1 0
github.com/jbrinkman/kiro-krew/internal/eval/runner.go:438.2,438.44 1 0
github.com/jbrinkman/kiro-krew/internal/session/manager.go:20.42,24.2 1 3
github.com/jbrinkman/kiro-krew/internal/session/manager.go:27.75,30.16 2 5
github.com/jbrinkman/kiro-krew/internal/session/manager.go:30.16,32.3 1 0
github.com/jbrinkman/kiro-krew/internal/session/manager.go:35.2,39.16 3 5
github.com/jbrinkman/kiro-krew/internal/session/manager.go:39.16,41.3 1 0
github.com/jbrinkman/kiro-krew/internal/session/manager.go:43.2,43.16 1 5
github.com/jbrinkman/kiro-krew/internal/session/manager.go:47.70,50.16 2 6
github.com/jbrinkman/kiro-krew/internal/session/manager.go:50.16,52.3 1 0
github.com/jbrinkman/kiro-krew/internal/session/manager.go:55.2,56.16 2 6
github.com/jbrinkman/kiro-krew/internal/session/manager.go:56.16,58.3 1 0
github.com/jbrinkman/kiro-krew/internal/session/manager.go:61.2,63.16 3 6
github.com/jbrinkman/kiro-krew/internal/session/manager.go:63.16,65.3 1 0
github.com/jbrinkman/kiro-krew/internal/session/manager.go:67.2,67.12 1 6
github.com/jbrinkman/kiro-krew/internal/session/manager.go:71.66,75.16 3 7
github.com/jbrinkman/kiro-krew/internal/session/manager.go:75.16,77.3 1 0
github.com/jbrinkman/kiro-krew/internal/session/manager.go:79.2,80.16 2 7
github.com/jbrinkman/kiro-krew/internal/session/manager.go:80.16,82.80 1 1
github.com/jbrinkman/kiro-krew/internal/session/manager.go:82.80,84.4 1 0
github.com/jbrinkman/kiro-krew/internal/session/manager.go:85.3,85.89 1 1
github.com/jbrinkman/kiro-krew/internal/session/manager.go:89.2,89.50 1 6
github.com/jbrinkman/kiro-krew/internal/session/manager.go:89.50,91.3 1 0
github.com/jbrinkman/kiro-krew/internal/session/manager.go:93.2,93.19 1 6
github.com/jbrinkman/kiro-krew/internal/session/manager.go:97.51,100.16 3 2
github.com/jbrinkman/kiro-krew/internal/session/manager.go:100.16,102.3 1 0
github.com/jbrinkman/kiro-krew/internal/session/manager.go:103.2,103.12 1 2
github.com/jbrinkman/kiro-krew/internal/session/manager.go:107.52,109.16 2 7
github.com/jbrinkman/kiro-krew/internal/session/manager.go:109.16,110.25 1 0
github.com/jbrinkman/kiro-krew/internal/session/manager.go:110.25,112.4 1 0
github.com/jbrinkman/kiro-krew/internal/session/manager.go:113.3,113.71 1 0
github.com/jbrinkman/kiro-krew/internal/session/manager.go:116.2,117.32 2 7
github.com/jbrinkman/kiro-krew/internal/session/manager.go:117.32,118.65 1 10
github.com/jbrinkman/kiro-krew/internal/session/manager.go:118.65,121.4 2 10
github.com/jbrinkman/kiro-krew/internal/session/manager.go:124.2,124.22 1 7
github.com/jbrinkman/kiro-krew/internal/session/manager.go:128.63,130.16 2 2
github.com/jbrinkman/kiro-krew/internal/session/manager.go:130.16,132.3 1 0
github.com/jbrinkman/kiro-krew/internal/session/manager.go:134.2,137.30 3 2
github.com/jbrinkman/kiro-krew/internal/session/manager.go:137.30,140.17 3 4
github.com/jbrinkman/kiro-krew/internal/session/manager.go:140.17,141.12 1 0
github.com/jbrinkman/kiro-krew/internal/session/manager.go:144.3,144.36 1 4
github.com/jbrinkman/kiro-krew/internal/session/manager.go:144.36,146.18 2 1
github.com/jbrinkman/kiro-krew/internal/session/manager.go:146.18,148.5 1 0
github.com/jbrinkman/kiro-krew/internal/session/manager.go:152.2,152.21 1 2
github.com/jbrinkman/kiro-krew/internal/session/manager.go:152.21,154.3 1 0
github.com/jbrinkman/kiro-krew/internal/session/manager.go:155.2,155.12 1 2
github.com/jbrinkman/kiro-krew/internal/session/manager.go:159.49,161.51 1 1
github.com/jbrinkman/kiro-krew/internal/session/manager.go:161.51,163.3 1 0
github.com/jbrinkman/kiro-krew/internal/session/manager.go:166.2,167.16 2 1
github.com/jbrinkman/kiro-krew/internal/session/manager.go:167.16,169.3 1 0
github.com/jbrinkman/kiro-krew/internal/session/manager.go:171.2,171.30 1 1
github.com/jbrinkman/kiro-krew/internal/session/manager.go:171.30,172.40 1 2
github.com/jbrinkman/kiro-krew/internal/session/manager.go:172.40,173.51 1 0
github.com/jbrinkman/kiro-krew/internal/session/manager.go:173.51,175.5 1 0
github.com/jbrinkman/kiro-krew/internal/session/manager.go:179.2,179.12 1 1
github.com/jbrinkman/kiro-krew/internal/session/manager.go:183.95,189.65 2 1
github.com/jbrinkman/kiro-krew/internal/session/manager.go:189.65,198.3 4 0
github.com/jbrinkman/kiro-krew/internal/session/manager.go:200.2,200.12 1 1
github.com/jbrinkman/kiro-krew/internal/session/manager.go:204.70,205.18 1 9
github.com/jbrinkman/kiro-krew/internal/session/manager.go:205.18,207.3 1 1
github.com/jbrinkman/kiro-krew/internal/session/manager.go:209.2,209.53 1 8
github.com/jbrinkman/kiro-krew/internal/session/manager.go:209.53,211.3 1 1
github.com/jbrinkman/kiro-krew/internal/session/manager.go:213.2,213.26 1 7
github.com/jbrinkman/kiro-krew/internal/session/manager.go:213.26,215.3 1 0
github.com/jbrinkman/kiro-krew/internal/session/manager.go:217.2,217.12 1 7
github.com/jbrinkman/kiro-krew/internal/session/manager.go:221.42,224.16 3 5
github.com/jbrinkman/kiro-krew/internal/session/manager.go:224.16,226.3 1 0
github.com/jbrinkman/kiro-krew/internal/session/manager.go:227.2,227.39 1 5
github.com/jbrinkman/kiro-krew/internal/session/planner.go:25.51,31.16 4 0
github.com/jbrinkman/kiro-krew/internal/session/planner.go:31.16,34.3 2 0
github.com/jbrinkman/kiro-krew/internal/session/planner.go:36.2,37.16 2 0
github.com/jbrinkman/kiro-krew/internal/session/planner.go:37.16,40.3 2 0
github.com/jbrinkman/kiro-krew/internal/session/planner.go:42.2,43.16 2 0
github.com/jbrinkman/kiro-krew/internal/session/planner.go:43.16,46.3 2 0
github.com/jbrinkman/kiro-krew/internal/session/planner.go:49.2,61.36 3 0
github.com/jbrinkman/kiro-krew/internal/session/planner.go:61.36,64.3 2 0
github.com/jbrinkman/kiro-krew/internal/session/planner.go:66.2,68.21 2 0
github.com/jbrinkman/kiro-krew/internal/session/planner.go:72.60,73.9 1 0
github.com/jbrinkman/kiro-krew/internal/session/planner.go:74.22,75.39 1 0
github.com/jbrinkman/kiro-krew/internal/session/planner.go:76.10,76.10 0 0
github.com/jbrinkman/kiro-krew/internal/session/planner.go:80.2,80.26 1 0
github.com/jbrinkman/kiro-krew/internal/session/planner.go:80.26,82.3 1 0
github.com/jbrinkman/kiro-krew/internal/session/planner.go:84.2,85.16 2 0
github.com/jbrinkman/kiro-krew/internal/session/planner.go:85.16,87.21 1 0
github.com/jbrinkman/kiro-krew/internal/session/planner.go:87.21,89.4 1 0
github.com/jbrinkman/kiro-krew/internal/session/planner.go:90.3,90.62 1 0
github.com/jbrinkman/kiro-krew/internal/session/planner.go:93.2,93.12 1 0
github.com/jbrinkman/kiro-krew/internal/session/planner.go:97.52,99.2 1 0
github.com/jbrinkman/kiro-krew/internal/session/planner.go:102.42,103.26 1 0
github.com/jbrinkman/kiro-krew/internal/session/planner.go:103.26,105.3 1 0
github.com/jbrinkman/kiro-krew/internal/session/planner.go:107.2,107.58 1 0
github.com/jbrinkman/kiro-krew/internal/session/planner.go:111.41,112.26 1 0
github.com/jbrinkman/kiro-krew/internal/session/planner.go:112.26,114.3 1 0
github.com/jbrinkman/kiro-krew/internal/session/planner.go:116.2,116.58 1 0
github.com/jbrinkman/kiro-krew/internal/session/planner.go:120.39,123.26 2 0
github.com/jbrinkman/kiro-krew/internal/session/planner.go:123.26,126.17 2 0
github.com/jbrinkman/kiro-krew/internal/session/planner.go:126.17,129.4 1 0
github.com/jbrinkman/kiro-krew/internal/session/planner.go:133.2,141.12 5 0
github.com/jbrinkman/kiro-krew/internal/session/planner.go:145.43,146.26 1 0
github.com/jbrinkman/kiro-krew/internal/session/planner.go:146.26,148.3 1 0
github.com/jbrinkman/kiro-krew/internal/session/planner.go:150.2,150.9 1 0
github.com/jbrinkman/kiro-krew/internal/session/planner.go:151.22,152.15 1 0
github.com/jbrinkman/kiro-krew/internal/session/planner.go:153.10,154.14 1 0
github.com/jbrinkman/kiro-krew/internal/session/planner.go:159.42,163.57 3 0
github.com/jbrinkman/kiro-krew/internal/session/planner.go:163.57,167.22 3 0
github.com/jbrinkman/kiro-krew/internal/session/planner.go:167.22,169.20 2 0
github.com/jbrinkman/kiro-krew/internal/session/planner.go:169.20,171.5 1 0
github.com/jbrinkman/kiro-krew/internal/session/planner.go:173.4,173.11 1 0
github.com/jbrinkman/kiro-krew/internal/session/planner.go:174.26,174.26 0 0
github.com/jbrinkman/kiro-krew/internal/session/planner.go:175.24,176.11 1 0
github.com/jbrinkman/kiro-krew/internal/session/planner.go:181.2,185.17 4 0
github.com/jbrinkman/kiro-krew/internal/session/planner.go:198.76,200.16 2 0
github.com/jbrinkman/kiro-krew/internal/session/planner.go:200.16,202.3 1 0
github.com/jbrinkman/kiro-krew/internal/session/planner.go:204.2,205.16 2 0
github.com/jbrinkman/kiro-krew/internal/session/planner.go:205.16,207.3 1 0
github.com/jbrinkman/kiro-krew/internal/session/planner.go:209.2,210.16 2 0
github.com/jbrinkman/kiro-krew/internal/session/planner.go:210.16,212.3 1 0
github.com/jbrinkman/kiro-krew/internal/session/planner.go:214.2,224.21 3 0
github.com/jbrinkman/kiro-krew/internal/session/planner.go:228.62,230.21 1 0
github.com/jbrinkman/kiro-krew/internal/session/planner.go:230.21,232.3 1 0
github.com/jbrinkman/kiro-krew/internal/session/planner.go:234.2,235.57 2 0
github.com/jbrinkman/kiro-krew/internal/session/planner.go:235.57,237.3 1 0
github.com/jbrinkman/kiro-krew/internal/session/planner.go:239.2,240.16 2 0
github.com/jbrinkman/kiro-krew/internal/session/planner.go:240.16,245.3 3 0
github.com/jbrinkman/kiro-krew/internal/session/planner.go:247.2,247.12 1 0
github.com/jbrinkman/kiro-krew/internal/session/planner.go:251.44,252.21 1 0
github.com/jbrinkman/kiro-krew/internal/session/planner.go:252.21,254.3 1 0
github.com/jbrinkman/kiro-krew/internal/session/planner.go:256.2,256.57 1 0
github.com/jbrinkman/kiro-krew/internal/session/planner.go:256.57,258.3 1 0
github.com/jbrinkman/kiro-krew/internal/session/planner.go:260.2,261.45 2 0
github.com/jbrinkman/kiro-krew/internal/session/planner.go:261.45,264.3 2 0
github.com/jbrinkman/kiro-krew/internal/session/planner.go:266.2,266.12 1 0
github.com/jbrinkman/kiro-krew/internal/session/planner.go:270.53,271.21 1 0
github.com/jbrinkman/kiro-krew/internal/session/planner.go:271.21,273.3 1 0
github.com/jbrinkman/kiro-krew/internal/session/planner.go:275.2,275.57 1 0
github.com/jbrinkman/kiro-krew/internal/session/planner.go:275.57,277.3 1 0
github.com/jbrinkman/kiro-krew/internal/session/planner.go:279.2,280.45 2 0
github.com/jbrinkman/kiro-krew/internal/session/planner.go:280.45,283.3 2 0
github.com/jbrinkman/kiro-krew/internal/session/planner.go:284.2,284.12 1 0
github.com/jbrinkman/kiro-krew/internal/session/planner.go:288.43,289.19 1 0
github.com/jbrinkman/kiro-krew/internal/session/planner.go:289.19,291.3 1 0
github.com/jbrinkman/kiro-krew/internal/session/planner.go:293.2,293.44 1 0
github.com/jbrinkman/kiro-krew/internal/session/planner.go:293.44,295.3 1 0
github.com/jbrinkman/kiro-krew/internal/session/planner.go:297.2,298.12 2 0
github.com/jbrinkman/kiro-krew/internal/session/planner.go:302.41,303.21 1 0
github.com/jbrinkman/kiro-krew/internal/session/planner.go:303.21,306.3 2 0
github.com/jbrinkman/kiro-krew/internal/session/planner.go:308.2,308.23 1 0
github.com/jbrinkman/kiro-krew/internal/session/planner.go:308.23,309.43 1 0
github.com/jbrinkman/kiro-krew/internal/session/planner.go:309.43,311.4 1 0
github.com/jbrinkman/kiro-krew/internal/session/planner.go:314.2,314.12 1 0
github.com/jbrinkman/kiro-krew/internal/session/planner.go:318.44,321.16 2 0
github.com/jbrinkman/kiro-krew/internal/session/planner.go:321.16,325.3 2 0
github.com/jbrinkman/kiro-krew/internal/session/planner.go:327.2,328.41 2 0
github.com/jbrinkman/kiro-krew/internal/session/planner.go:332.45,333.45 1 0
github.com/jbrinkman/kiro-krew/internal/session/planner.go:333.45,337.3 2 0
github.com/jbrinkman/kiro-krew/internal/session/types.go:30.61,35.2 1 7
github.com/jbrinkman/kiro-krew/internal/session/types.go:38.57,44.2 1 3
github.com/jbrinkman/kiro-krew/internal/session/types.go:47.49,49.2 1 7
github.com/jbrinkman/kiro-krew/internal/session/types.go:52.51,55.16 3 8
github.com/jbrinkman/kiro-krew/internal/session/types.go:55.16,57.3 1 1
github.com/jbrinkman/kiro-krew/internal/session/types.go:58.2,58.20 1 7
github.com/jbrinkman/kiro-krew/internal/agent/manager.go:48.46,54.2 1 0
github.com/jbrinkman/kiro-krew/internal/agent/manager.go:63.62,68.35 4 0
github.com/jbrinkman/kiro-krew/internal/agent/manager.go:68.35,69.18 1 0
github.com/jbrinkman/kiro-krew/internal/agent/manager.go:69.18,71.19 2 0
github.com/jbrinkman/kiro-krew/internal/agent/manager.go:71.19,73.5 1 0
github.com/jbrinkman/kiro-krew/internal/agent/manager.go:74.4,74.15 1 0
github.com/jbrinkman/kiro-krew/internal/agent/manager.go:74.15,76.5 1 0
github.com/jbrinkman/kiro-krew/internal/agent/manager.go:77.4,77.14 1 0
github.com/jbrinkman/kiro-krew/internal/agent/manager.go:79.3,79.13 1 0
github.com/jbrinkman/kiro-krew/internal/agent/manager.go:82.2,82.26 1 0
github.com/jbrinkman/kiro-krew/internal/agent/manager.go:82.26,83.21 1 0
github.com/jbrinkman/kiro-krew/internal/agent/manager.go:83.21,84.46 1 0
github.com/jbrinkman/kiro-krew/internal/agent/manager.go:84.46,86.5 1 0
github.com/jbrinkman/kiro-krew/internal/agent/manager.go:87.4,87.26 1 0
github.com/jbrinkman/kiro-krew/internal/agent/manager.go:90.3,91.34 2 0
github.com/jbrinkman/kiro-krew/internal/agent/manager.go:91.34,93.4 1 0
github.com/jbrinkman/kiro-krew/internal/agent/manager.go:94.3,94.17 1 0
github.com/jbrinkman/kiro-krew/internal/agent/manager.go:94.17,96.4 1 0
github.com/jbrinkman/kiro-krew/internal/agent/manager.go:98.3,98.42 1 0
github.com/jbrinkman/kiro-krew/internal/agent/manager.go:98.42,100.4 1 0
github.com/jbrinkman/kiro-krew/internal/agent/manager.go:101.3,101.30 1 0
github.com/jbrinkman/kiro-krew/internal/agent/manager.go:101.30,103.4 1 0
github.com/jbrinkman/kiro-krew/internal/agent/manager.go:104.3,104.8 1 0
github.com/jbrinkman/kiro-krew/internal/agent/manager.go:107.2,107.21 1 0
github.com/jbrinkman/kiro-krew/internal/agent/manager.go:115.58,116.18 1 0
github.com/jbrinkman/kiro-krew/internal/agent/manager.go:116.18,118.3 1 0
github.com/jbrinkman/kiro-krew/internal/agent/manager.go:119.2,119.26 1 0
github.com/jbrinkman/kiro-krew/internal/agent/manager.go:122.48,126.2 3 0
github.com/jbrinkman/kiro-krew/internal/agent/manager.go:128.67,136.2 3 0
github.com/jbrinkman/kiro-krew/internal/agent/manager.go:138.66,141.2 2 0
github.com/jbrinkman/kiro-krew/internal/agent/manager.go:144.45,145.28 1 0
github.com/jbrinkman/kiro-krew/internal/agent/manager.go:145.28,147.3 1 0
github.com/jbrinkman/kiro-krew/internal/agent/manager.go:148.2,148.35 1 0
github.com/jbrinkman/kiro-krew/internal/agent/manager.go:153.48,154.28 1 0
github.com/jbrinkman/kiro-krew/internal/agent/manager.go:154.28,156.3 1 0
github.com/jbrinkman/kiro-krew/internal/agent/manager.go:157.2,157.58 1 0
github.com/jbrinkman/kiro-krew/internal/agent/manager.go:161.67,162.28 1 0
github.com/jbrinkman/kiro-krew/internal/agent/manager.go:162.28,164.3 1 0
github.com/jbrinkman/kiro-krew/internal/agent/manager.go:165.2,165.80 1 0
github.com/jbrinkman/kiro-krew/internal/agent/manager.go:169.42,170.28 1 0
github.com/jbrinkman/kiro-krew/internal/agent/manager.go:170.28,172.3 1 0
github.com/jbrinkman/kiro-krew/internal/agent/manager.go:173.2,175.15 3 0
github.com/jbrinkman/kiro-krew/internal/agent/manager.go:179.41,180.28 1 0
github.com/jbrinkman/kiro-krew/internal/agent/manager.go:180.28,182.3 1 0
github.com/jbrinkman/kiro-krew/internal/agent/manager.go:183.2,185.15 3 0
github.com/jbrinkman/kiro-krew/internal/agent/manager.go:188.71,200.16 8 0
github.com/jbrinkman/kiro-krew/internal/agent/manager.go:200.16,203.3 2 0
github.com/jbrinkman/kiro-krew/internal/agent/manager.go:204.2,212.16 7 0
github.com/jbrinkman/kiro-krew/internal/agent/manager.go:212.16,215.3 2 0
github.com/jbrinkman/kiro-krew/internal/agent/manager.go:217.2,226.29 4 0
github.com/jbrinkman/kiro-krew/internal/agent/manager.go:226.29,228.3 1 0
github.com/jbrinkman/kiro-krew/internal/agent/manager.go:229.2,238.36 5 0
github.com/jbrinkman/kiro-krew/internal/agent/manager.go:238.36,242.3 3 0
github.com/jbrinkman/kiro-krew/internal/agent/manager.go:244.2,261.19 6 0
github.com/jbrinkman/kiro-krew/internal/agent/manager.go:265.46,270.2 3 0
github.com/jbrinkman/kiro-krew/internal/agent/manager.go:274.61,278.2 3 0
github.com/jbrinkman/kiro-krew/internal/agent/manager.go:280.35,285.33 4 0
github.com/jbrinkman/kiro-krew/internal/agent/manager.go:285.33,287.3 1 0
github.com/jbrinkman/kiro-krew/internal/agent/manager.go:288.2,288.15 1 0
github.com/jbrinkman/kiro-krew/internal/agent/manager.go:291.41,296.13 4 0
github.com/jbrinkman/kiro-krew/internal/agent/manager.go:296.13,298.3 1 0
github.com/jbrinkman/kiro-krew/internal/agent/manager.go:300.2,301.26 2 0
github.com/jbrinkman/kiro-krew/internal/agent/manager.go:301.26,303.3 1 0
github.com/jbrinkman/kiro-krew/internal/agent/manager.go:304.2,304.12 1 0
github.com/jbrinkman/kiro-krew/internal/agent/manager.go:307.29,310.33 3 0
github.com/jbrinkman/kiro-krew/internal/agent/manager.go:310.33,311.36 1 0
github.com/jbrinkman/kiro-krew/internal/agent/manager.go:311.36,313.4 1 0
github.com/jbrinkman/kiro-krew/internal/agent/manager.go:315.2,317.31 2 0
github.com/jbrinkman/kiro-krew/internal/agent/manager.go:317.31,318.27 1 0
github.com/jbrinkman/kiro-krew/internal/agent/manager.go:318.27,321.4 2 0
github.com/jbrinkman/kiro-krew/internal/agent/manager.go:325.55,326.19 1 0
github.com/jbrinkman/kiro-krew/internal/agent/manager.go:326.19,329.14 3 0
github.com/jbrinkman/kiro-krew/internal/agent/manager.go:329.14,332.4 2 0
github.com/jbrinkman/kiro-krew/internal/agent/manager.go:333.3,340.17 5 0
github.com/jbrinkman/kiro-krew/internal/agent/manager.go:340.17,342.4 1 0
github.com/jbrinkman/kiro-krew/internal/agent/manager.go:343.3,343.15 1 0
github.com/jbrinkman/kiro-krew/internal/agent/manager.go:343.15,346.55 3 0
github.com/jbrinkman/kiro-krew/internal/agent/manager.go:346.55,349.5 2 0
github.com/jbrinkman/kiro-krew/internal/agent/manager.go:350.4,356.81 6 0
github.com/jbrinkman/kiro-krew/internal/agent/manager.go:356.81,358.5 1 0
github.com/jbrinkman/kiro-krew/internal/agent/manager.go:359.9,362.55 3 0
github.com/jbrinkman/kiro-krew/internal/agent/manager.go:362.55,365.5 2 0
github.com/jbrinkman/kiro-krew/internal/agent/manager.go:367.4,370.53 4 0
github.com/jbrinkman/kiro-krew/internal/agent/manager.go:370.53,375.5 4 0
github.com/jbrinkman/kiro-krew/internal/agent/manager.go:375.10,380.5 4 0
github.com/jbrinkman/kiro-krew/internal/agent/manager.go:383.3,383.54 1 0
github.com/jbrinkman/kiro-krew/internal/agent/manager.go:385.8,390.14 4 0
github.com/jbrinkman/kiro-krew/internal/agent/manager.go:390.14,392.4 1 0
github.com/jbrinkman/kiro-krew/internal/agent/manager.go:394.3,397.45 4 0
github.com/jbrinkman/kiro-krew/internal/agent/manager.go:397.45,401.4 3 0
github.com/jbrinkman/kiro-krew/internal/agent/manager.go:401.9,405.4 3 0
github.com/jbrinkman/kiro-krew/internal/agent/manager.go:409.61,413.12 3 0
github.com/jbrinkman/kiro-krew/internal/agent/manager.go:413.12,416.7 3 0
github.com/jbrinkman/kiro-krew/internal/agent/manager.go:416.7,417.11 1 0
github.com/jbrinkman/kiro-krew/internal/agent/manager.go:418.16,419.11 1 0
github.com/jbrinkman/kiro-krew/internal/agent/manager.go:420.20,422.94 2 0
github.com/jbrinkman/kiro-krew/internal/agent/manager.go:427.2,430.26 3 0
github.com/jbrinkman/kiro-krew/internal/agent/manager.go:430.26,432.3 1 0
github.com/jbrinkman/kiro-krew/internal/agent/manager.go:434.2,435.16 2 0
github.com/jbrinkman/kiro-krew/internal/agent/manager.go:435.16,436.49 1 0
github.com/jbrinkman/kiro-krew/internal/agent/manager.go:436.49,438.4 1 0
github.com/jbrinkman/kiro-krew/internal/agent/manager.go:438.9,440.4 1 0
github.com/jbrinkman/kiro-krew/internal/agent/manager.go:443.2,444.19 2 0
github.com/jbrinkman/kiro-krew/internal/agent/manager.go:444.19,446.3 1 0
github.com/jbrinkman/kiro-krew/internal/agent/manager.go:446.8,448.3 1 0
github.com/jbrinkman/kiro-krew/internal/agent/manager.go:450.2,450.34 1 0
github.com/jbrinkman/kiro-krew/internal/agent/manager.go:453.44,462.57 6 0
github.com/jbrinkman/kiro-krew/internal/agent/manager.go:462.57,465.54 3 0
github.com/jbrinkman/kiro-krew/internal/agent/manager.go:465.54,472.4 6 0
github.com/jbrinkman/kiro-krew/internal/agent/manager.go:472.9,474.4 1 0
github.com/jbrinkman/kiro-krew/internal/agent/manager.go:475.8,477.57 1 0
github.com/jbrinkman/kiro-krew/internal/agent/manager.go:477.57,479.4 1 0
github.com/jbrinkman/kiro-krew/internal/agent/manager.go:483.2,485.16 3 0
github.com/jbrinkman/kiro-krew/internal/agent/manager.go:485.16,492.3 6 0
github.com/jbrinkman/kiro-krew/internal/agent/manager.go:494.2,503.29 4 0
github.com/jbrinkman/kiro-krew/internal/agent/manager.go:503.29,505.3 1 0
github.com/jbrinkman/kiro-krew/internal/agent/manager.go:506.2,515.36 5 0
github.com/jbrinkman/kiro-krew/internal/agent/manager.go:515.36,523.3 7 0
github.com/jbrinkman/kiro-krew/internal/agent/manager.go:525.2,534.31 9 0
github.com/jbrinkman/kiro-krew/internal/agent/manager.go:538.63,542.59 3 0
github.com/jbrinkman/kiro-krew/internal/agent/manager.go:542.59,545.3 2 0
github.com/jbrinkman/kiro-krew/internal/agent/manager.go:545.8,547.3 1 0
github.com/jbrinkman/kiro-krew/internal/agent/manager.go:549.2,549.51 1 0
github.com/jbrinkman/kiro-krew/internal/agent/manager.go:549.51,551.3 1 0
github.com/jbrinkman/kiro-krew/internal/agent/manager.go:553.2,554.58 2 0
github.com/jbrinkman/kiro-krew/internal/agent/manager.go:554.58,556.3 1 0
github.com/jbrinkman/kiro-krew/internal/agent/manager.go:558.2,559.12 2 0
github.com/jbrinkman/kiro-krew/internal/agent/manager.go:563.59,565.45 2 0
github.com/jbrinkman/kiro-krew/internal/agent/manager.go:565.45,566.25 1 0
github.com/jbrinkman/kiro-krew/internal/agent/manager.go:566.25,568.4 1 0
github.com/jbrinkman/kiro-krew/internal/agent/manager.go:569.3,569.74 1 0
github.com/jbrinkman/kiro-krew/internal/agent/manager.go:571.2,572.12 2 0
github.com/jbrinkman/kiro-krew/internal/agent/manager.go:576.56,579.16 2 0
github.com/jbrinkman/kiro-krew/internal/agent/manager.go:579.16,582.3 2 0
github.com/jbrinkman/kiro-krew/internal/agent/manager.go:584.2,584.15 1 0
github.com/jbrinkman/kiro-krew/internal/agent/manager.go:584.15,587.3 2 0
github.com/jbrinkman/kiro-krew/internal/agent/manager.go:589.2,592.60 2 0
github.com/jbrinkman/kiro-krew/internal/agent/manager.go:592.60,594.3 1 0
github.com/jbrinkman/kiro-krew/internal/agent/manager.go:597.2,597.56 1 0
github.com/jbrinkman/kiro-krew/internal/agent/manager.go:597.56,599.3 1 0
github.com/jbrinkman/kiro-krew/internal/agent/output_capture.go:25.51,26.18 1 4
github.com/jbrinkman/kiro-krew/internal/agent/output_capture.go:26.18,28.3 1 0
github.com/jbrinkman/kiro-krew/internal/agent/output_capture.go:29.2,33.3 1 4
github.com/jbrinkman/kiro-krew/internal/agent/output_capture.go:37.47,41.18 3 35
github.com/jbrinkman/kiro-krew/internal/agent/output_capture.go:41.18,43.3 1 3
github.com/jbrinkman/kiro-krew/internal/agent/output_capture.go:45.2,48.27 4 32
github.com/jbrinkman/kiro-krew/internal/agent/output_capture.go:48.27,50.3 1 29
github.com/jbrinkman/kiro-krew/internal/agent/output_capture.go:51.2,51.15 1 32
github.com/jbrinkman/kiro-krew/internal/agent/output_capture.go:55.36,59.2 3 2
github.com/jbrinkman/kiro-krew/internal/agent/output_capture.go:62.35,66.2 3 2
github.com/jbrinkman/kiro-krew/internal/agent/output_capture.go:70.46,72.2 1 4
github.com/jbrinkman/kiro-krew/internal/agent/output_capture.go:75.46,79.19 3 7
github.com/jbrinkman/kiro-krew/internal/agent/output_capture.go:79.19,81.3 1 0
github.com/jbrinkman/kiro-krew/internal/agent/output_capture.go:83.2,84.27 2 7
github.com/jbrinkman/kiro-krew/internal/agent/output_capture.go:84.27,87.3 1 4
github.com/jbrinkman/kiro-krew/internal/agent/output_capture.go:87.8,91.3 2 3
github.com/jbrinkman/kiro-krew/internal/agent/output_capture.go:92.2,92.15 1 7
github.com/jbrinkman/kiro-krew/internal/agent/output_capture.go:105.95,112.2 1 1
github.com/jbrinkman/kiro-krew/internal/agent/output_capture.go:115.55,119.22 3 20
github.com/jbrinkman/kiro-krew/internal/agent/output_capture.go:119.22,121.17 2 0
github.com/jbrinkman/kiro-krew/internal/agent/output_capture.go:121.17,123.4 1 0
github.com/jbrinkman/kiro-krew/internal/agent/output_capture.go:126.2,126.58 1 20
github.com/jbrinkman/kiro-krew/internal/agent/output_capture.go:126.58,127.22 1 40
github.com/jbrinkman/kiro-krew/internal/agent/output_capture.go:127.22,128.12 1 20
github.com/jbrinkman/kiro-krew/internal/agent/output_capture.go:131.3,132.44 2 20
github.com/jbrinkman/kiro-krew/internal/agent/output_capture.go:132.44,136.4 3 20
github.com/jbrinkman/kiro-krew/internal/agent/output_capture.go:139.2,139.20 1 20
github.com/jbrinkman/kiro-krew/internal/watcher/dependencies.go:39.71,41.2 1 10
github.com/jbrinkman/kiro-krew/internal/watcher/dependencies.go:44.68,49.86 3 10
github.com/jbrinkman/kiro-krew/internal/watcher/dependencies.go:49.86,51.33 2 30
github.com/jbrinkman/kiro-krew/internal/watcher/dependencies.go:51.33,52.40 1 8
github.com/jbrinkman/kiro-krew/internal/watcher/dependencies.go:52.40,53.69 1 8
github.com/jbrinkman/kiro-krew/internal/watcher/dependencies.go:53.69,56.6 2 8
github.com/jbrinkman/kiro-krew/internal/watcher/dependencies.go:62.2,63.35 2 10
github.com/jbrinkman/kiro-krew/internal/watcher/dependencies.go:63.35,64.21 1 6
github.com/jbrinkman/kiro-krew/internal/watcher/dependencies.go:64.21,66.29 2 6
github.com/jbrinkman/kiro-krew/internal/watcher/dependencies.go:66.29,69.64 3 11
github.com/jbrinkman/kiro-krew/internal/watcher/dependencies.go:69.64,72.6 2 8
github.com/jbrinkman/kiro-krew/internal/watcher/dependencies.go:77.2,77.15 1 10
github.com/jbrinkman/kiro-krew/internal/watcher/dependencies.go:81.42,86.2 1 2
github.com/jbrinkman/kiro-krew/internal/watcher/dependencies.go:89.61,94.13 4 5
github.com/jbrinkman/kiro-krew/internal/watcher/dependencies.go:94.13,96.3 1 1
github.com/jbrinkman/kiro-krew/internal/watcher/dependencies.go:98.2,98.50 1 4
github.com/jbrinkman/kiro-krew/internal/watcher/dependencies.go:102.58,107.13 4 5
github.com/jbrinkman/kiro-krew/internal/watcher/dependencies.go:107.13,113.3 2 1
github.com/jbrinkman/kiro-krew/internal/watcher/dependencies.go:115.2,119.16 3 5
github.com/jbrinkman/kiro-krew/internal/watcher/dependencies.go:119.16,121.3 1 1
github.com/jbrinkman/kiro-krew/internal/watcher/dependencies.go:123.2,123.50 1 5
github.com/jbrinkman/kiro-krew/internal/watcher/dependencies.go:127.68,132.13 4 5
github.com/jbrinkman/kiro-krew/internal/watcher/dependencies.go:132.13,134.3 1 0
github.com/jbrinkman/kiro-krew/internal/watcher/dependencies.go:136.2,137.19 2 5
github.com/jbrinkman/kiro-krew/internal/watcher/dependencies.go:137.19,139.3 1 0
github.com/jbrinkman/kiro-krew/internal/watcher/dependencies.go:141.2,141.18 1 5
github.com/jbrinkman/kiro-krew/internal/watcher/dependencies.go:145.44,150.2 3 32
github.com/jbrinkman/kiro-krew/internal/watcher/dependencies.go:165.52,169.2 1 0
github.com/jbrinkman/kiro-krew/internal/watcher/dependencies.go:173.121,176.27 2 0
github.com/jbrinkman/kiro-krew/internal/watcher/dependencies.go:176.27,178.3 1 0
github.com/jbrinkman/kiro-krew/internal/watcher/dependencies.go:180.2,180.28 1 0
github.com/jbrinkman/kiro-krew/internal/watcher/dependencies.go:180.28,182.3 1 0
github.com/jbrinkman/kiro-krew/internal/watcher/dependencies.go:185.2,190.35 4 0
github.com/jbrinkman/kiro-krew/internal/watcher/dependencies.go:190.35,192.17 2 0
github.com/jbrinkman/kiro-krew/internal/watcher/dependencies.go:192.17,195.12 3 0
github.com/jbrinkman/kiro-krew/internal/watcher/dependencies.go:198.3,198.53 1 0
github.com/jbrinkman/kiro-krew/internal/watcher/dependencies.go:198.53,201.4 2 0
github.com/jbrinkman/kiro-krew/internal/watcher/dependencies.go:204.2,208.8 1 0
github.com/jbrinkman/kiro-krew/internal/watcher/dependencies.go:213.134,214.26 1 0
github.com/jbrinkman/kiro-krew/internal/watcher/dependencies.go:214.26,216.3 1 0
github.com/jbrinkman/kiro-krew/internal/watcher/dependencies.go:218.2,221.35 3 0
github.com/jbrinkman/kiro-krew/internal/watcher/dependencies.go:221.35,224.17 2 0
github.com/jbrinkman/kiro-krew/internal/watcher/dependencies.go:224.17,225.12 1 0
github.com/jbrinkman/kiro-krew/internal/watcher/dependencies.go:227.3,227.103 1 0
github.com/jbrinkman/kiro-krew/internal/watcher/dependencies.go:227.103,229.4 1 0
github.com/jbrinkman/kiro-krew/internal/watcher/dependencies.go:232.2,233.12 2 0
github.com/jbrinkman/kiro-krew/internal/watcher/watcher.go:30.59,38.2 1 0
github.com/jbrinkman/kiro-krew/internal/watcher/watcher.go:40.27,41.15 1 0
github.com/jbrinkman/kiro-krew/internal/watcher/watcher.go:41.15,43.3 1 0
github.com/jbrinkman/kiro-krew/internal/watcher/watcher.go:44.2,48.17 5 0
github.com/jbrinkman/kiro-krew/internal/watcher/watcher.go:51.26,52.16 1 0
github.com/jbrinkman/kiro-krew/internal/watcher/watcher.go:52.16,54.3 1 0
github.com/jbrinkman/kiro-krew/internal/watcher/watcher.go:55.2,57.33 3 0
github.com/jbrinkman/kiro-krew/internal/watcher/watcher.go:60.30,67.6 4 0
github.com/jbrinkman/kiro-krew/internal/watcher/watcher.go:67.6,68.10 1 0
github.com/jbrinkman/kiro-krew/internal/watcher/watcher.go:69.17,70.10 1 0
github.com/jbrinkman/kiro-krew/internal/watcher/watcher.go:71.19,72.19 1 0
github.com/jbrinkman/kiro-krew/internal/watcher/watcher.go:77.33,83.16 4 0
github.com/jbrinkman/kiro-krew/internal/watcher/watcher.go:83.16,86.3 2 0
github.com/jbrinkman/kiro-krew/internal/watcher/watcher.go:88.2,88.31 1 0
github.com/jbrinkman/kiro-krew/internal/watcher/watcher.go:88.31,93.14 4 0
github.com/jbrinkman/kiro-krew/internal/watcher/watcher.go:93.14,94.12 1 0
github.com/jbrinkman/kiro-krew/internal/watcher/watcher.go:97.3,97.40 1 0
github.com/jbrinkman/kiro-krew/internal/watcher/watcher.go:97.40,99.12 2 0
github.com/jbrinkman/kiro-krew/internal/watcher/watcher.go:102.3,102.47 1 0
github.com/jbrinkman/kiro-krew/internal/watcher/watcher.go:102.47,104.12 2 0
github.com/jbrinkman/kiro-krew/internal/watcher/watcher.go:108.3,108.50 1 0
github.com/jbrinkman/kiro-krew/internal/watcher/watcher.go:108.50,111.12 3 0
github.com/jbrinkman/kiro-krew/internal/watcher/watcher.go:114.3,115.17 2 0
github.com/jbrinkman/kiro-krew/internal/watcher/watcher.go:115.17,118.12 3 0
github.com/jbrinkman/kiro-krew/internal/watcher/watcher.go:122.3,122.53 1 0
github.com/jbrinkman/kiro-krew/internal/watcher/watcher.go:122.53,124.4 1 0
github.com/jbrinkman/kiro-krew/internal/watcher/watcher.go:127.3,127.32 1 0
github.com/jbrinkman/kiro-krew/internal/watcher/watcher.go:127.32,130.12 3 0
github.com/jbrinkman/kiro-krew/internal/watcher/watcher.go:133.3,140.73 7 0
github.com/jbrinkman/kiro-krew/internal/watcher/watcher.go:140.73,142.4 1 0
github.com/jbrinkman/kiro-krew/internal/watcher/watcher.go:146.46,149.16 3 0
github.com/jbrinkman/kiro-krew/internal/watcher/watcher.go:149.16,151.3 1 0
github.com/jbrinkman/kiro-krew/internal/watcher/watcher.go:153.2,153.32 1 0
github.com/jbrinkman/kiro-krew/internal/watcher/watcher.go:153.32,154.21 1 0
github.com/jbrinkman/kiro-krew/internal/watcher/watcher.go:154.21,155.12 1 0
github.com/jbrinkman/kiro-krew/internal/watcher/watcher.go:158.3,159.41 2 0
github.com/jbrinkman/kiro-krew/internal/watcher/watcher.go:159.41,160.12 1 0
github.com/jbrinkman/kiro-krew/internal/watcher/watcher.go:163.3,164.21 2 0
github.com/jbrinkman/kiro-krew/internal/watcher/watcher.go:164.21,165.12 1 0
github.com/jbrinkman/kiro-krew/internal/watcher/watcher.go:168.3,170.17 3 0
github.com/jbrinkman/kiro-krew/internal/watcher/watcher.go:170.17,171.12 1 0
github.com/jbrinkman/kiro-krew/internal/watcher/watcher.go:174.3,174.31 1 0
github.com/jbrinkman/kiro-krew/internal/watcher/watcher.go:174.31,178.4 3 0
github.com/jbrinkman/kiro-krew/internal/watcher/watcher.go:182.59,185.16 3 0
github.com/jbrinkman/kiro-krew/internal/watcher/watcher.go:185.16,187.3 1 0
github.com/jbrinkman/kiro-krew/internal/watcher/watcher.go:189.2,190.32 2 0
github.com/jbrinkman/kiro-krew/internal/watcher/watcher.go:190.32,191.65 1 0
github.com/jbrinkman/kiro-krew/internal/watcher/watcher.go:191.65,192.12 1 0
github.com/jbrinkman/kiro-krew/internal/watcher/watcher.go:196.3,197.21 2 0
github.com/jbrinkman/kiro-krew/internal/watcher/watcher.go:197.21,198.12 1 0
github.com/jbrinkman/kiro-krew/internal/watcher/watcher.go:201.3,203.17 3 0
github.com/jbrinkman/kiro-krew/internal/watcher/watcher.go:203.17,204.12 1 0
github.com/jbrinkman/kiro-krew/internal/watcher/watcher.go:207.3,207.30 1 0
github.com/jbrinkman/kiro-krew/internal/watcher/watcher.go:207.30,209.4 1 0
github.com/jbrinkman/kiro-krew/internal/watcher/watcher.go:211.2,211.14 1 0
github.com/jbrinkman/kiro-krew/internal/watcher/watcher.go:214.50,216.16 2 0
github.com/jbrinkman/kiro-krew/internal/watcher/watcher.go:216.16,218.3 1 0
github.com/jbrinkman/kiro-krew/internal/watcher/watcher.go:219.2,220.19 2 0
github.com/jbrinkman/kiro-krew/internal/watcher/watcher.go:223.66,226.16 3 0
github.com/jbrinkman/kiro-krew/internal/watcher/watcher.go:226.16,228.3 1 0
github.com/jbrinkman/kiro-krew/internal/watcher/watcher.go:230.2,231.16 2 0
github.com/jbrinkman/kiro-krew/internal/watcher/watcher.go:231.16,233.3 1 0
github.com/jbrinkman/kiro-krew/internal/watcher/watcher.go:235.2,235.37 1 0
github.com/jbrinkman/kiro-krew/internal/watcher/watcher.go:238.62,245.53 5 0
github.com/jbrinkman/kiro-krew/internal/watcher/watcher.go:245.53,246.74 1 0
github.com/jbrinkman/kiro-krew/internal/watcher/watcher.go:246.74,248.4 1 0
github.com/jbrinkman/kiro-krew/internal/watcher/watcher.go:251.2,252.67 2 0
github.com/jbrinkman/kiro-krew/internal/watcher/watcher.go:255.61,258.16 3 0
github.com/jbrinkman/kiro-krew/internal/watcher/watcher.go:258.16,260.3 1 0
github.com/jbrinkman/kiro-krew/internal/watcher/watcher.go:262.2,263.16 2 0
github.com/jbrinkman/kiro-krew/internal/watcher/watcher.go:263.16,265.3 1 0
github.com/jbrinkman/kiro-krew/internal/watcher/watcher.go:267.2,267.14 1 0
github.com/jbrinkman/kiro-krew/internal/watcher/watcher.go:270.34,272.2 1 0
github.com/jbrinkman/kiro-krew/internal/tui/agent_tab.go:18.84,23.2 1 6
github.com/jbrinkman/kiro-krew/internal/tui/agent_tab.go:26.33,28.2 1 5
github.com/jbrinkman/kiro-krew/internal/tui/agent_tab.go:31.36,33.2 1 6
github.com/jbrinkman/kiro-krew/internal/tui/agent_tab.go:36.36,37.71 1 2
github.com/jbrinkman/kiro-krew/internal/tui/agent_tab.go:37.71,39.3 1 1
github.com/jbrinkman/kiro-krew/internal/tui/agent_tab.go:41.2,41.30 1 1
github.com/jbrinkman/kiro-krew/internal/tui/agent_tab.go:45.39,47.2 1 2
github.com/jbrinkman/kiro-krew/internal/tui/agent_tab.go:50.35,52.2 1 0
github.com/jbrinkman/kiro-krew/internal/tui/agent_tab.go:55.56,59.2 3 0
github.com/jbrinkman/kiro-krew/internal/tui/agent_tab.go:62.47,64.2 1 0
github.com/jbrinkman/kiro-krew/internal/tui/commands.go:25.35,28.2 2 0
github.com/jbrinkman/kiro-krew/internal/tui/commands.go:30.60,31.33 1 0
github.com/jbrinkman/kiro-krew/internal/tui/commands.go:32.15,33.39 1 0
github.com/jbrinkman/kiro-krew/internal/tui/commands.go:33.39,36.4 2 0
github.com/jbrinkman/kiro-krew/internal/tui/commands.go:38.3,38.50 1 0
github.com/jbrinkman/kiro-krew/internal/tui/commands.go:38.50,40.4 1 0
github.com/jbrinkman/kiro-krew/internal/tui/commands.go:41.3,42.67 2 0
github.com/jbrinkman/kiro-krew/internal/tui/commands.go:43.14,44.40 1 0
github.com/jbrinkman/kiro-krew/internal/tui/commands.go:44.40,47.4 2 0
github.com/jbrinkman/kiro-krew/internal/tui/commands.go:48.3,49.67 2 0
github.com/jbrinkman/kiro-krew/internal/tui/commands.go:50.10,51.73 1 0
github.com/jbrinkman/kiro-krew/internal/tui/commands.go:53.2,53.15 1 0
github.com/jbrinkman/kiro-krew/internal/tui/commands.go:56.48,65.19 6 6
github.com/jbrinkman/kiro-krew/internal/tui/commands.go:65.19,69.3 3 6
github.com/jbrinkman/kiro-krew/internal/tui/commands.go:69.8,71.3 1 0
github.com/jbrinkman/kiro-krew/internal/tui/commands.go:73.2,76.27 3 6
github.com/jbrinkman/kiro-krew/internal/tui/commands.go:76.27,78.26 2 6
github.com/jbrinkman/kiro-krew/internal/tui/commands.go:78.26,80.4 1 6
github.com/jbrinkman/kiro-krew/internal/tui/commands.go:81.3,82.23 2 6
github.com/jbrinkman/kiro-krew/internal/tui/commands.go:82.23,84.4 1 0
github.com/jbrinkman/kiro-krew/internal/tui/commands.go:85.3,85.85 1 6
github.com/jbrinkman/kiro-krew/internal/tui/commands.go:88.2,88.19 1 6
github.com/jbrinkman/kiro-krew/internal/tui/commands.go:88.19,94.3 5 0
github.com/jbrinkman/kiro-krew/internal/tui/commands.go:97.2,99.27 3 6
github.com/jbrinkman/kiro-krew/internal/tui/commands.go:99.27,100.38 1 0
github.com/jbrinkman/kiro-krew/internal/tui/commands.go:100.38,102.4 1 0
github.com/jbrinkman/kiro-krew/internal/tui/commands.go:102.9,104.4 1 0
github.com/jbrinkman/kiro-krew/internal/tui/commands.go:108.2,108.48 1 6
github.com/jbrinkman/kiro-krew/internal/tui/commands.go:108.48,110.3 1 0
github.com/jbrinkman/kiro-krew/internal/tui/commands.go:113.2,115.28 2 6
github.com/jbrinkman/kiro-krew/internal/tui/commands.go:115.28,122.20 5 0
github.com/jbrinkman/kiro-krew/internal/tui/commands.go:122.20,124.4 1 0
github.com/jbrinkman/kiro-krew/internal/tui/commands.go:127.3,127.35 1 0
github.com/jbrinkman/kiro-krew/internal/tui/commands.go:127.35,128.14 1 0
github.com/jbrinkman/kiro-krew/internal/tui/commands.go:128.14,129.10 1 0
github.com/jbrinkman/kiro-krew/internal/tui/commands.go:131.4,134.35 3 0
github.com/jbrinkman/kiro-krew/internal/tui/commands.go:137.3,137.29 1 0
github.com/jbrinkman/kiro-krew/internal/tui/commands.go:137.29,139.4 1 0
github.com/jbrinkman/kiro-krew/internal/tui/commands.go:142.2,142.28 1 6
github.com/jbrinkman/kiro-krew/internal/tui/commands.go:142.28,145.20 3 0
github.com/jbrinkman/kiro-krew/internal/tui/commands.go:145.20,147.4 1 0
github.com/jbrinkman/kiro-krew/internal/tui/commands.go:148.3,148.35 1 0
github.com/jbrinkman/kiro-krew/internal/tui/commands.go:148.35,153.4 3 0
github.com/jbrinkman/kiro-krew/internal/tui/commands.go:156.2,156.22 1 6
github.com/jbrinkman/kiro-krew/internal/tui/commands.go:156.22,158.3 1 6
github.com/jbrinkman/kiro-krew/internal/tui/commands.go:160.2,161.15 2 6
github.com/jbrinkman/kiro-krew/internal/tui/commands.go:164.61,166.16 2 0
github.com/jbrinkman/kiro-krew/internal/tui/commands.go:166.16,169.3 2 0
github.com/jbrinkman/kiro-krew/internal/tui/commands.go:171.2,172.27 2 0
github.com/jbrinkman/kiro-krew/internal/tui/commands.go:172.27,173.32 1 0
github.com/jbrinkman/kiro-krew/internal/tui/commands.go:173.32,174.47 1 0
github.com/jbrinkman/kiro-krew/internal/tui/commands.go:174.47,176.5 1 0
github.com/jbrinkman/kiro-krew/internal/tui/commands.go:176.10,178.5 1 0
github.com/jbrinkman/kiro-krew/internal/tui/commands.go:179.4,179.17 1 0
github.com/jbrinkman/kiro-krew/internal/tui/commands.go:182.2,183.15 2 0
github.com/jbrinkman/kiro-krew/internal/tui/commands.go:186.46,208.2 3 0
github.com/jbrinkman/kiro-krew/internal/tui/commands.go:210.64,216.16 3 0
github.com/jbrinkman/kiro-krew/internal/tui/commands.go:216.16,219.3 2 0
github.com/jbrinkman/kiro-krew/internal/tui/commands.go:222.2,223.37 2 0
github.com/jbrinkman/kiro-krew/internal/tui/commands.go:223.37,225.17 2 0
github.com/jbrinkman/kiro-krew/internal/tui/commands.go:225.17,228.12 2 0
github.com/jbrinkman/kiro-krew/internal/tui/commands.go:230.3,230.37 1 0
github.com/jbrinkman/kiro-krew/internal/tui/commands.go:230.37,232.9 2 0
github.com/jbrinkman/kiro-krew/internal/tui/commands.go:236.2,236.29 1 0
github.com/jbrinkman/kiro-krew/internal/tui/commands.go:236.29,239.3 1 0
github.com/jbrinkman/kiro-krew/internal/tui/commands.go:239.8,242.17 2 0
github.com/jbrinkman/kiro-krew/internal/tui/commands.go:242.17,245.4 2 0
github.com/jbrinkman/kiro-krew/internal/tui/commands.go:246.3,246.111 1 0
github.com/jbrinkman/kiro-krew/internal/tui/commands.go:249.2,250.23 2 0
github.com/jbrinkman/kiro-krew/internal/tui/commands.go:250.23,252.3 1 0
github.com/jbrinkman/kiro-krew/internal/tui/commands.go:253.2,272.52 5 0
github.com/jbrinkman/kiro-krew/internal/tui/commands.go:272.52,274.3 1 0
github.com/jbrinkman/kiro-krew/internal/tui/commands.go:275.2,275.13 1 0
github.com/jbrinkman/kiro-krew/internal/tui/commands.go:287.41,288.14 1 0
github.com/jbrinkman/kiro-krew/internal/tui/commands.go:288.14,290.3 1 0
github.com/jbrinkman/kiro-krew/internal/tui/commands.go:291.2,291.19 1 0
github.com/jbrinkman/kiro-krew/internal/tui/commands.go:291.19,293.3 1 0
github.com/jbrinkman/kiro-krew/internal/tui/commands.go:294.2,294.14 1 0
github.com/jbrinkman/kiro-krew/internal/tui/commands.go:294.14,296.3 1 0
github.com/jbrinkman/kiro-krew/internal/tui/commands.go:297.2,297.26 1 0
github.com/jbrinkman/kiro-krew/internal/tui/commands.go:300.45,302.23 2 0
github.com/jbrinkman/kiro-krew/internal/tui/commands.go:302.23,304.3 1 0
github.com/jbrinkman/kiro-krew/internal/tui/commands.go:307.2,307.29 1 0
github.com/jbrinkman/kiro-krew/internal/tui/commands.go:307.29,309.3 1 0
github.com/jbrinkman/kiro-krew/internal/tui/commands.go:311.2,312.22 2 0
github.com/jbrinkman/kiro-krew/internal/tui/commands.go:312.22,314.3 1 0
github.com/jbrinkman/kiro-krew/internal/tui/commands.go:315.2,315.21 1 0
github.com/jbrinkman/kiro-krew/internal/tui/commands.go:318.47,332.2 4 0
github.com/jbrinkman/kiro-krew/internal/tui/commands.go:334.60,335.20 1 0
github.com/jbrinkman/kiro-krew/internal/tui/commands.go:335.20,338.3 1 0
github.com/jbrinkman/kiro-krew/internal/tui/commands.go:340.2,340.19 1 0
github.com/jbrinkman/kiro-krew/internal/tui/commands.go:340.19,343.3 2 0
github.com/jbrinkman/kiro-krew/internal/tui/commands.go:345.2,349.16 3 0
github.com/jbrinkman/kiro-krew/internal/tui/commands.go:349.16,356.3 3 0
github.com/jbrinkman/kiro-krew/internal/tui/commands.go:358.2,366.40 5 0
github.com/jbrinkman/kiro-krew/internal/tui/commands.go:366.40,371.3 4 0
github.com/jbrinkman/kiro-krew/internal/tui/commands.go:374.2,377.27 3 0
github.com/jbrinkman/kiro-krew/internal/tui/commands.go:380.34,381.24 1 0
github.com/jbrinkman/kiro-krew/internal/tui/commands.go:381.24,384.3 2 0
github.com/jbrinkman/kiro-krew/internal/tui/commands.go:388.45,389.17 1 6
github.com/jbrinkman/kiro-krew/internal/tui/commands.go:390.19,391.24 1 6
github.com/jbrinkman/kiro-krew/internal/tui/commands.go:392.20,393.24 1 0
github.com/jbrinkman/kiro-krew/internal/tui/commands.go:394.10,395.19 1 0
github.com/jbrinkman/kiro-krew/internal/tui/commands.go:400.56,411.16 6 0
github.com/jbrinkman/kiro-krew/internal/tui/commands.go:411.16,414.3 2 0
github.com/jbrinkman/kiro-krew/internal/tui/commands.go:417.2,418.37 2 0
github.com/jbrinkman/kiro-krew/internal/tui/commands.go:418.37,420.17 2 0
github.com/jbrinkman/kiro-krew/internal/tui/commands.go:420.17,421.51 1 0
github.com/jbrinkman/kiro-krew/internal/tui/commands.go:421.51,424.5 2 0
github.com/jbrinkman/kiro-krew/internal/tui/commands.go:425.4,425.12 1 0
github.com/jbrinkman/kiro-krew/internal/tui/commands.go:427.3,427.37 1 0
github.com/jbrinkman/kiro-krew/internal/tui/commands.go:427.37,429.9 2 0
github.com/jbrinkman/kiro-krew/internal/tui/commands.go:433.2,434.29 2 0
github.com/jbrinkman/kiro-krew/internal/tui/commands.go:434.29,437.3 2 0
github.com/jbrinkman/kiro-krew/internal/tui/commands.go:438.2,444.27 5 0
github.com/jbrinkman/kiro-krew/internal/tui/commands.go:448.55,449.36 1 0
github.com/jbrinkman/kiro-krew/internal/tui/commands.go:449.36,451.68 1 0
github.com/jbrinkman/kiro-krew/internal/tui/commands.go:451.68,454.4 1 0
github.com/jbrinkman/kiro-krew/internal/tui/commands.go:454.9,456.4 1 0
github.com/jbrinkman/kiro-krew/internal/tui/commands.go:457.3,457.32 1 0
github.com/jbrinkman/kiro-krew/internal/tui/commands.go:461.2,468.55 5 0
github.com/jbrinkman/kiro-krew/internal/tui/commands.go:472.44,473.27 1 0
github.com/jbrinkman/kiro-krew/internal/tui/commands.go:473.27,477.3 3 0
github.com/jbrinkman/kiro-krew/internal/tui/commands.go:478.2,479.10 2 0
github.com/jbrinkman/kiro-krew/internal/tui/commands.go:482.46,484.16 2 0
github.com/jbrinkman/kiro-krew/internal/tui/commands.go:484.16,487.3 2 0
github.com/jbrinkman/kiro-krew/internal/tui/commands.go:489.2,490.16 2 0
github.com/jbrinkman/kiro-krew/internal/tui/commands.go:490.16,493.3 2 0
github.com/jbrinkman/kiro-krew/internal/tui/commands.go:495.2,496.25 2 0
github.com/jbrinkman/kiro-krew/internal/tui/commands.go:496.25,498.3 1 0
github.com/jbrinkman/kiro-krew/internal/tui/commands.go:498.8,502.38 3 0
github.com/jbrinkman/kiro-krew/internal/tui/commands.go:502.38,506.4 3 0
github.com/jbrinkman/kiro-krew/internal/tui/commands.go:508.3,510.95 3 0
github.com/jbrinkman/kiro-krew/internal/tui/commands.go:513.2,514.15 2 0
github.com/jbrinkman/kiro-krew/internal/tui/main_tab.go:16.28,20.2 1 12
github.com/jbrinkman/kiro-krew/internal/tui/main_tab.go:23.32,25.2 1 6
github.com/jbrinkman/kiro-krew/internal/tui/main_tab.go:28.35,30.2 1 17
github.com/jbrinkman/kiro-krew/internal/tui/main_tab.go:33.35,35.2 1 22
github.com/jbrinkman/kiro-krew/internal/tui/main_tab.go:38.38,40.2 1 23
github.com/jbrinkman/kiro-krew/internal/tui/main_tab.go:43.34,45.2 1 1
github.com/jbrinkman/kiro-krew/internal/tui/main_tab.go:48.55,51.2 1 0
github.com/jbrinkman/kiro-krew/internal/tui/main_tab.go:54.46,57.2 2 1
github.com/jbrinkman/kiro-krew/internal/tui/main_tab.go:60.45,62.2 1 1
github.com/jbrinkman/kiro-krew/internal/tui/output_view.go:26.49,28.2 1 0
github.com/jbrinkman/kiro-krew/internal/tui/output_view.go:31.72,39.2 2 1
github.com/jbrinkman/kiro-krew/internal/tui/output_view.go:42.96,50.2 2 6
github.com/jbrinkman/kiro-krew/internal/tui/output_view.go:53.38,55.2 1 0
github.com/jbrinkman/kiro-krew/internal/tui/output_view.go:58.66,59.27 1 0
github.com/jbrinkman/kiro-krew/internal/tui/output_view.go:60.25,64.22 4 0
github.com/jbrinkman/kiro-krew/internal/tui/output_view.go:65.23,66.23 1 0
github.com/jbrinkman/kiro-krew/internal/tui/output_view.go:67.13,68.27 1 0
github.com/jbrinkman/kiro-krew/internal/tui/output_view.go:69.15,70.29 1 0
github.com/jbrinkman/kiro-krew/internal/tui/output_view.go:71.15,72.28 1 0
github.com/jbrinkman/kiro-krew/internal/tui/output_view.go:73.17,74.30 1 0
github.com/jbrinkman/kiro-krew/internal/tui/output_view.go:75.15,76.25 1 0
github.com/jbrinkman/kiro-krew/internal/tui/output_view.go:77.14,78.28 1 0
github.com/jbrinkman/kiro-krew/internal/tui/output_view.go:82.2,84.16 3 0
github.com/jbrinkman/kiro-krew/internal/tui/output_view.go:88.37,89.37 1 2
github.com/jbrinkman/kiro-krew/internal/tui/output_view.go:89.37,91.3 1 0
github.com/jbrinkman/kiro-krew/internal/tui/output_view.go:93.2,94.23 2 2
github.com/jbrinkman/kiro-krew/internal/tui/output_view.go:94.23,97.3 2 1
github.com/jbrinkman/kiro-krew/internal/tui/output_view.go:98.2,98.27 1 2
github.com/jbrinkman/kiro-krew/internal/tui/output_view.go:102.49,108.2 5 1
github.com/jbrinkman/kiro-krew/internal/tui/output_view.go:111.40,116.22 3 2
github.com/jbrinkman/kiro-krew/internal/tui/output_view.go:116.22,118.36 2 0
github.com/jbrinkman/kiro-krew/internal/tui/output_view.go:118.36,119.34 1 0
github.com/jbrinkman/kiro-krew/internal/tui/output_view.go:119.34,121.10 2 0
github.com/jbrinkman/kiro-krew/internal/tui/output_view.go:124.3,124.26 1 0
github.com/jbrinkman/kiro-krew/internal/tui/output_view.go:127.2,127.22 1 2
github.com/jbrinkman/kiro-krew/internal/tui/output_view.go:127.22,128.30 1 2
github.com/jbrinkman/kiro-krew/internal/tui/output_view.go:128.30,132.4 3 0
github.com/jbrinkman/kiro-krew/internal/tui/output_view.go:135.3,135.23 1 2
github.com/jbrinkman/kiro-krew/internal/tui/output_view.go:135.23,139.4 3 0
github.com/jbrinkman/kiro-krew/internal/tui/output_view.go:141.3,143.9 3 2
github.com/jbrinkman/kiro-krew/internal/tui/output_view.go:146.2,148.35 2 0
github.com/jbrinkman/kiro-krew/internal/tui/output_view.go:148.35,152.27 3 0
github.com/jbrinkman/kiro-krew/internal/tui/output_view.go:153.28,154.35 1 0
github.com/jbrinkman/kiro-krew/internal/tui/output_view.go:155.30,156.36 1 0
github.com/jbrinkman/kiro-krew/internal/tui/output_view.go:157.27,158.33 1 0
github.com/jbrinkman/kiro-krew/internal/tui/output_view.go:161.3,171.38 5 0
github.com/jbrinkman/kiro-krew/internal/tui/output_view.go:171.38,172.44 1 0
github.com/jbrinkman/kiro-krew/internal/tui/output_view.go:172.44,174.5 1 0
github.com/jbrinkman/kiro-krew/internal/tui/output_view.go:176.3,176.28 1 0
github.com/jbrinkman/kiro-krew/internal/tui/output_view.go:176.28,180.4 1 0
github.com/jbrinkman/kiro-krew/internal/tui/output_view.go:183.3,183.36 1 0
github.com/jbrinkman/kiro-krew/internal/tui/output_view.go:183.36,185.40 2 0
github.com/jbrinkman/kiro-krew/internal/tui/output_view.go:185.40,187.5 1 0
github.com/jbrinkman/kiro-krew/internal/tui/output_view.go:191.3,191.22 1 0
github.com/jbrinkman/kiro-krew/internal/tui/output_view.go:191.22,195.4 3 0
github.com/jbrinkman/kiro-krew/internal/tui/output_view.go:198.2,199.33 2 0
github.com/jbrinkman/kiro-krew/internal/tui/output_view.go:205.65,206.16 1 0
github.com/jbrinkman/kiro-krew/internal/tui/output_view.go:206.16,208.3 1 0
github.com/jbrinkman/kiro-krew/internal/tui/output_view.go:210.2,210.24 1 0
github.com/jbrinkman/kiro-krew/internal/tui/output_view.go:210.24,212.3 1 0
github.com/jbrinkman/kiro-krew/internal/tui/output_view.go:214.2,216.21 3 0
github.com/jbrinkman/kiro-krew/internal/tui/output_view.go:216.21,218.3 1 0
github.com/jbrinkman/kiro-krew/internal/tui/output_view.go:220.2,222.33 2 0
github.com/jbrinkman/kiro-krew/internal/tui/output_view.go:222.33,223.44 1 0
github.com/jbrinkman/kiro-krew/internal/tui/output_view.go:223.44,225.4 1 0
github.com/jbrinkman/kiro-krew/internal/tui/output_view.go:225.9,228.4 2 0
github.com/jbrinkman/kiro-krew/internal/tui/output_view.go:231.2,231.23 1 0
github.com/jbrinkman/kiro-krew/internal/tui/output_view.go:231.23,233.3 1 0
github.com/jbrinkman/kiro-krew/internal/tui/output_view.go:235.2,235.14 1 0
github.com/jbrinkman/kiro-krew/internal/tui/styles.go:30.45,69.2 1 8
github.com/jbrinkman/kiro-krew/internal/tui/tab_manager.go:19.34,24.2 1 11
github.com/jbrinkman/kiro-krew/internal/tui/tab_manager.go:27.39,29.35 2 20
github.com/jbrinkman/kiro-krew/internal/tui/tab_manager.go:29.35,31.3 1 0
github.com/jbrinkman/kiro-krew/internal/tui/tab_manager.go:33.2,33.23 1 20
github.com/jbrinkman/kiro-krew/internal/tui/tab_manager.go:33.23,35.3 1 11
github.com/jbrinkman/kiro-krew/internal/tui/tab_manager.go:39.49,40.30 1 3
github.com/jbrinkman/kiro-krew/internal/tui/tab_manager.go:40.30,41.41 1 5
github.com/jbrinkman/kiro-krew/internal/tui/tab_manager.go:41.41,43.56 2 2
github.com/jbrinkman/kiro-krew/internal/tui/tab_manager.go:43.56,45.5 1 1
github.com/jbrinkman/kiro-krew/internal/tui/tab_manager.go:46.4,46.15 1 2
github.com/jbrinkman/kiro-krew/internal/tui/tab_manager.go:49.2,49.14 1 1
github.com/jbrinkman/kiro-krew/internal/tui/tab_manager.go:53.47,54.40 1 6
github.com/jbrinkman/kiro-krew/internal/tui/tab_manager.go:54.40,56.3 1 6
github.com/jbrinkman/kiro-krew/internal/tui/tab_manager.go:60.42,61.55 1 11
github.com/jbrinkman/kiro-krew/internal/tui/tab_manager.go:61.55,63.3 1 1
github.com/jbrinkman/kiro-krew/internal/tui/tab_manager.go:64.2,64.30 1 10
github.com/jbrinkman/kiro-krew/internal/tui/tab_manager.go:68.39,70.2 1 20
github.com/jbrinkman/kiro-krew/internal/tui/tab_manager.go:73.51,74.54 1 0
github.com/jbrinkman/kiro-krew/internal/tui/tab_manager.go:74.54,76.21 2 0
github.com/jbrinkman/kiro-krew/internal/tui/tab_manager.go:76.21,78.4 1 0
github.com/jbrinkman/kiro-krew/internal/tui/tab_manager.go:79.3,79.13 1 0
github.com/jbrinkman/kiro-krew/internal/tui/tab_manager.go:81.2,81.12 1 0
github.com/jbrinkman/kiro-krew/internal/tui/tab_manager.go:85.49,88.30 3 0
github.com/jbrinkman/kiro-krew/internal/tui/tab_manager.go:88.30,90.3 1 0
github.com/jbrinkman/kiro-krew/internal/tui/tab_manager.go:94.50,95.54 1 0
github.com/jbrinkman/kiro-krew/internal/tui/tab_manager.go:95.54,97.3 1 0
github.com/jbrinkman/kiro-krew/internal/tui/tab_manager.go:98.2,98.11 1 0
github.com/jbrinkman/kiro-krew/internal/tui/tab_manager.go:102.33,103.22 1 1
github.com/jbrinkman/kiro-krew/internal/tui/tab_manager.go:103.22,105.3 1 1
github.com/jbrinkman/kiro-krew/internal/tui/tab_manager.go:109.37,110.22 1 2
github.com/jbrinkman/kiro-krew/internal/tui/tab_manager.go:110.22,112.3 1 2
github.com/jbrinkman/kiro-krew/internal/tui/tab_manager.go:116.60,117.30 1 7
github.com/jbrinkman/kiro-krew/internal/tui/tab_manager.go:117.30,118.65 1 13
github.com/jbrinkman/kiro-krew/internal/tui/tab_manager.go:118.65,120.4 1 4
github.com/jbrinkman/kiro-krew/internal/tui/tab_manager.go:122.2,122.11 1 3
github.com/jbrinkman/kiro-krew/internal/tui/tab_manager.go:126.48,127.72 1 3
github.com/jbrinkman/kiro-krew/internal/tui/tab_manager.go:127.72,129.3 1 0
github.com/jbrinkman/kiro-krew/internal/tui/tab_manager.go:131.2,134.54 2 3
github.com/jbrinkman/kiro-krew/internal/tui/tab_manager.go:134.54,136.3 1 3
github.com/jbrinkman/kiro-krew/internal/tui/tab_manager.go:136.8,136.33 1 0
github.com/jbrinkman/kiro-krew/internal/tui/tab_manager.go:136.33,138.3 1 0
github.com/jbrinkman/kiro-krew/internal/tui/tab_manager.go:140.2,140.13 1 3
github.com/jbrinkman/kiro-krew/internal/tui/tab_manager.go:144.55,145.30 1 1
github.com/jbrinkman/kiro-krew/internal/tui/tab_manager.go:145.30,146.24 1 2
github.com/jbrinkman/kiro-krew/internal/tui/tab_manager.go:146.24,148.4 1 1
github.com/jbrinkman/kiro-krew/internal/tui/tab_manager.go:150.2,150.14 1 0
github.com/jbrinkman/kiro-krew/internal/tui/tab_manager.go:154.47,156.2 1 10
github.com/jbrinkman/kiro-krew/internal/tui/tab_manager.go:159.46,161.2 1 0
github.com/jbrinkman/kiro-krew/internal/tui/tab_manager.go:164.36,165.22 1 3
github.com/jbrinkman/kiro-krew/internal/tui/tab_manager.go:165.22,167.3 1 2
github.com/jbrinkman/kiro-krew/internal/tui/tab_manager.go:170.2,170.23 1 1
github.com/jbrinkman/kiro-krew/internal/tui/tab_manager.go:170.23,171.31 1 1
github.com/jbrinkman/kiro-krew/internal/tui/tab_manager.go:171.31,172.34 1 2
github.com/jbrinkman/kiro-krew/internal/tui/tab_manager.go:172.34,175.5 2 1
github.com/jbrinkman/kiro-krew/internal/tui/tab_manager.go:177.8,180.3 1 0
github.com/jbrinkman/kiro-krew/internal/tui/tab_manager.go:191.74,192.23 1 5
github.com/jbrinkman/kiro-krew/internal/tui/tab_manager.go:192.23,194.3 1 1
github.com/jbrinkman/kiro-krew/internal/tui/tab_manager.go:196.2,200.30 4 4
github.com/jbrinkman/kiro-krew/internal/tui/tab_manager.go:200.30,204.22 2 8
github.com/jbrinkman/kiro-krew/internal/tui/tab_manager.go:204.22,206.4 1 1
github.com/jbrinkman/kiro-krew/internal/tui/tab_manager.go:209.3,210.23 2 8
github.com/jbrinkman/kiro-krew/internal/tui/tab_manager.go:210.23,212.4 1 4
github.com/jbrinkman/kiro-krew/internal/tui/tab_manager.go:215.3,216.26 2 8
github.com/jbrinkman/kiro-krew/internal/tui/tab_manager.go:216.26,218.4 1 4
github.com/jbrinkman/kiro-krew/internal/tui/tab_manager.go:219.3,219.44 1 8
github.com/jbrinkman/kiro-krew/internal/tui/tab_manager.go:219.44,220.9 1 1
github.com/jbrinkman/kiro-krew/internal/tui/tab_manager.go:224.3,225.24 2 7
github.com/jbrinkman/kiro-krew/internal/tui/tab_manager.go:225.24,227.4 1 4
github.com/jbrinkman/kiro-krew/internal/tui/tab_manager.go:227.9,229.4 1 3
github.com/jbrinkman/kiro-krew/internal/tui/tab_manager.go:231.3,231.23 1 7
github.com/jbrinkman/kiro-krew/internal/tui/tab_manager.go:231.23,233.4 1 3
github.com/jbrinkman/kiro-krew/internal/tui/tab_manager.go:235.3,236.22 2 7
github.com/jbrinkman/kiro-krew/internal/tui/tab_manager.go:239.2,239.65 1 4
github.com/jbrinkman/kiro-krew/internal/tui/tab_manager.go:243.107,246.24 2 2
github.com/jbrinkman/kiro-krew/internal/tui/tab_manager.go:246.24,249.3 2 1
github.com/jbrinkman/kiro-krew/internal/tui/tab_manager.go:252.2,256.13 4 1
github.com/jbrinkman/kiro-krew/internal/tui/tab_manager.go:261.56,262.23 1 3
github.com/jbrinkman/kiro-krew/internal/tui/tab_manager.go:262.23,264.3 1 0
github.com/jbrinkman/kiro-krew/internal/tui/tab_manager.go:266.2,269.30 3 3
github.com/jbrinkman/kiro-krew/internal/tui/tab_manager.go:269.30,271.22 2 5
github.com/jbrinkman/kiro-krew/internal/tui/tab_manager.go:271.22,273.4 1 0
github.com/jbrinkman/kiro-krew/internal/tui/tab_manager.go:276.3,279.23 3 5
github.com/jbrinkman/kiro-krew/internal/tui/tab_manager.go:279.23,281.4 1 2
github.com/jbrinkman/kiro-krew/internal/tui/tab_manager.go:284.3,284.45 1 5
github.com/jbrinkman/kiro-krew/internal/tui/tab_manager.go:284.45,285.49 1 3
github.com/jbrinkman/kiro-krew/internal/tui/tab_manager.go:285.49,287.5 1 1
github.com/jbrinkman/kiro-krew/internal/tui/tab_manager.go:287.10,289.5 1 2
github.com/jbrinkman/kiro-krew/internal/tui/tab_manager.go:290.4,290.15 1 3
github.com/jbrinkman/kiro-krew/internal/tui/tab_manager.go:293.3,293.40 1 2
github.com/jbrinkman/kiro-krew/internal/tui/tab_manager.go:296.2,296.14 1 0
github.com/jbrinkman/kiro-krew/internal/tui/tui.go:94.117,131.2 11 3
github.com/jbrinkman/kiro-krew/internal/tui/tui.go:133.31,135.2 1 0
github.com/jbrinkman/kiro-krew/internal/tui/tui.go:137.34,138.64 1 0
github.com/jbrinkman/kiro-krew/internal/tui/tui.go:138.64,140.3 1 0
github.com/jbrinkman/kiro-krew/internal/tui/tui.go:144.54,146.73 2 0
github.com/jbrinkman/kiro-krew/internal/tui/tui.go:146.73,148.3 1 0
github.com/jbrinkman/kiro-krew/internal/tui/tui.go:150.2,152.47 3 0
github.com/jbrinkman/kiro-krew/internal/tui/tui.go:152.47,154.3 1 0
github.com/jbrinkman/kiro-krew/internal/tui/tui.go:155.2,155.10 1 0
github.com/jbrinkman/kiro-krew/internal/tui/tui.go:158.57,159.27 1 0
github.com/jbrinkman/kiro-krew/internal/tui/tui.go:160.25,165.25 4 0
github.com/jbrinkman/kiro-krew/internal/tui/tui.go:165.25,167.4 1 0
github.com/jbrinkman/kiro-krew/internal/tui/tui.go:168.3,173.37 4 0
github.com/jbrinkman/kiro-krew/internal/tui/tui.go:173.37,176.27 3 0
github.com/jbrinkman/kiro-krew/internal/tui/tui.go:176.27,178.5 1 0
github.com/jbrinkman/kiro-krew/internal/tui/tui.go:179.4,179.28 1 0
github.com/jbrinkman/kiro-krew/internal/tui/tui.go:179.28,181.5 1 0
github.com/jbrinkman/kiro-krew/internal/tui/tui.go:183.3,183.16 1 0
github.com/jbrinkman/kiro-krew/internal/tui/tui.go:185.19,189.21 2 0
github.com/jbrinkman/kiro-krew/internal/tui/tui.go:189.21,191.4 1 0
github.com/jbrinkman/kiro-krew/internal/tui/tui.go:191.9,193.4 1 0
github.com/jbrinkman/kiro-krew/internal/tui/tui.go:196.3,196.37 1 0
github.com/jbrinkman/kiro-krew/internal/tui/tui.go:196.37,198.4 1 0
github.com/jbrinkman/kiro-krew/internal/tui/tui.go:200.3,202.56 3 0
github.com/jbrinkman/kiro-krew/internal/tui/tui.go:204.22,206.21 2 0
github.com/jbrinkman/kiro-krew/internal/tui/tui.go:206.21,211.4 1 0
github.com/jbrinkman/kiro-krew/internal/tui/tui.go:211.9,214.24 3 0
github.com/jbrinkman/kiro-krew/internal/tui/tui.go:214.24,216.5 1 0
github.com/jbrinkman/kiro-krew/internal/tui/tui.go:216.10,218.41 1 0
github.com/jbrinkman/kiro-krew/internal/tui/tui.go:218.41,220.6 1 0
github.com/jbrinkman/kiro-krew/internal/tui/tui.go:221.5,221.40 1 0
github.com/jbrinkman/kiro-krew/internal/tui/tui.go:221.40,223.6 1 0
github.com/jbrinkman/kiro-krew/internal/tui/tui.go:224.5,224.60 1 0
github.com/jbrinkman/kiro-krew/internal/tui/tui.go:224.60,229.6 1 0
github.com/jbrinkman/kiro-krew/internal/tui/tui.go:229.11,229.51 1 0
github.com/jbrinkman/kiro-krew/internal/tui/tui.go:229.51,234.6 1 0
github.com/jbrinkman/kiro-krew/internal/tui/tui.go:234.11,236.6 1 0
github.com/jbrinkman/kiro-krew/internal/tui/tui.go:240.3,240.38 1 0
github.com/jbrinkman/kiro-krew/internal/tui/tui.go:240.38,252.4 4 0
github.com/jbrinkman/kiro-krew/internal/tui/tui.go:252.9,255.4 1 0
github.com/jbrinkman/kiro-krew/internal/tui/tui.go:256.3,256.16 1 0
github.com/jbrinkman/kiro-krew/internal/tui/tui.go:258.15,260.24 2 0
github.com/jbrinkman/kiro-krew/internal/tui/tui.go:260.24,263.4 2 0
github.com/jbrinkman/kiro-krew/internal/tui/tui.go:266.3,268.24 2 0
github.com/jbrinkman/kiro-krew/internal/tui/tui.go:270.25,271.40 1 0
github.com/jbrinkman/kiro-krew/internal/tui/tui.go:271.40,273.4 1 0
github.com/jbrinkman/kiro-krew/internal/tui/tui.go:274.3,274.16 1 0
github.com/jbrinkman/kiro-krew/internal/tui/tui.go:276.33,277.39 1 0
github.com/jbrinkman/kiro-krew/internal/tui/tui.go:277.39,279.4 1 0
github.com/jbrinkman/kiro-krew/internal/tui/tui.go:279.9,279.47 1 0
github.com/jbrinkman/kiro-krew/internal/tui/tui.go:279.47,281.4 1 0
github.com/jbrinkman/kiro-krew/internal/tui/tui.go:282.3,282.16 1 0
github.com/jbrinkman/kiro-krew/internal/tui/tui.go:284.29,286.16 2 0
github.com/jbrinkman/kiro-krew/internal/tui/tui.go:288.25,291.92 2 0
github.com/jbrinkman/kiro-krew/internal/tui/tui.go:291.92,293.40 2 0
github.com/jbrinkman/kiro-krew/internal/tui/tui.go:293.40,295.5 1 0
github.com/jbrinkman/kiro-krew/internal/tui/tui.go:295.10,295.49 1 0
github.com/jbrinkman/kiro-krew/internal/tui/tui.go:295.49,297.5 1 0
github.com/jbrinkman/kiro-krew/internal/tui/tui.go:298.4,298.17 1 0
github.com/jbrinkman/kiro-krew/internal/tui/tui.go:301.3,301.50 1 0
github.com/jbrinkman/kiro-krew/internal/tui/tui.go:301.50,303.4 1 0
github.com/jbrinkman/kiro-krew/internal/tui/tui.go:304.3,304.16 1 0
github.com/jbrinkman/kiro-krew/internal/tui/tui.go:306.25,308.37 1 0
github.com/jbrinkman/kiro-krew/internal/tui/tui.go:308.37,311.33 2 0
github.com/jbrinkman/kiro-krew/internal/tui/tui.go:311.33,314.5 2 0
github.com/jbrinkman/kiro-krew/internal/tui/tui.go:317.3,317.50 1 0
github.com/jbrinkman/kiro-krew/internal/tui/tui.go:317.50,319.4 1 0
github.com/jbrinkman/kiro-krew/internal/tui/tui.go:320.3,320.16 1 0
github.com/jbrinkman/kiro-krew/internal/tui/tui.go:322.23,324.62 1 0
github.com/jbrinkman/kiro-krew/internal/tui/tui.go:324.62,326.4 1 0
github.com/jbrinkman/kiro-krew/internal/tui/tui.go:329.3,329.62 1 0
github.com/jbrinkman/kiro-krew/internal/tui/tui.go:329.62,332.4 2 0
github.com/jbrinkman/kiro-krew/internal/tui/tui.go:335.3,335.39 1 0
github.com/jbrinkman/kiro-krew/internal/tui/tui.go:335.39,336.24 1 0
github.com/jbrinkman/kiro-krew/internal/tui/tui.go:337.53,342.85 3 0
github.com/jbrinkman/kiro-krew/internal/tui/tui.go:342.85,349.49 5 0
github.com/jbrinkman/kiro-krew/internal/tui/tui.go:349.49,350.92 1 0
github.com/jbrinkman/kiro-krew/internal/tui/tui.go:350.92,352.13 2 0
github.com/jbrinkman/kiro-krew/internal/tui/tui.go:356.6,356.27 1 0
github.com/jbrinkman/kiro-krew/internal/tui/tui.go:356.27,359.7 2 0
github.com/jbrinkman/kiro-krew/internal/tui/tui.go:359.12,361.7 1 0
github.com/jbrinkman/kiro-krew/internal/tui/tui.go:362.6,362.19 1 0
github.com/jbrinkman/kiro-krew/internal/tui/tui.go:365.5,365.18 1 0
github.com/jbrinkman/kiro-krew/internal/tui/tui.go:370.3,370.37 1 0
github.com/jbrinkman/kiro-krew/internal/tui/tui.go:370.37,372.4 1 0
github.com/jbrinkman/kiro-krew/internal/tui/tui.go:374.3,374.23 1 0
github.com/jbrinkman/kiro-krew/internal/tui/tui.go:374.23,376.17 2 0
github.com/jbrinkman/kiro-krew/internal/tui/tui.go:377.20,381.23 4 0
github.com/jbrinkman/kiro-krew/internal/tui/tui.go:382.12,385.18 3 0
github.com/jbrinkman/kiro-krew/internal/tui/tui.go:389.3,389.23 1 0
github.com/jbrinkman/kiro-krew/internal/tui/tui.go:390.17,391.22 1 0
github.com/jbrinkman/kiro-krew/internal/tui/tui.go:392.13,395.17 2 0
github.com/jbrinkman/kiro-krew/internal/tui/tui.go:396.12,399.17 2 0
github.com/jbrinkman/kiro-krew/internal/tui/tui.go:400.12,403.17 2 0
github.com/jbrinkman/kiro-krew/internal/tui/tui.go:404.17,407.17 2 0
github.com/jbrinkman/kiro-krew/internal/tui/tui.go:408.54,411.59 2 0
github.com/jbrinkman/kiro-krew/internal/tui/tui.go:411.59,412.25 1 0
github.com/jbrinkman/kiro-krew/internal/tui/tui.go:413.15,414.35 1 0
github.com/jbrinkman/kiro-krew/internal/tui/tui.go:415.17,416.37 1 0
github.com/jbrinkman/kiro-krew/internal/tui/tui.go:417.17,418.36 1 0
github.com/jbrinkman/kiro-krew/internal/tui/tui.go:419.19,420.38 1 0
github.com/jbrinkman/kiro-krew/internal/tui/tui.go:421.17,422.33 1 0
github.com/jbrinkman/kiro-krew/internal/tui/tui.go:423.16,424.36 1 0
github.com/jbrinkman/kiro-krew/internal/tui/tui.go:426.5,426.18 1 0
github.com/jbrinkman/kiro-krew/internal/tui/tui.go:429.4,429.51 1 0
github.com/jbrinkman/kiro-krew/internal/tui/tui.go:429.51,431.5 1 0
github.com/jbrinkman/kiro-krew/internal/tui/tui.go:432.4,432.17 1 0
github.com/jbrinkman/kiro-krew/internal/tui/tui.go:433.16,436.59 2 0
github.com/jbrinkman/kiro-krew/internal/tui/tui.go:436.59,438.5 1 0
github.com/jbrinkman/kiro-krew/internal/tui/tui.go:439.4,441.19 3 0
github.com/jbrinkman/kiro-krew/internal/tui/tui.go:441.19,443.5 1 0
github.com/jbrinkman/kiro-krew/internal/tui/tui.go:444.4,444.34 1 0
github.com/jbrinkman/kiro-krew/internal/tui/tui.go:445.11,448.60 2 0
github.com/jbrinkman/kiro-krew/internal/tui/tui.go:448.60,449.52 1 0
github.com/jbrinkman/kiro-krew/internal/tui/tui.go:449.52,451.6 1 0
github.com/jbrinkman/kiro-krew/internal/tui/tui.go:457.2,458.91 2 0
github.com/jbrinkman/kiro-krew/internal/tui/tui.go:458.91,462.3 3 0
github.com/jbrinkman/kiro-krew/internal/tui/tui.go:464.2,464.15 1 0
github.com/jbrinkman/kiro-krew/internal/tui/tui.go:467.91,469.36 1 6
github.com/jbrinkman/kiro-krew/internal/tui/tui.go:469.36,471.3 1 0
github.com/jbrinkman/kiro-krew/internal/tui/tui.go:473.2,478.10 3 6
github.com/jbrinkman/kiro-krew/internal/tui/tui.go:481.37,485.2 3 6
github.com/jbrinkman/kiro-krew/internal/tui/tui.go:487.40,490.24 2 0
github.com/jbrinkman/kiro-krew/internal/tui/tui.go:490.24,492.3 1 0
github.com/jbrinkman/kiro-krew/internal/tui/tui.go:495.2,504.49 5 0
github.com/jbrinkman/kiro-krew/internal/tui/tui.go:504.49,507.3 2 0
github.com/jbrinkman/kiro-krew/internal/tui/tui.go:510.2,511.39 2 0
github.com/jbrinkman/kiro-krew/internal/tui/tui.go:511.39,513.3 1 0
github.com/jbrinkman/kiro-krew/internal/tui/tui.go:514.2,514.21 1 0
github.com/jbrinkman/kiro-krew/internal/tui/tui.go:514.21,516.3 1 0
github.com/jbrinkman/kiro-krew/internal/tui/tui.go:518.2,524.82 4 0
github.com/jbrinkman/kiro-krew/internal/tui/tui.go:527.32,528.16 1 0
github.com/jbrinkman/kiro-krew/internal/tui/tui.go:528.16,530.3 1 0
github.com/jbrinkman/kiro-krew/internal/tui/tui.go:533.2,533.19 1 0
github.com/jbrinkman/kiro-krew/internal/tui/tui.go:533.19,537.3 3 0
github.com/jbrinkman/kiro-krew/internal/tui/tui.go:540.2,547.57 5 0
github.com/jbrinkman/kiro-krew/internal/tui/tui.go:547.57,549.3 1 0
github.com/jbrinkman/kiro-krew/internal/tui/tui.go:549.8,551.3 1 0
github.com/jbrinkman/kiro-krew/internal/tui/tui.go:554.2,557.36 2 0
github.com/jbrinkman/kiro-krew/internal/tui/tui.go:557.36,560.3 2 0
github.com/jbrinkman/kiro-krew/internal/tui/tui.go:562.2,564.10 3 0
github.com/jbrinkman/kiro-krew/internal/tui/tui.go:567.52,569.16 2 0
github.com/jbrinkman/kiro-krew/internal/tui/tui.go:569.16,571.3 1 0
github.com/jbrinkman/kiro-krew/internal/tui/tui.go:573.2,574.26 2 0
github.com/jbrinkman/kiro-krew/internal/tui/tui.go:574.26,576.3 1 0
github.com/jbrinkman/kiro-krew/internal/tui/tui.go:578.2,580.33 3 0
github.com/jbrinkman/kiro-krew/internal/tui/tui.go:580.33,582.3 1 0
github.com/jbrinkman/kiro-krew/internal/tui/tui.go:583.2,586.16 3 0
github.com/jbrinkman/kiro-krew/internal/tui/tui.go:586.16,588.3 1 0
github.com/jbrinkman/kiro-krew/internal/tui/tui.go:589.2,589.42 1 0
github.com/jbrinkman/kiro-krew/internal/tui/tui.go:592.39,598.25 3 0
github.com/jbrinkman/kiro-krew/internal/tui/tui.go:598.25,600.3 1 0
github.com/jbrinkman/kiro-krew/internal/tui/tui.go:601.2,601.26 1 0
github.com/jbrinkman/kiro-krew/internal/tui/tui.go:601.26,603.3 1 0
github.com/jbrinkman/kiro-krew/internal/tui/tui.go:606.2,606.31 1 0
github.com/jbrinkman/kiro-krew/internal/tui/tui.go:606.31,608.3 1 0
github.com/jbrinkman/kiro-krew/internal/tui/tui.go:609.2,609.33 1 0
github.com/jbrinkman/kiro-krew/internal/tui/tui.go:609.33,611.3 1 0
github.com/jbrinkman/kiro-krew/internal/tui/tui.go:614.2,617.23 3 0
github.com/jbrinkman/kiro-krew/internal/tui/tui.go:617.23,619.3 1 0
github.com/jbrinkman/kiro-krew/internal/tui/tui.go:621.2,622.34 2 0
github.com/jbrinkman/kiro-krew/internal/tui/tui.go:622.34,624.3 1 0
github.com/jbrinkman/kiro-krew/internal/tui/tui.go:627.2,627.35 1 0
github.com/jbrinkman/kiro-krew/internal/tui/tui.go:627.35,629.3 1 0
github.com/jbrinkman/kiro-krew/internal/tui/tui.go:632.2,633.25 2 0
github.com/jbrinkman/kiro-krew/internal/tui/tui.go:633.25,635.3 1 0
github.com/jbrinkman/kiro-krew/internal/tui/tui.go:636.2,637.31 2 0
github.com/jbrinkman/kiro-krew/internal/tui/tui.go:637.31,638.45 1 0
github.com/jbrinkman/kiro-krew/internal/tui/tui.go:638.45,640.4 1 0
github.com/jbrinkman/kiro-krew/internal/tui/tui.go:643.2,651.25 3 0
github.com/jbrinkman/kiro-krew/internal/tui/tui.go:654.58,660.33 4 0
github.com/jbrinkman/kiro-krew/internal/tui/tui.go:660.33,661.43 1 0
github.com/jbrinkman/kiro-krew/internal/tui/tui.go:661.43,663.4 1 0
github.com/jbrinkman/kiro-krew/internal/tui/tui.go:666.2,669.18 3 0
github.com/jbrinkman/kiro-krew/internal/tui/tui.go:669.18,671.3 1 0
github.com/jbrinkman/kiro-krew/internal/tui/tui.go:672.2,672.18 1 0
github.com/jbrinkman/kiro-krew/internal/tui/tui.go:672.18,674.3 1 0
github.com/jbrinkman/kiro-krew/internal/tui/tui.go:675.2,675.49 1 0
github.com/jbrinkman/kiro-krew/internal/tui/tui.go:675.49,677.19 2 0
github.com/jbrinkman/kiro-krew/internal/tui/tui.go:677.19,679.4 1 0
github.com/jbrinkman/kiro-krew/internal/tui/tui.go:683.2,687.43 3 0
github.com/jbrinkman/kiro-krew/internal/tui/tui.go:687.43,689.48 2 0
github.com/jbrinkman/kiro-krew/internal/tui/tui.go:689.48,694.32 3 0
github.com/jbrinkman/kiro-krew/internal/tui/tui.go:694.32,696.5 1 0
github.com/jbrinkman/kiro-krew/internal/tui/tui.go:699.4,700.41 2 0
github.com/jbrinkman/kiro-krew/internal/tui/tui.go:700.41,702.28 2 0
github.com/jbrinkman/kiro-krew/internal/tui/tui.go:702.28,704.6 1 0
github.com/jbrinkman/kiro-krew/internal/tui/tui.go:705.5,705.35 1 0
github.com/jbrinkman/kiro-krew/internal/tui/tui.go:708.4,710.34 3 0
github.com/jbrinkman/kiro-krew/internal/tui/tui.go:710.34,712.5 1 0
github.com/jbrinkman/kiro-krew/internal/tui/tui.go:714.4,714.66 1 0
github.com/jbrinkman/kiro-krew/internal/tui/tui.go:718.2,718.35 1 0
github.com/jbrinkman/kiro-krew/internal/tui/tui.go:721.43,724.27 3 0
github.com/jbrinkman/kiro-krew/internal/tui/tui.go:724.27,725.38 1 0
github.com/jbrinkman/kiro-krew/internal/tui/tui.go:725.38,727.4 1 0
github.com/jbrinkman/kiro-krew/internal/tui/tui.go:730.2,730.17 1 0
github.com/jbrinkman/kiro-krew/internal/tui/tui.go:730.17,734.3 3 0
github.com/jbrinkman/kiro-krew/internal/tui/tui.go:736.2,738.20 3 0
github.com/jbrinkman/kiro-krew/internal/tui/tui.go:741.62,745.30 3 0
github.com/jbrinkman/kiro-krew/internal/tui/tui.go:746.15,747.21 1 0
github.com/jbrinkman/kiro-krew/internal/tui/tui.go:747.21,750.4 2 0
github.com/jbrinkman/kiro-krew/internal/tui/tui.go:751.3,751.33 1 0
github.com/jbrinkman/kiro-krew/internal/tui/tui.go:752.16,753.26 1 0
github.com/jbrinkman/kiro-krew/internal/tui/tui.go:754.14,755.21 1 0
github.com/jbrinkman/kiro-krew/internal/tui/tui.go:755.21,758.4 2 0
github.com/jbrinkman/kiro-krew/internal/tui/tui.go:759.3,759.32 1 0
github.com/jbrinkman/kiro-krew/internal/tui/tui.go:760.14,762.21 2 0
github.com/jbrinkman/kiro-krew/internal/tui/tui.go:762.21,764.4 1 0
github.com/jbrinkman/kiro-krew/internal/tui/tui.go:765.3,765.35 1 0
github.com/jbrinkman/kiro-krew/internal/tui/tui.go:766.14,767.21 1 0
github.com/jbrinkman/kiro-krew/internal/tui/tui.go:768.15,769.25 1 0
github.com/jbrinkman/kiro-krew/internal/tui/tui.go:770.14,771.24 1 0
github.com/jbrinkman/kiro-krew/internal/tui/tui.go:772.15,774.21 2 0
github.com/jbrinkman/kiro-krew/internal/tui/tui.go:774.21,776.4 1 0
github.com/jbrinkman/kiro-krew/internal/tui/tui.go:777.3,777.29 1 0
github.com/jbrinkman/kiro-krew/internal/tui/tui.go:778.14,779.24 1 0
github.com/jbrinkman/kiro-krew/internal/tui/tui.go:780.10,782.16 2 0
github.com/jbrinkman/kiro-krew/internal/tui/tui.go:787.40,792.28 3 1
github.com/jbrinkman/kiro-krew/internal/tui/tui.go:792.28,796.28 2 0
github.com/jbrinkman/kiro-krew/internal/tui/tui.go:796.28,800.4 3 0
github.com/jbrinkman/kiro-krew/internal/tui/tui.go:804.2,804.32 1 1
github.com/jbrinkman/kiro-krew/internal/tui/tui.go:804.32,805.25 1 0
github.com/jbrinkman/kiro-krew/internal/tui/tui.go:805.25,807.4 1 0
github.com/jbrinkman/kiro-krew/internal/tui/tui.go:810.2,810.10 1 1
github.com/jbrinkman/kiro-krew/internal/tui/tui.go:813.74,815.56 2 0
github.com/jbrinkman/kiro-krew/internal/tui/tui.go:815.56,817.3 1 0
github.com/jbrinkman/kiro-krew/internal/tui/tui.go:819.2,820.16 2 0
github.com/jbrinkman/kiro-krew/internal/tui/tui.go:820.16,822.3 1 0
github.com/jbrinkman/kiro-krew/internal/tui/tui.go:823.2,829.16 5 0
github.com/jbrinkman/kiro-krew/internal/tui/tui.go:829.16,831.3 1 0
github.com/jbrinkman/kiro-krew/internal/tui/tui.go:832.2,836.16 3 0
github.com/jbrinkman/kiro-krew/internal/tui/tui.go:836.16,838.3 1 0
github.com/jbrinkman/kiro-krew/internal/tui/tui.go:839.2,845.15 4 0
github.com/jbrinkman/kiro-krew/internal/tui/tui.go:845.15,846.60 1 0
github.com/jbrinkman/kiro-krew/internal/tui/tui.go:846.60,848.4 1 0
github.com/jbrinkman/kiro-krew/internal/tui/tui.go:851.2,853.12 3 0
github.com/jbrinkman/kiro-krew/internal/tui/view_state.go:36.36,44.2 1 4
github.com/jbrinkman/kiro-krew/internal/tui/view_state.go:47.47,49.2 1 9
github.com/jbrinkman/kiro-krew/internal/tui/view_state.go:52.37,53.35 1 4
github.com/jbrinkman/kiro-krew/internal/tui/view_state.go:53.35,55.3 1 2
github.com/jbrinkman/kiro-krew/internal/tui/view_state.go:55.8,57.3 1 2
github.com/jbrinkman/kiro-krew/internal/tui/view_state.go:61.47,63.2 1 2
github.com/jbrinkman/kiro-krew/internal/tui/view_state.go:66.52,67.27 1 1
github.com/jbrinkman/kiro-krew/internal/tui/view_state.go:68.25,73.38 3 1
github.com/jbrinkman/kiro-krew/internal/tui/view_state.go:73.38,75.4 1 0
github.com/jbrinkman/kiro-krew/internal/tui/view_state.go:79.2,79.74 1 1
github.com/jbrinkman/kiro-krew/internal/tui/view_state.go:79.74,82.3 2 0
github.com/jbrinkman/kiro-krew/internal/tui/view_state.go:84.2,84.12 1 1
github.com/jbrinkman/kiro-krew/internal/tui/view_state.go:88.79,90.35 2 0
github.com/jbrinkman/kiro-krew/internal/tui/view_state.go:90.35,92.3 1 0
github.com/jbrinkman/kiro-krew/internal/tui/view_state.go:96.63,97.37 1 0
github.com/jbrinkman/kiro-krew/internal/tui/view_state.go:97.37,99.3 1 0
github.com/jbrinkman/kiro-krew/internal/tui/view_state.go:103.66,104.74 1 0
github.com/jbrinkman/kiro-krew/internal/tui/view_state.go:104.74,106.3 1 0
github.com/jbrinkman/kiro-krew/internal/tui/view_state.go:107.2,107.17 1 0
github.com/jbrinkman/kiro-krew/internal/tui/view_state.go:111.55,113.2 1 1
github.com/jbrinkman/kiro-krew/internal/tui/view_state.go:116.47,118.2 1 1
