mode: atomic
github.com/jbrinkman/kiro-krew/internal/agent/manager.go:48.46,54.2 1 6
github.com/jbrinkman/kiro-krew/internal/agent/manager.go:63.62,68.35 4 3
github.com/jbrinkman/kiro-krew/internal/agent/manager.go:68.35,69.18 1 6
github.com/jbrinkman/kiro-krew/internal/agent/manager.go:69.18,71.19 2 6
github.com/jbrinkman/kiro-krew/internal/agent/manager.go:71.19,73.5 1 0
github.com/jbrinkman/kiro-krew/internal/agent/manager.go:74.4,74.15 1 6
github.com/jbrinkman/kiro-krew/internal/agent/manager.go:74.15,76.5 1 0
github.com/jbrinkman/kiro-krew/internal/agent/manager.go:77.4,77.14 1 6
github.com/jbrinkman/kiro-krew/internal/agent/manager.go:79.3,79.13 1 6
github.com/jbrinkman/kiro-krew/internal/agent/manager.go:82.2,82.26 1 3
github.com/jbrinkman/kiro-krew/internal/agent/manager.go:82.26,83.21 1 3
github.com/jbrinkman/kiro-krew/internal/agent/manager.go:83.21,84.46 1 3
github.com/jbrinkman/kiro-krew/internal/agent/manager.go:84.46,86.5 1 0
github.com/jbrinkman/kiro-krew/internal/agent/manager.go:87.4,87.26 1 3
github.com/jbrinkman/kiro-krew/internal/agent/manager.go:90.3,91.34 2 3
github.com/jbrinkman/kiro-krew/internal/agent/manager.go:91.34,93.4 1 60
github.com/jbrinkman/kiro-krew/internal/agent/manager.go:94.3,94.17 1 3
github.com/jbrinkman/kiro-krew/internal/agent/manager.go:94.17,96.4 1 3
github.com/jbrinkman/kiro-krew/internal/agent/manager.go:98.3,98.42 1 3
github.com/jbrinkman/kiro-krew/internal/agent/manager.go:98.42,100.4 1 0
github.com/jbrinkman/kiro-krew/internal/agent/manager.go:101.3,101.30 1 3
github.com/jbrinkman/kiro-krew/internal/agent/manager.go:101.30,103.4 1 3
github.com/jbrinkman/kiro-krew/internal/agent/manager.go:104.3,104.8 1 3
github.com/jbrinkman/kiro-krew/internal/agent/manager.go:107.2,107.21 1 3
github.com/jbrinkman/kiro-krew/internal/agent/manager.go:115.58,116.18 1 9
github.com/jbrinkman/kiro-krew/internal/agent/manager.go:116.18,118.3 1 3
github.com/jbrinkman/kiro-krew/internal/agent/manager.go:119.2,119.26 1 6
github.com/jbrinkman/kiro-krew/internal/agent/manager.go:122.48,126.2 3 12
github.com/jbrinkman/kiro-krew/internal/agent/manager.go:128.67,136.2 3 1
github.com/jbrinkman/kiro-krew/internal/agent/manager.go:138.66,141.2 2 1
github.com/jbrinkman/kiro-krew/internal/agent/manager.go:144.45,145.28 1 7
github.com/jbrinkman/kiro-krew/internal/agent/manager.go:145.28,147.3 1 0
github.com/jbrinkman/kiro-krew/internal/agent/manager.go:148.2,148.35 1 7
github.com/jbrinkman/kiro-krew/internal/agent/manager.go:153.48,154.28 1 3
github.com/jbrinkman/kiro-krew/internal/agent/manager.go:154.28,156.3 1 0
github.com/jbrinkman/kiro-krew/internal/agent/manager.go:157.2,157.58 1 3
github.com/jbrinkman/kiro-krew/internal/agent/manager.go:161.67,162.28 1 5
github.com/jbrinkman/kiro-krew/internal/agent/manager.go:162.28,164.3 1 0
github.com/jbrinkman/kiro-krew/internal/agent/manager.go:165.2,165.80 1 5
github.com/jbrinkman/kiro-krew/internal/agent/manager.go:169.42,173.2 3 6
github.com/jbrinkman/kiro-krew/internal/agent/manager.go:176.41,180.2 3 6
github.com/jbrinkman/kiro-krew/internal/agent/manager.go:182.71,194.16 8 0
github.com/jbrinkman/kiro-krew/internal/agent/manager.go:194.16,197.3 2 0
github.com/jbrinkman/kiro-krew/internal/agent/manager.go:198.2,206.16 7 0
github.com/jbrinkman/kiro-krew/internal/agent/manager.go:206.16,209.3 2 0
github.com/jbrinkman/kiro-krew/internal/agent/manager.go:211.2,220.29 4 0
github.com/jbrinkman/kiro-krew/internal/agent/manager.go:220.29,222.3 1 0
github.com/jbrinkman/kiro-krew/internal/agent/manager.go:223.2,232.36 5 0
github.com/jbrinkman/kiro-krew/internal/agent/manager.go:232.36,236.3 3 0
github.com/jbrinkman/kiro-krew/internal/agent/manager.go:238.2,255.19 6 0
github.com/jbrinkman/kiro-krew/internal/agent/manager.go:259.46,264.2 3 0
github.com/jbrinkman/kiro-krew/internal/agent/manager.go:268.61,272.2 3 0
github.com/jbrinkman/kiro-krew/internal/agent/manager.go:274.35,279.33 4 0
github.com/jbrinkman/kiro-krew/internal/agent/manager.go:279.33,281.3 1 0
github.com/jbrinkman/kiro-krew/internal/agent/manager.go:282.2,282.15 1 0
github.com/jbrinkman/kiro-krew/internal/agent/manager.go:285.41,290.13 4 0
github.com/jbrinkman/kiro-krew/internal/agent/manager.go:290.13,292.3 1 0
github.com/jbrinkman/kiro-krew/internal/agent/manager.go:294.2,295.26 2 0
github.com/jbrinkman/kiro-krew/internal/agent/manager.go:295.26,297.3 1 0
github.com/jbrinkman/kiro-krew/internal/agent/manager.go:298.2,298.12 1 0
github.com/jbrinkman/kiro-krew/internal/agent/manager.go:301.29,304.33 3 0
github.com/jbrinkman/kiro-krew/internal/agent/manager.go:304.33,305.36 1 0
github.com/jbrinkman/kiro-krew/internal/agent/manager.go:305.36,307.4 1 0
github.com/jbrinkman/kiro-krew/internal/agent/manager.go:309.2,311.31 2 0
github.com/jbrinkman/kiro-krew/internal/agent/manager.go:311.31,312.27 1 0
github.com/jbrinkman/kiro-krew/internal/agent/manager.go:312.27,315.4 2 0
github.com/jbrinkman/kiro-krew/internal/agent/manager.go:319.55,320.19 1 0
github.com/jbrinkman/kiro-krew/internal/agent/manager.go:320.19,323.14 3 0
github.com/jbrinkman/kiro-krew/internal/agent/manager.go:323.14,326.4 2 0
github.com/jbrinkman/kiro-krew/internal/agent/manager.go:327.3,334.17 5 0
github.com/jbrinkman/kiro-krew/internal/agent/manager.go:334.17,336.4 1 0
github.com/jbrinkman/kiro-krew/internal/agent/manager.go:337.3,337.15 1 0
github.com/jbrinkman/kiro-krew/internal/agent/manager.go:337.15,340.55 3 0
github.com/jbrinkman/kiro-krew/internal/agent/manager.go:340.55,343.5 2 0
github.com/jbrinkman/kiro-krew/internal/agent/manager.go:344.4,350.81 6 0
github.com/jbrinkman/kiro-krew/internal/agent/manager.go:350.81,352.5 1 0
github.com/jbrinkman/kiro-krew/internal/agent/manager.go:353.9,356.55 3 0
github.com/jbrinkman/kiro-krew/internal/agent/manager.go:356.55,359.5 2 0
github.com/jbrinkman/kiro-krew/internal/agent/manager.go:361.4,364.53 4 0
github.com/jbrinkman/kiro-krew/internal/agent/manager.go:364.53,369.5 4 0
github.com/jbrinkman/kiro-krew/internal/agent/manager.go:369.10,374.5 4 0
github.com/jbrinkman/kiro-krew/internal/agent/manager.go:377.3,377.54 1 0
github.com/jbrinkman/kiro-krew/internal/agent/manager.go:379.8,384.14 4 0
github.com/jbrinkman/kiro-krew/internal/agent/manager.go:384.14,386.4 1 0
github.com/jbrinkman/kiro-krew/internal/agent/manager.go:388.3,391.45 4 0
github.com/jbrinkman/kiro-krew/internal/agent/manager.go:391.45,395.4 3 0
github.com/jbrinkman/kiro-krew/internal/agent/manager.go:395.9,399.4 3 0
github.com/jbrinkman/kiro-krew/internal/agent/manager.go:403.61,407.12 3 0
github.com/jbrinkman/kiro-krew/internal/agent/manager.go:407.12,410.7 3 0
github.com/jbrinkman/kiro-krew/internal/agent/manager.go:410.7,411.11 1 0
github.com/jbrinkman/kiro-krew/internal/agent/manager.go:412.16,413.11 1 0
github.com/jbrinkman/kiro-krew/internal/agent/manager.go:414.20,416.94 2 0
github.com/jbrinkman/kiro-krew/internal/agent/manager.go:421.2,424.26 3 0
github.com/jbrinkman/kiro-krew/internal/agent/manager.go:424.26,426.3 1 0
github.com/jbrinkman/kiro-krew/internal/agent/manager.go:428.2,429.16 2 0
github.com/jbrinkman/kiro-krew/internal/agent/manager.go:429.16,430.49 1 0
github.com/jbrinkman/kiro-krew/internal/agent/manager.go:430.49,432.4 1 0
github.com/jbrinkman/kiro-krew/internal/agent/manager.go:432.9,434.4 1 0
github.com/jbrinkman/kiro-krew/internal/agent/manager.go:437.2,438.19 2 0
github.com/jbrinkman/kiro-krew/internal/agent/manager.go:438.19,440.3 1 0
github.com/jbrinkman/kiro-krew/internal/agent/manager.go:440.8,442.3 1 0
github.com/jbrinkman/kiro-krew/internal/agent/manager.go:444.2,444.34 1 0
github.com/jbrinkman/kiro-krew/internal/agent/manager.go:447.44,456.57 6 0
github.com/jbrinkman/kiro-krew/internal/agent/manager.go:456.57,459.54 3 0
github.com/jbrinkman/kiro-krew/internal/agent/manager.go:459.54,466.4 6 0
github.com/jbrinkman/kiro-krew/internal/agent/manager.go:466.9,468.4 1 0
github.com/jbrinkman/kiro-krew/internal/agent/manager.go:469.8,471.57 1 0
github.com/jbrinkman/kiro-krew/internal/agent/manager.go:471.57,473.4 1 0
github.com/jbrinkman/kiro-krew/internal/agent/manager.go:477.2,479.16 3 0
github.com/jbrinkman/kiro-krew/internal/agent/manager.go:479.16,486.3 6 0
github.com/jbrinkman/kiro-krew/internal/agent/manager.go:488.2,497.29 4 0
github.com/jbrinkman/kiro-krew/internal/agent/manager.go:497.29,499.3 1 0
github.com/jbrinkman/kiro-krew/internal/agent/manager.go:500.2,509.36 5 0
github.com/jbrinkman/kiro-krew/internal/agent/manager.go:509.36,517.3 7 0
github.com/jbrinkman/kiro-krew/internal/agent/manager.go:519.2,528.31 9 0
github.com/jbrinkman/kiro-krew/internal/agent/manager.go:532.63,536.59 3 0
github.com/jbrinkman/kiro-krew/internal/agent/manager.go:536.59,539.3 2 0
github.com/jbrinkman/kiro-krew/internal/agent/manager.go:539.8,541.3 1 0
github.com/jbrinkman/kiro-krew/internal/agent/manager.go:543.2,543.51 1 0
github.com/jbrinkman/kiro-krew/internal/agent/manager.go:543.51,545.3 1 0
github.com/jbrinkman/kiro-krew/internal/agent/manager.go:547.2,548.58 2 0
github.com/jbrinkman/kiro-krew/internal/agent/manager.go:548.58,550.3 1 0
github.com/jbrinkman/kiro-krew/internal/agent/manager.go:552.2,553.12 2 0
github.com/jbrinkman/kiro-krew/internal/agent/manager.go:557.59,559.45 2 0
github.com/jbrinkman/kiro-krew/internal/agent/manager.go:559.45,560.25 1 0
github.com/jbrinkman/kiro-krew/internal/agent/manager.go:560.25,562.4 1 0
github.com/jbrinkman/kiro-krew/internal/agent/manager.go:563.3,563.74 1 0
github.com/jbrinkman/kiro-krew/internal/agent/manager.go:565.2,566.12 2 0
github.com/jbrinkman/kiro-krew/internal/agent/manager.go:570.56,573.16 2 0
github.com/jbrinkman/kiro-krew/internal/agent/manager.go:573.16,576.3 2 0
github.com/jbrinkman/kiro-krew/internal/agent/manager.go:578.2,578.15 1 0
github.com/jbrinkman/kiro-krew/internal/agent/manager.go:578.15,581.3 2 0
github.com/jbrinkman/kiro-krew/internal/agent/manager.go:583.2,586.60 2 0
github.com/jbrinkman/kiro-krew/internal/agent/manager.go:586.60,588.3 1 0
github.com/jbrinkman/kiro-krew/internal/agent/manager.go:591.2,591.56 1 0
github.com/jbrinkman/kiro-krew/internal/agent/manager.go:591.56,593.3 1 0
github.com/jbrinkman/kiro-krew/internal/agent/output_capture.go:27.51,28.18 1 10
github.com/jbrinkman/kiro-krew/internal/agent/output_capture.go:28.18,30.3 1 0
github.com/jbrinkman/kiro-krew/internal/agent/output_capture.go:31.2,35.3 1 10
github.com/jbrinkman/kiro-krew/internal/agent/output_capture.go:39.47,46.27 6 46
github.com/jbrinkman/kiro-krew/internal/agent/output_capture.go:46.27,48.3 1 43
github.com/jbrinkman/kiro-krew/internal/agent/output_capture.go:49.2,49.15 1 46
github.com/jbrinkman/kiro-krew/internal/agent/output_capture.go:54.46,56.2 1 7
github.com/jbrinkman/kiro-krew/internal/agent/output_capture.go:59.46,63.19 3 14
github.com/jbrinkman/kiro-krew/internal/agent/output_capture.go:63.19,65.3 1 0
github.com/jbrinkman/kiro-krew/internal/agent/output_capture.go:67.2,68.27 2 14
github.com/jbrinkman/kiro-krew/internal/agent/output_capture.go:68.27,71.3 1 11
github.com/jbrinkman/kiro-krew/internal/agent/output_capture.go:71.8,75.3 2 3
github.com/jbrinkman/kiro-krew/internal/agent/output_capture.go:76.2,76.15 1 14
github.com/jbrinkman/kiro-krew/internal/agent/output_capture.go:89.95,96.2 1 3
github.com/jbrinkman/kiro-krew/internal/agent/output_capture.go:99.55,103.22 3 26
github.com/jbrinkman/kiro-krew/internal/agent/output_capture.go:103.22,105.17 2 3
github.com/jbrinkman/kiro-krew/internal/agent/output_capture.go:105.17,107.4 1 0
github.com/jbrinkman/kiro-krew/internal/agent/output_capture.go:110.2,110.58 1 26
github.com/jbrinkman/kiro-krew/internal/agent/output_capture.go:110.58,111.22 1 52
github.com/jbrinkman/kiro-krew/internal/agent/output_capture.go:111.22,112.12 1 26
github.com/jbrinkman/kiro-krew/internal/agent/output_capture.go:115.3,116.44 2 26
github.com/jbrinkman/kiro-krew/internal/agent/output_capture.go:116.44,120.4 3 26
github.com/jbrinkman/kiro-krew/internal/agent/output_capture.go:123.2,123.20 1 26
github.com/jbrinkman/kiro-krew/internal/incidents/logger.go:24.51,26.16 2 0
github.com/jbrinkman/kiro-krew/internal/incidents/logger.go:26.16,28.3 1 0
github.com/jbrinkman/kiro-krew/internal/incidents/logger.go:30.2,32.16 3 0
github.com/jbrinkman/kiro-krew/internal/incidents/logger.go:32.16,34.3 1 0
github.com/jbrinkman/kiro-krew/internal/incidents/logger.go:36.2,39.8 1 0
github.com/jbrinkman/kiro-krew/internal/incidents/logger.go:42.81,43.47 1 1
github.com/jbrinkman/kiro-krew/internal/incidents/logger.go:43.47,45.3 1 0
github.com/jbrinkman/kiro-krew/internal/incidents/logger.go:47.2,48.48 2 1
github.com/jbrinkman/kiro-krew/internal/incidents/logger.go:51.67,55.24 3 1
github.com/jbrinkman/kiro-krew/internal/incidents/logger.go:55.24,57.3 1 0
github.com/jbrinkman/kiro-krew/internal/incidents/logger.go:58.2,58.16 1 1
github.com/jbrinkman/kiro-krew/internal/incidents/logger.go:58.16,60.3 1 0
github.com/jbrinkman/kiro-krew/internal/incidents/logger.go:62.2,63.29 2 1
github.com/jbrinkman/kiro-krew/internal/incidents/logger.go:63.29,64.67 1 1
github.com/jbrinkman/kiro-krew/internal/incidents/logger.go:64.67,65.67 1 1
github.com/jbrinkman/kiro-krew/internal/incidents/logger.go:65.67,68.5 2 1
github.com/jbrinkman/kiro-krew/internal/incidents/logger.go:72.2,72.23 1 1
github.com/jbrinkman/kiro-krew/internal/incidents/logger.go:75.72,77.16 2 1
github.com/jbrinkman/kiro-krew/internal/incidents/logger.go:77.16,79.3 1 0
github.com/jbrinkman/kiro-krew/internal/incidents/logger.go:80.2,80.29 1 1
github.com/jbrinkman/kiro-krew/internal/incidents/logger.go:83.45,85.2 1 0
github.com/jbrinkman/kiro-krew/internal/incidents/logger.go:87.67,90.46 2 9
github.com/jbrinkman/kiro-krew/internal/incidents/logger.go:90.46,92.3 1 3
github.com/jbrinkman/kiro-krew/internal/incidents/logger.go:94.2,95.73 2 6
github.com/jbrinkman/kiro-krew/internal/incidents/logger.go:95.73,97.3 1 1
github.com/jbrinkman/kiro-krew/internal/incidents/logger.go:98.2,98.69 1 5
github.com/jbrinkman/kiro-krew/internal/incidents/logger.go:98.69,100.3 1 1
github.com/jbrinkman/kiro-krew/internal/incidents/logger.go:102.2,104.16 3 4
github.com/jbrinkman/kiro-krew/internal/incidents/logger.go:104.16,106.3 1 1
github.com/jbrinkman/kiro-krew/internal/incidents/logger.go:107.2,109.18 2 3
github.com/jbrinkman/kiro-krew/internal/incidents/logger.go:112.36,114.16 2 0
github.com/jbrinkman/kiro-krew/internal/incidents/logger.go:114.16,116.3 1 0
github.com/jbrinkman/kiro-krew/internal/incidents/logger.go:118.2,118.57 1 0
github.com/jbrinkman/kiro-krew/internal/incidents/logger.go:118.57,120.39 2 0
github.com/jbrinkman/kiro-krew/internal/incidents/logger.go:120.39,123.58 3 0
github.com/jbrinkman/kiro-krew/internal/incidents/logger.go:123.58,125.5 1 0
github.com/jbrinkman/kiro-krew/internal/incidents/logger.go:126.4,126.20 1 0
github.com/jbrinkman/kiro-krew/internal/incidents/logger.go:130.2,130.57 1 0
github.com/jbrinkman/kiro-krew/internal/incidents/storage.go:10.53,13.2 2 1
github.com/jbrinkman/kiro-krew/internal/incidents/storage.go:15.71,18.2 2 2
github.com/jbrinkman/kiro-krew/internal/incidents/storage.go:20.77,25.2 3 1
github.com/jbrinkman/kiro-krew/internal/config/config.go:40.51,42.2 1 0
github.com/jbrinkman/kiro-krew/internal/config/config.go:44.30,68.16 3 21
github.com/jbrinkman/kiro-krew/internal/config/config.go:68.16,70.3 1 0
github.com/jbrinkman/kiro-krew/internal/config/config.go:72.2,72.50 1 21
github.com/jbrinkman/kiro-krew/internal/config/config.go:72.50,74.3 1 0
github.com/jbrinkman/kiro-krew/internal/config/config.go:76.2,76.20 1 21
github.com/jbrinkman/kiro-krew/internal/config/config.go:76.20,78.3 1 0
github.com/jbrinkman/kiro-krew/internal/config/config.go:81.2,81.41 1 21
github.com/jbrinkman/kiro-krew/internal/config/config.go:81.41,83.3 1 0
github.com/jbrinkman/kiro-krew/internal/config/config.go:84.2,84.29 1 21
github.com/jbrinkman/kiro-krew/internal/config/config.go:84.29,86.3 1 0
github.com/jbrinkman/kiro-krew/internal/config/config.go:87.2,87.35 1 21
github.com/jbrinkman/kiro-krew/internal/config/config.go:87.35,89.3 1 0
github.com/jbrinkman/kiro-krew/internal/config/config.go:92.2,92.31 1 21
github.com/jbrinkman/kiro-krew/internal/config/config.go:92.31,94.3 1 2
github.com/jbrinkman/kiro-krew/internal/config/config.go:95.2,95.31 1 19
github.com/jbrinkman/kiro-krew/internal/config/config.go:95.31,97.3 1 2
github.com/jbrinkman/kiro-krew/internal/config/config.go:98.2,98.32 1 17
github.com/jbrinkman/kiro-krew/internal/config/config.go:98.32,100.3 1 1
github.com/jbrinkman/kiro-krew/internal/config/config.go:101.2,101.30 1 16
github.com/jbrinkman/kiro-krew/internal/config/config.go:101.30,103.3 1 2
github.com/jbrinkman/kiro-krew/internal/config/config.go:104.2,104.36 1 14
github.com/jbrinkman/kiro-krew/internal/config/config.go:104.36,106.3 1 1
github.com/jbrinkman/kiro-krew/internal/config/config.go:109.2,110.16 2 13
github.com/jbrinkman/kiro-krew/internal/config/config.go:110.16,113.3 2 0
github.com/jbrinkman/kiro-krew/internal/config/config.go:114.2,116.17 2 13
github.com/jbrinkman/kiro-krew/internal/config/config.go:121.31,126.16 3 0
github.com/jbrinkman/kiro-krew/internal/config/config.go:126.16,128.3 1 0
github.com/jbrinkman/kiro-krew/internal/config/config.go:130.2,134.29 3 0
github.com/jbrinkman/kiro-krew/internal/config/config.go:134.29,137.43 3 0
github.com/jbrinkman/kiro-krew/internal/config/config.go:137.43,140.9 3 0
github.com/jbrinkman/kiro-krew/internal/config/config.go:143.3,143.45 1 0
github.com/jbrinkman/kiro-krew/internal/config/config.go:143.45,146.9 3 0
github.com/jbrinkman/kiro-krew/internal/config/config.go:151.2,151.19 1 0
github.com/jbrinkman/kiro-krew/internal/config/config.go:151.19,153.3 1 0
github.com/jbrinkman/kiro-krew/internal/config/config.go:156.2,157.73 2 0
github.com/jbrinkman/kiro-krew/internal/config/config.go:157.73,159.3 1 0
github.com/jbrinkman/kiro-krew/internal/config/config.go:161.2,161.12 1 0
github.com/jbrinkman/kiro-krew/internal/config/themes.go:46.47,47.17 1 51
github.com/jbrinkman/kiro-krew/internal/config/themes.go:47.17,49.3 1 1
github.com/jbrinkman/kiro-krew/internal/config/themes.go:51.2,51.43 1 50
github.com/jbrinkman/kiro-krew/internal/config/themes.go:51.43,53.3 1 2
github.com/jbrinkman/kiro-krew/internal/config/themes.go:56.2,56.52 1 48
github.com/jbrinkman/kiro-krew/internal/config/themes.go:56.52,57.21 1 2
github.com/jbrinkman/kiro-krew/internal/config/themes.go:57.21,59.4 1 0
github.com/jbrinkman/kiro-krew/internal/config/themes.go:61.3,61.32 1 2
github.com/jbrinkman/kiro-krew/internal/config/themes.go:61.32,62.28 1 2
github.com/jbrinkman/kiro-krew/internal/config/themes.go:62.28,64.5 1 6
github.com/jbrinkman/kiro-krew/internal/config/themes.go:65.4,65.18 1 2
github.com/jbrinkman/kiro-krew/internal/config/themes.go:65.18,67.5 1 1
github.com/jbrinkman/kiro-krew/internal/config/themes.go:69.3,69.13 1 1
github.com/jbrinkman/kiro-krew/internal/config/themes.go:73.2,73.36 1 46
github.com/jbrinkman/kiro-krew/internal/config/themes.go:73.36,74.43 1 3
github.com/jbrinkman/kiro-krew/internal/config/themes.go:74.43,76.4 1 1
github.com/jbrinkman/kiro-krew/internal/config/themes.go:79.2,79.12 1 45
github.com/jbrinkman/kiro-krew/internal/config/themes.go:82.40,83.22 1 4
github.com/jbrinkman/kiro-krew/internal/config/themes.go:83.22,85.3 1 1
github.com/jbrinkman/kiro-krew/internal/config/themes.go:88.2,106.40 2 3
github.com/jbrinkman/kiro-krew/internal/config/themes.go:106.40,108.73 1 42
github.com/jbrinkman/kiro-krew/internal/config/themes.go:108.73,109.12 1 0
github.com/jbrinkman/kiro-krew/internal/config/themes.go:111.3,111.53 1 42
github.com/jbrinkman/kiro-krew/internal/config/themes.go:111.53,113.4 1 1
github.com/jbrinkman/kiro-krew/internal/config/themes.go:116.2,116.12 1 2
github.com/jbrinkman/kiro-krew/internal/config/themes.go:119.31,157.2 1 14
github.com/jbrinkman/kiro-krew/internal/config/themes.go:159.45,160.23 1 20
github.com/jbrinkman/kiro-krew/internal/config/themes.go:160.23,162.3 1 13
github.com/jbrinkman/kiro-krew/internal/config/themes.go:163.2,163.46 1 7
github.com/jbrinkman/kiro-krew/internal/config/themes.go:163.46,165.3 1 6
github.com/jbrinkman/kiro-krew/internal/config/themes.go:166.2,168.16 3 1
github.com/jbrinkman/kiro-krew/internal/config/themes.go:168.16,170.3 1 1
github.com/jbrinkman/kiro-krew/internal/config/themes.go:172.2,173.53 2 0
github.com/jbrinkman/kiro-krew/internal/config/themes.go:173.53,175.3 1 0
github.com/jbrinkman/kiro-krew/internal/config/themes.go:177.2,177.46 1 0
github.com/jbrinkman/kiro-krew/internal/config/themes.go:177.46,179.3 1 0
github.com/jbrinkman/kiro-krew/internal/config/themes.go:181.2,181.20 1 0
github.com/jbrinkman/kiro-krew/internal/config/themes.go:184.36,188.16 3 1
github.com/jbrinkman/kiro-krew/internal/config/themes.go:188.16,190.3 1 0
github.com/jbrinkman/kiro-krew/internal/config/themes.go:192.2,192.32 1 1
github.com/jbrinkman/kiro-krew/internal/config/themes.go:192.32,193.65 1 3
github.com/jbrinkman/kiro-krew/internal/config/themes.go:193.65,196.4 2 2
github.com/jbrinkman/kiro-krew/internal/config/themes.go:199.2,200.15 2 1
github.com/jbrinkman/kiro-krew/internal/session/manager.go:27.42,29.2 1 0
github.com/jbrinkman/kiro-krew/internal/session/manager.go:32.42,36.2 1 11
github.com/jbrinkman/kiro-krew/internal/session/manager.go:39.59,43.2 1 0
github.com/jbrinkman/kiro-krew/internal/session/manager.go:46.75,49.16 2 9
github.com/jbrinkman/kiro-krew/internal/session/manager.go:49.16,51.3 1 0
github.com/jbrinkman/kiro-krew/internal/session/manager.go:54.2,58.16 3 9
github.com/jbrinkman/kiro-krew/internal/session/manager.go:58.16,60.3 1 0
github.com/jbrinkman/kiro-krew/internal/session/manager.go:62.2,62.16 1 9
github.com/jbrinkman/kiro-krew/internal/session/manager.go:66.70,71.54 2 19
github.com/jbrinkman/kiro-krew/internal/session/manager.go:71.54,73.3 1 0
github.com/jbrinkman/kiro-krew/internal/session/manager.go:75.2,75.35 1 19
github.com/jbrinkman/kiro-krew/internal/session/manager.go:79.75,80.18 1 0
github.com/jbrinkman/kiro-krew/internal/session/manager.go:80.18,82.3 1 0
github.com/jbrinkman/kiro-krew/internal/session/manager.go:83.2,83.35 1 0
github.com/jbrinkman/kiro-krew/internal/session/manager.go:87.78,90.16 2 21
github.com/jbrinkman/kiro-krew/internal/session/manager.go:90.16,92.3 1 0
github.com/jbrinkman/kiro-krew/internal/session/manager.go:95.2,96.16 2 21
github.com/jbrinkman/kiro-krew/internal/session/manager.go:96.16,98.3 1 0
github.com/jbrinkman/kiro-krew/internal/session/manager.go:101.2,105.16 4 21
github.com/jbrinkman/kiro-krew/internal/session/manager.go:105.16,107.3 1 0
github.com/jbrinkman/kiro-krew/internal/session/manager.go:109.2,110.16 2 21
github.com/jbrinkman/kiro-krew/internal/session/manager.go:110.16,113.3 2 0
github.com/jbrinkman/kiro-krew/internal/session/manager.go:115.2,115.12 1 21
github.com/jbrinkman/kiro-krew/internal/session/manager.go:119.66,123.16 3 25
github.com/jbrinkman/kiro-krew/internal/session/manager.go:123.16,125.3 1 0
github.com/jbrinkman/kiro-krew/internal/session/manager.go:127.2,128.16 2 25
github.com/jbrinkman/kiro-krew/internal/session/manager.go:128.16,130.84 1 2
github.com/jbrinkman/kiro-krew/internal/session/manager.go:130.84,132.4 1 2
github.com/jbrinkman/kiro-krew/internal/session/manager.go:133.3,133.89 1 0
github.com/jbrinkman/kiro-krew/internal/session/manager.go:138.2,140.54 2 23
github.com/jbrinkman/kiro-krew/internal/session/manager.go:140.54,142.3 1 0
github.com/jbrinkman/kiro-krew/internal/session/manager.go:144.2,144.19 1 23
github.com/jbrinkman/kiro-krew/internal/session/manager.go:148.51,151.16 3 2
github.com/jbrinkman/kiro-krew/internal/session/manager.go:151.16,153.3 1 0
github.com/jbrinkman/kiro-krew/internal/session/manager.go:154.2,154.12 1 2
github.com/jbrinkman/kiro-krew/internal/session/manager.go:158.52,160.16 2 7
github.com/jbrinkman/kiro-krew/internal/session/manager.go:160.16,161.25 1 0
github.com/jbrinkman/kiro-krew/internal/session/manager.go:161.25,163.4 1 0
github.com/jbrinkman/kiro-krew/internal/session/manager.go:164.3,164.71 1 0
github.com/jbrinkman/kiro-krew/internal/session/manager.go:167.2,168.32 2 7
github.com/jbrinkman/kiro-krew/internal/session/manager.go:168.32,169.65 1 10
github.com/jbrinkman/kiro-krew/internal/session/manager.go:169.65,172.4 2 10
github.com/jbrinkman/kiro-krew/internal/session/manager.go:175.2,175.22 1 7
github.com/jbrinkman/kiro-krew/internal/session/manager.go:179.63,181.16 2 2
github.com/jbrinkman/kiro-krew/internal/session/manager.go:181.16,183.3 1 0
github.com/jbrinkman/kiro-krew/internal/session/manager.go:185.2,188.30 3 2
github.com/jbrinkman/kiro-krew/internal/session/manager.go:188.30,191.17 3 4
github.com/jbrinkman/kiro-krew/internal/session/manager.go:191.17,192.12 1 0
github.com/jbrinkman/kiro-krew/internal/session/manager.go:195.3,195.36 1 4
github.com/jbrinkman/kiro-krew/internal/session/manager.go:195.36,197.18 2 1
github.com/jbrinkman/kiro-krew/internal/session/manager.go:197.18,199.5 1 0
github.com/jbrinkman/kiro-krew/internal/session/manager.go:203.2,203.21 1 2
github.com/jbrinkman/kiro-krew/internal/session/manager.go:203.21,205.3 1 0
github.com/jbrinkman/kiro-krew/internal/session/manager.go:206.2,206.12 1 2
github.com/jbrinkman/kiro-krew/internal/session/manager.go:210.49,212.51 1 1
github.com/jbrinkman/kiro-krew/internal/session/manager.go:212.51,214.3 1 0
github.com/jbrinkman/kiro-krew/internal/session/manager.go:217.2,218.16 2 1
github.com/jbrinkman/kiro-krew/internal/session/manager.go:218.16,220.3 1 0
github.com/jbrinkman/kiro-krew/internal/session/manager.go:222.2,222.30 1 1
github.com/jbrinkman/kiro-krew/internal/session/manager.go:222.30,223.40 1 2
github.com/jbrinkman/kiro-krew/internal/session/manager.go:223.40,224.51 1 0
github.com/jbrinkman/kiro-krew/internal/session/manager.go:224.51,226.5 1 0
github.com/jbrinkman/kiro-krew/internal/session/manager.go:230.2,230.12 1 1
github.com/jbrinkman/kiro-krew/internal/session/manager.go:234.99,240.101 3 2
github.com/jbrinkman/kiro-krew/internal/session/manager.go:240.101,242.3 1 1
github.com/jbrinkman/kiro-krew/internal/session/manager.go:242.8,242.110 1 1
github.com/jbrinkman/kiro-krew/internal/session/manager.go:242.110,244.3 1 1
github.com/jbrinkman/kiro-krew/internal/session/manager.go:244.8,249.66 2 0
github.com/jbrinkman/kiro-krew/internal/session/manager.go:249.66,251.4 1 0
github.com/jbrinkman/kiro-krew/internal/session/manager.go:254.2,254.23 1 2
github.com/jbrinkman/kiro-krew/internal/session/manager.go:254.23,257.30 2 2
github.com/jbrinkman/kiro-krew/internal/session/manager.go:257.30,267.86 4 1
github.com/jbrinkman/kiro-krew/internal/session/manager.go:267.86,268.46 1 0
github.com/jbrinkman/kiro-krew/internal/session/manager.go:268.46,270.6 1 0
github.com/jbrinkman/kiro-krew/internal/session/manager.go:271.5,271.46 1 0
github.com/jbrinkman/kiro-krew/internal/session/manager.go:271.46,273.6 1 0
github.com/jbrinkman/kiro-krew/internal/session/manager.go:276.4,276.53 1 1
github.com/jbrinkman/kiro-krew/internal/session/manager.go:277.9,279.4 1 1
github.com/jbrinkman/kiro-krew/internal/session/manager.go:282.3,285.80 2 2
github.com/jbrinkman/kiro-krew/internal/session/manager.go:285.80,287.4 1 0
github.com/jbrinkman/kiro-krew/internal/session/manager.go:290.3,294.56 3 2
github.com/jbrinkman/kiro-krew/internal/session/manager.go:294.56,296.4 1 0
github.com/jbrinkman/kiro-krew/internal/session/manager.go:298.3,298.19 1 2
github.com/jbrinkman/kiro-krew/internal/session/manager.go:301.2,301.12 1 0
github.com/jbrinkman/kiro-krew/internal/session/manager.go:305.81,306.18 1 59
github.com/jbrinkman/kiro-krew/internal/session/manager.go:306.18,308.3 1 2
github.com/jbrinkman/kiro-krew/internal/session/manager.go:310.2,310.53 1 57
github.com/jbrinkman/kiro-krew/internal/session/manager.go:310.53,312.3 1 2
github.com/jbrinkman/kiro-krew/internal/session/manager.go:315.2,315.36 1 55
github.com/jbrinkman/kiro-krew/internal/session/manager.go:315.36,316.76 1 10083
github.com/jbrinkman/kiro-krew/internal/session/manager.go:316.76,318.4 1 1
github.com/jbrinkman/kiro-krew/internal/session/manager.go:322.2,322.28 1 54
github.com/jbrinkman/kiro-krew/internal/session/manager.go:322.28,325.32 1 22
github.com/jbrinkman/kiro-krew/internal/session/manager.go:325.32,326.38 1 19
github.com/jbrinkman/kiro-krew/internal/session/manager.go:326.38,328.5 1 0
github.com/jbrinkman/kiro-krew/internal/session/manager.go:330.4,330.38 1 19
github.com/jbrinkman/kiro-krew/internal/session/manager.go:330.38,332.5 1 0
github.com/jbrinkman/kiro-krew/internal/session/manager.go:335.4,336.82 2 19
github.com/jbrinkman/kiro-krew/internal/session/manager.go:336.82,338.5 1 0
github.com/jbrinkman/kiro-krew/internal/session/manager.go:346.2,346.12 1 54
github.com/jbrinkman/kiro-krew/internal/session/manager.go:350.73,351.18 1 42
github.com/jbrinkman/kiro-krew/internal/session/manager.go:351.18,353.3 1 0
github.com/jbrinkman/kiro-krew/internal/session/manager.go:355.2,355.26 1 42
github.com/jbrinkman/kiro-krew/internal/session/manager.go:355.26,358.3 2 0
github.com/jbrinkman/kiro-krew/internal/session/manager.go:361.2,361.31 1 42
github.com/jbrinkman/kiro-krew/internal/session/manager.go:361.31,362.42 1 17062
github.com/jbrinkman/kiro-krew/internal/session/manager.go:362.42,365.4 2 0
github.com/jbrinkman/kiro-krew/internal/session/manager.go:369.2,369.32 1 42
github.com/jbrinkman/kiro-krew/internal/session/manager.go:369.32,372.3 2 1
github.com/jbrinkman/kiro-krew/internal/session/manager.go:375.2,375.28 1 42
github.com/jbrinkman/kiro-krew/internal/session/manager.go:375.28,376.32 1 15
github.com/jbrinkman/kiro-krew/internal/session/manager.go:376.32,389.4 3 4
github.com/jbrinkman/kiro-krew/internal/session/manager.go:389.9,391.38 1 11
github.com/jbrinkman/kiro-krew/internal/session/manager.go:391.38,394.5 2 0
github.com/jbrinkman/kiro-krew/internal/session/manager.go:396.4,396.38 1 11
github.com/jbrinkman/kiro-krew/internal/session/manager.go:396.38,399.5 2 0
github.com/jbrinkman/kiro-krew/internal/session/manager.go:401.4,402.45 2 11
github.com/jbrinkman/kiro-krew/internal/session/manager.go:402.45,405.5 2 0
github.com/jbrinkman/kiro-krew/internal/session/manager.go:407.4,407.48 1 11
github.com/jbrinkman/kiro-krew/internal/session/manager.go:407.48,410.5 2 0
github.com/jbrinkman/kiro-krew/internal/session/manager.go:413.4,414.52 2 11
github.com/jbrinkman/kiro-krew/internal/session/manager.go:414.52,417.5 2 0
github.com/jbrinkman/kiro-krew/internal/session/manager.go:419.4,419.52 1 11
github.com/jbrinkman/kiro-krew/internal/session/manager.go:419.52,422.5 2 0
github.com/jbrinkman/kiro-krew/internal/session/manager.go:424.4,424.53 1 11
github.com/jbrinkman/kiro-krew/internal/session/manager.go:424.53,427.5 2 0
github.com/jbrinkman/kiro-krew/internal/session/manager.go:429.4,429.61 1 11
github.com/jbrinkman/kiro-krew/internal/session/manager.go:429.61,432.5 2 0
github.com/jbrinkman/kiro-krew/internal/session/manager.go:434.4,434.51 1 11
github.com/jbrinkman/kiro-krew/internal/session/manager.go:434.51,437.5 2 0
github.com/jbrinkman/kiro-krew/internal/session/manager.go:439.4,439.62 1 11
github.com/jbrinkman/kiro-krew/internal/session/manager.go:439.62,442.5 2 5
github.com/jbrinkman/kiro-krew/internal/session/manager.go:445.4,446.50 2 11
github.com/jbrinkman/kiro-krew/internal/session/manager.go:446.50,449.5 2 0
github.com/jbrinkman/kiro-krew/internal/session/manager.go:451.4,451.48 1 11
github.com/jbrinkman/kiro-krew/internal/session/manager.go:451.48,454.5 2 0
github.com/jbrinkman/kiro-krew/internal/session/manager.go:460.42,463.16 3 9
github.com/jbrinkman/kiro-krew/internal/session/manager.go:463.16,465.3 1 0
github.com/jbrinkman/kiro-krew/internal/session/manager.go:466.2,466.39 1 9
github.com/jbrinkman/kiro-krew/internal/session/manager.go:470.117,472.2 0 4
github.com/jbrinkman/kiro-krew/internal/session/manager.go:475.71,477.16 2 7
github.com/jbrinkman/kiro-krew/internal/session/manager.go:477.16,479.3 1 0
github.com/jbrinkman/kiro-krew/internal/session/manager.go:481.2,481.61 1 7
github.com/jbrinkman/kiro-krew/internal/session/manager.go:481.61,483.3 1 0
github.com/jbrinkman/kiro-krew/internal/session/manager.go:485.2,485.12 1 7
github.com/jbrinkman/kiro-krew/internal/session/manager.go:491.101,494.16 2 0
github.com/jbrinkman/kiro-krew/internal/session/manager.go:494.16,496.3 1 0
github.com/jbrinkman/kiro-krew/internal/session/manager.go:499.2,502.50 2 0
github.com/jbrinkman/kiro-krew/internal/session/manager.go:502.50,504.3 1 0
github.com/jbrinkman/kiro-krew/internal/session/manager.go:506.2,506.30 1 0
github.com/jbrinkman/kiro-krew/internal/session/manager.go:510.88,512.16 2 0
github.com/jbrinkman/kiro-krew/internal/session/manager.go:512.16,514.3 1 0
github.com/jbrinkman/kiro-krew/internal/session/manager.go:516.2,516.25 1 0
github.com/jbrinkman/kiro-krew/internal/session/manager.go:516.25,518.3 1 0
github.com/jbrinkman/kiro-krew/internal/session/manager.go:520.2,520.19 1 0
github.com/jbrinkman/kiro-krew/internal/session/manager.go:524.99,526.16 2 0
github.com/jbrinkman/kiro-krew/internal/session/manager.go:526.16,528.3 1 0
github.com/jbrinkman/kiro-krew/internal/session/manager.go:530.2,530.37 1 0
github.com/jbrinkman/kiro-krew/internal/session/manager.go:530.37,532.17 2 0
github.com/jbrinkman/kiro-krew/internal/session/manager.go:532.17,533.12 1 0
github.com/jbrinkman/kiro-krew/internal/session/manager.go:536.3,536.54 1 0
github.com/jbrinkman/kiro-krew/internal/session/manager.go:536.54,538.4 1 0
github.com/jbrinkman/kiro-krew/internal/session/manager.go:541.2,541.79 1 0
github.com/jbrinkman/kiro-krew/internal/session/manager.go:545.84,547.16 2 0
github.com/jbrinkman/kiro-krew/internal/session/manager.go:547.16,549.3 1 0
github.com/jbrinkman/kiro-krew/internal/session/manager.go:551.2,552.37 2 0
github.com/jbrinkman/kiro-krew/internal/session/manager.go:552.37,554.17 2 0
github.com/jbrinkman/kiro-krew/internal/session/manager.go:554.17,555.12 1 0
github.com/jbrinkman/kiro-krew/internal/session/manager.go:558.3,558.25 1 0
github.com/jbrinkman/kiro-krew/internal/session/manager.go:558.25,560.4 1 0
github.com/jbrinkman/kiro-krew/internal/session/manager.go:563.2,563.30 1 0
github.com/jbrinkman/kiro-krew/internal/session/manager.go:567.102,569.16 2 0
github.com/jbrinkman/kiro-krew/internal/session/manager.go:569.16,571.3 1 0
github.com/jbrinkman/kiro-krew/internal/session/manager.go:573.2,574.46 2 0
github.com/jbrinkman/kiro-krew/internal/session/manager.go:578.113,580.16 2 0
github.com/jbrinkman/kiro-krew/internal/session/manager.go:580.16,582.3 1 0
github.com/jbrinkman/kiro-krew/internal/session/manager.go:584.2,585.46 2 0
github.com/jbrinkman/kiro-krew/internal/session/manager.go:589.97,591.16 2 0
github.com/jbrinkman/kiro-krew/internal/session/manager.go:591.16,593.3 1 0
github.com/jbrinkman/kiro-krew/internal/session/manager.go:595.2,596.46 2 0
github.com/jbrinkman/kiro-krew/internal/session/manager.go:600.95,602.16 2 0
github.com/jbrinkman/kiro-krew/internal/session/manager.go:602.16,604.3 1 0
github.com/jbrinkman/kiro-krew/internal/session/manager.go:606.2,609.41 3 0
github.com/jbrinkman/kiro-krew/internal/session/manager.go:609.41,613.86 2 0
github.com/jbrinkman/kiro-krew/internal/session/manager.go:613.86,614.54 1 0
github.com/jbrinkman/kiro-krew/internal/session/manager.go:614.54,615.48 1 0
github.com/jbrinkman/kiro-krew/internal/session/manager.go:615.48,617.6 1 0
github.com/jbrinkman/kiro-krew/internal/session/manager.go:622.2,622.21 1 0
github.com/jbrinkman/kiro-krew/internal/session/manager.go:626.95,628.16 2 0
github.com/jbrinkman/kiro-krew/internal/session/manager.go:628.16,630.3 1 0
github.com/jbrinkman/kiro-krew/internal/session/manager.go:633.2,634.37 2 0
github.com/jbrinkman/kiro-krew/internal/session/manager.go:634.37,636.3 1 0
github.com/jbrinkman/kiro-krew/internal/session/manager.go:638.2,639.41 2 0
github.com/jbrinkman/kiro-krew/internal/session/manager.go:639.41,641.24 2 0
github.com/jbrinkman/kiro-krew/internal/session/manager.go:641.24,643.47 1 0
github.com/jbrinkman/kiro-krew/internal/session/manager.go:643.47,645.5 1 0
github.com/jbrinkman/kiro-krew/internal/session/manager.go:649.2,649.21 1 0
github.com/jbrinkman/kiro-krew/internal/session/planner.go:24.51,30.16 4 0
github.com/jbrinkman/kiro-krew/internal/session/planner.go:30.16,33.3 2 0
github.com/jbrinkman/kiro-krew/internal/session/planner.go:35.2,36.16 2 0
github.com/jbrinkman/kiro-krew/internal/session/planner.go:36.16,39.3 2 0
github.com/jbrinkman/kiro-krew/internal/session/planner.go:41.2,42.16 2 0
github.com/jbrinkman/kiro-krew/internal/session/planner.go:42.16,45.3 2 0
github.com/jbrinkman/kiro-krew/internal/session/planner.go:48.2,60.36 3 0
github.com/jbrinkman/kiro-krew/internal/session/planner.go:60.36,63.3 2 0
github.com/jbrinkman/kiro-krew/internal/session/planner.go:65.2,67.21 2 0
github.com/jbrinkman/kiro-krew/internal/session/planner.go:71.60,72.9 1 0
github.com/jbrinkman/kiro-krew/internal/session/planner.go:73.22,74.39 1 0
github.com/jbrinkman/kiro-krew/internal/session/planner.go:75.10,75.10 0 0
github.com/jbrinkman/kiro-krew/internal/session/planner.go:79.2,79.26 1 0
github.com/jbrinkman/kiro-krew/internal/session/planner.go:79.26,81.3 1 0
github.com/jbrinkman/kiro-krew/internal/session/planner.go:83.2,84.16 2 0
github.com/jbrinkman/kiro-krew/internal/session/planner.go:84.16,86.21 1 0
github.com/jbrinkman/kiro-krew/internal/session/planner.go:86.21,88.4 1 0
github.com/jbrinkman/kiro-krew/internal/session/planner.go:89.3,89.62 1 0
github.com/jbrinkman/kiro-krew/internal/session/planner.go:92.2,92.12 1 0
github.com/jbrinkman/kiro-krew/internal/session/planner.go:96.52,98.2 1 0
github.com/jbrinkman/kiro-krew/internal/session/planner.go:101.42,102.26 1 0
github.com/jbrinkman/kiro-krew/internal/session/planner.go:102.26,104.3 1 0
github.com/jbrinkman/kiro-krew/internal/session/planner.go:106.2,106.42 1 0
github.com/jbrinkman/kiro-krew/internal/session/planner.go:110.41,111.26 1 0
github.com/jbrinkman/kiro-krew/internal/session/planner.go:111.26,113.3 1 0
github.com/jbrinkman/kiro-krew/internal/session/planner.go:115.2,115.41 1 0
github.com/jbrinkman/kiro-krew/internal/session/planner.go:119.39,122.26 2 0
github.com/jbrinkman/kiro-krew/internal/session/planner.go:122.26,125.17 2 0
github.com/jbrinkman/kiro-krew/internal/session/planner.go:125.17,128.4 1 0
github.com/jbrinkman/kiro-krew/internal/session/planner.go:132.2,140.12 5 0
github.com/jbrinkman/kiro-krew/internal/session/planner.go:144.43,145.26 1 0
github.com/jbrinkman/kiro-krew/internal/session/planner.go:145.26,147.3 1 0
github.com/jbrinkman/kiro-krew/internal/session/planner.go:149.2,149.9 1 0
github.com/jbrinkman/kiro-krew/internal/session/planner.go:150.22,151.15 1 0
github.com/jbrinkman/kiro-krew/internal/session/planner.go:152.10,153.14 1 0
github.com/jbrinkman/kiro-krew/internal/session/planner.go:158.42,162.57 3 0
github.com/jbrinkman/kiro-krew/internal/session/planner.go:162.57,166.22 3 0
github.com/jbrinkman/kiro-krew/internal/session/planner.go:166.22,168.20 2 0
github.com/jbrinkman/kiro-krew/internal/session/planner.go:168.20,170.5 1 0
github.com/jbrinkman/kiro-krew/internal/session/planner.go:172.4,172.11 1 0
github.com/jbrinkman/kiro-krew/internal/session/planner.go:173.26,173.26 0 0
github.com/jbrinkman/kiro-krew/internal/session/planner.go:174.24,175.11 1 0
github.com/jbrinkman/kiro-krew/internal/session/planner.go:180.2,184.17 4 0
github.com/jbrinkman/kiro-krew/internal/session/planner.go:197.76,199.16 2 0
github.com/jbrinkman/kiro-krew/internal/session/planner.go:199.16,201.3 1 0
github.com/jbrinkman/kiro-krew/internal/session/planner.go:203.2,204.16 2 0
github.com/jbrinkman/kiro-krew/internal/session/planner.go:204.16,206.3 1 0
github.com/jbrinkman/kiro-krew/internal/session/planner.go:208.2,209.16 2 0
github.com/jbrinkman/kiro-krew/internal/session/planner.go:209.16,211.3 1 0
github.com/jbrinkman/kiro-krew/internal/session/planner.go:213.2,223.21 3 0
github.com/jbrinkman/kiro-krew/internal/session/planner.go:227.62,229.21 1 0
github.com/jbrinkman/kiro-krew/internal/session/planner.go:229.21,231.3 1 0
github.com/jbrinkman/kiro-krew/internal/session/planner.go:233.2,234.57 2 0
github.com/jbrinkman/kiro-krew/internal/session/planner.go:234.57,236.3 1 0
github.com/jbrinkman/kiro-krew/internal/session/planner.go:238.2,239.16 2 0
github.com/jbrinkman/kiro-krew/internal/session/planner.go:239.16,244.3 3 0
github.com/jbrinkman/kiro-krew/internal/session/planner.go:246.2,246.12 1 0
github.com/jbrinkman/kiro-krew/internal/session/planner.go:250.44,251.21 1 0
github.com/jbrinkman/kiro-krew/internal/session/planner.go:251.21,253.3 1 0
github.com/jbrinkman/kiro-krew/internal/session/planner.go:255.2,255.57 1 0
github.com/jbrinkman/kiro-krew/internal/session/planner.go:255.57,257.3 1 0
github.com/jbrinkman/kiro-krew/internal/session/planner.go:259.2,260.45 2 0
github.com/jbrinkman/kiro-krew/internal/session/planner.go:260.45,263.3 2 0
github.com/jbrinkman/kiro-krew/internal/session/planner.go:265.2,265.12 1 0
github.com/jbrinkman/kiro-krew/internal/session/planner.go:269.53,270.21 1 0
github.com/jbrinkman/kiro-krew/internal/session/planner.go:270.21,272.3 1 0
github.com/jbrinkman/kiro-krew/internal/session/planner.go:274.2,274.57 1 0
github.com/jbrinkman/kiro-krew/internal/session/planner.go:274.57,276.3 1 0
github.com/jbrinkman/kiro-krew/internal/session/planner.go:278.2,279.45 2 0
github.com/jbrinkman/kiro-krew/internal/session/planner.go:279.45,282.3 2 0
github.com/jbrinkman/kiro-krew/internal/session/planner.go:283.2,283.12 1 0
github.com/jbrinkman/kiro-krew/internal/session/planner.go:287.43,288.19 1 0
github.com/jbrinkman/kiro-krew/internal/session/planner.go:288.19,290.3 1 0
github.com/jbrinkman/kiro-krew/internal/session/planner.go:292.2,292.44 1 0
github.com/jbrinkman/kiro-krew/internal/session/planner.go:292.44,294.3 1 0
github.com/jbrinkman/kiro-krew/internal/session/planner.go:296.2,297.12 2 0
github.com/jbrinkman/kiro-krew/internal/session/planner.go:301.41,302.21 1 0
github.com/jbrinkman/kiro-krew/internal/session/planner.go:302.21,305.3 2 0
github.com/jbrinkman/kiro-krew/internal/session/planner.go:307.2,307.23 1 0
github.com/jbrinkman/kiro-krew/internal/session/planner.go:307.23,308.43 1 0
github.com/jbrinkman/kiro-krew/internal/session/planner.go:308.43,310.4 1 0
github.com/jbrinkman/kiro-krew/internal/session/planner.go:313.2,313.12 1 0
github.com/jbrinkman/kiro-krew/internal/session/planner.go:317.44,320.16 2 0
github.com/jbrinkman/kiro-krew/internal/session/planner.go:320.16,324.3 2 0
github.com/jbrinkman/kiro-krew/internal/session/planner.go:326.2,327.41 2 0
github.com/jbrinkman/kiro-krew/internal/session/planner.go:331.45,332.45 1 0
github.com/jbrinkman/kiro-krew/internal/session/planner.go:332.45,336.3 2 0
github.com/jbrinkman/kiro-krew/internal/session/planner.go:340.46,341.21 1 0
github.com/jbrinkman/kiro-krew/internal/session/planner.go:341.21,343.3 1 0
github.com/jbrinkman/kiro-krew/internal/session/planner.go:344.2,344.23 1 0
github.com/jbrinkman/kiro-krew/internal/session/planner.go:344.23,346.3 1 0
github.com/jbrinkman/kiro-krew/internal/session/planner.go:348.2,348.41 1 0
github.com/jbrinkman/kiro-krew/internal/session/planner.go:352.44,356.42 2 0
github.com/jbrinkman/kiro-krew/internal/session/planner.go:356.42,357.40 1 0
github.com/jbrinkman/kiro-krew/internal/session/planner.go:357.40,359.4 1 0
github.com/jbrinkman/kiro-krew/internal/session/planner.go:363.2,363.23 1 0
github.com/jbrinkman/kiro-krew/internal/session/planner.go:363.23,364.43 1 0
github.com/jbrinkman/kiro-krew/internal/session/planner.go:364.43,366.4 1 0
github.com/jbrinkman/kiro-krew/internal/session/planner.go:370.2,373.26 3 0
github.com/jbrinkman/kiro-krew/internal/session/planner.go:373.26,375.3 1 0
github.com/jbrinkman/kiro-krew/internal/session/planner.go:377.2,377.12 1 0
github.com/jbrinkman/kiro-krew/internal/session/process_unix.go:10.36,12.2 1 0
github.com/jbrinkman/kiro-krew/internal/session/process_unix.go:14.36,16.2 1 0
github.com/jbrinkman/kiro-krew/internal/session/process_unix.go:18.35,20.2 1 0
github.com/jbrinkman/kiro-krew/internal/session/process_unix.go:22.38,24.2 1 0
github.com/jbrinkman/kiro-krew/internal/session/types.go:10.59,19.2 1 16
github.com/jbrinkman/kiro-krew/internal/session/types.go:22.41,27.2 1 16
github.com/jbrinkman/kiro-krew/internal/session/types.go:49.43,50.11 1 10
github.com/jbrinkman/kiro-krew/internal/session/types.go:51.25,52.16 1 10
github.com/jbrinkman/kiro-krew/internal/session/types.go:53.27,54.18 1 0
github.com/jbrinkman/kiro-krew/internal/session/types.go:55.30,56.21 1 0
github.com/jbrinkman/kiro-krew/internal/session/types.go:57.27,58.18 1 0
github.com/jbrinkman/kiro-krew/internal/session/types.go:59.29,60.21 1 0
github.com/jbrinkman/kiro-krew/internal/session/types.go:61.10,62.16 1 0
github.com/jbrinkman/kiro-krew/internal/session/types.go:67.57,69.2 1 10
github.com/jbrinkman/kiro-krew/internal/session/types.go:72.61,74.51 2 14
github.com/jbrinkman/kiro-krew/internal/session/types.go:74.51,77.58 2 0
github.com/jbrinkman/kiro-krew/internal/session/types.go:77.58,79.4 1 0
github.com/jbrinkman/kiro-krew/internal/session/types.go:80.3,81.13 2 0
github.com/jbrinkman/kiro-krew/internal/session/types.go:84.2,84.13 1 14
github.com/jbrinkman/kiro-krew/internal/session/types.go:85.14,86.25 1 14
github.com/jbrinkman/kiro-krew/internal/session/types.go:87.16,88.27 1 0
github.com/jbrinkman/kiro-krew/internal/session/types.go:89.19,90.30 1 0
github.com/jbrinkman/kiro-krew/internal/session/types.go:91.16,92.27 1 0
github.com/jbrinkman/kiro-krew/internal/session/types.go:93.19,94.29 1 0
github.com/jbrinkman/kiro-krew/internal/session/types.go:95.10,96.25 1 0
github.com/jbrinkman/kiro-krew/internal/session/types.go:98.2,98.12 1 14
github.com/jbrinkman/kiro-krew/internal/session/types.go:146.61,151.2 1 12
github.com/jbrinkman/kiro-krew/internal/session/types.go:154.65,169.2 2 1
github.com/jbrinkman/kiro-krew/internal/session/types.go:172.57,180.27 2 12011
github.com/jbrinkman/kiro-krew/internal/session/types.go:180.27,182.3 1 4
github.com/jbrinkman/kiro-krew/internal/session/types.go:186.68,187.27 1 0
github.com/jbrinkman/kiro-krew/internal/session/types.go:187.27,190.3 2 0
github.com/jbrinkman/kiro-krew/internal/session/types.go:194.81,195.27 1 0
github.com/jbrinkman/kiro-krew/internal/session/types.go:195.27,197.18 2 0
github.com/jbrinkman/kiro-krew/internal/session/types.go:197.18,199.4 1 0
github.com/jbrinkman/kiro-krew/internal/session/types.go:200.3,200.18 1 0
github.com/jbrinkman/kiro-krew/internal/session/types.go:200.18,202.4 1 0
github.com/jbrinkman/kiro-krew/internal/session/types.go:203.3,204.43 2 0
github.com/jbrinkman/kiro-krew/internal/session/types.go:209.60,210.27 1 0
github.com/jbrinkman/kiro-krew/internal/session/types.go:210.27,212.16 2 0
github.com/jbrinkman/kiro-krew/internal/session/types.go:212.16,214.4 1 0
github.com/jbrinkman/kiro-krew/internal/session/types.go:215.3,215.43 1 0
github.com/jbrinkman/kiro-krew/internal/session/types.go:220.42,224.2 1 0
github.com/jbrinkman/kiro-krew/internal/session/types.go:227.42,228.27 1 0
github.com/jbrinkman/kiro-krew/internal/session/types.go:228.27,230.3 1 0
github.com/jbrinkman/kiro-krew/internal/session/types.go:231.2,231.11 1 0
github.com/jbrinkman/kiro-krew/internal/session/types.go:235.60,236.27 1 0
github.com/jbrinkman/kiro-krew/internal/session/types.go:236.27,238.3 1 0
github.com/jbrinkman/kiro-krew/internal/session/types.go:239.2,239.26 1 0
github.com/jbrinkman/kiro-krew/internal/session/types.go:243.49,245.2 1 22
github.com/jbrinkman/kiro-krew/internal/session/types.go:248.51,251.16 3 26
github.com/jbrinkman/kiro-krew/internal/session/types.go:251.16,253.3 1 2
github.com/jbrinkman/kiro-krew/internal/session/types.go:254.2,254.20 1 24
github.com/jbrinkman/kiro-krew/internal/version/version.go:25.13,27.59 2 1
github.com/jbrinkman/kiro-krew/internal/version/version.go:27.59,29.28 2 1
github.com/jbrinkman/kiro-krew/internal/version/version.go:29.28,31.4 1 0
github.com/jbrinkman/kiro-krew/internal/version/version.go:36.22,38.2 1 0
github.com/jbrinkman/kiro-krew/internal/version/version.go:41.31,49.2 1 0
github.com/jbrinkman/kiro-krew/internal/version/version.go:52.31,54.2 1 0
github.com/jbrinkman/kiro-krew/internal/version/version.go:57.43,58.37 1 0
github.com/jbrinkman/kiro-krew/internal/version/version.go:58.37,60.3 1 0
github.com/jbrinkman/kiro-krew/internal/version/version.go:61.2,61.20 1 0
github.com/jbrinkman/kiro-krew/internal/version/version.go:61.20,63.3 1 0
github.com/jbrinkman/kiro-krew/internal/version/version.go:64.2,64.13 1 0
github.com/jbrinkman/kiro-krew/internal/hotkey/detector.go:19.31,21.2 1 6
github.com/jbrinkman/kiro-krew/internal/hotkey/detector.go:24.46,26.2 1 2
github.com/jbrinkman/kiro-krew/internal/hotkey/detector.go:29.48,30.24 1 2
github.com/jbrinkman/kiro-krew/internal/hotkey/detector.go:30.24,31.27 1 0
github.com/jbrinkman/kiro-krew/internal/hotkey/detector.go:31.27,32.26 1 0
github.com/jbrinkman/kiro-krew/internal/hotkey/detector.go:32.26,36.5 1 0
github.com/jbrinkman/kiro-krew/internal/hotkey/detector.go:39.3,39.25 1 0
github.com/jbrinkman/kiro-krew/internal/hotkey/detector.go:39.25,41.4 1 0
github.com/jbrinkman/kiro-krew/internal/hotkey/detector.go:43.2,43.12 1 2
github.com/jbrinkman/kiro-krew/internal/watcher/dependencies.go:39.71,41.2 1 10
github.com/jbrinkman/kiro-krew/internal/watcher/dependencies.go:44.68,49.86 3 10
github.com/jbrinkman/kiro-krew/internal/watcher/dependencies.go:49.86,51.33 2 30
github.com/jbrinkman/kiro-krew/internal/watcher/dependencies.go:51.33,52.40 1 8
github.com/jbrinkman/kiro-krew/internal/watcher/dependencies.go:52.40,53.69 1 8
github.com/jbrinkman/kiro-krew/internal/watcher/dependencies.go:53.69,56.6 2 8
github.com/jbrinkman/kiro-krew/internal/watcher/dependencies.go:62.2,63.35 2 10
github.com/jbrinkman/kiro-krew/internal/watcher/dependencies.go:63.35,64.21 1 6
github.com/jbrinkman/kiro-krew/internal/watcher/dependencies.go:64.21,66.29 2 6
github.com/jbrinkman/kiro-krew/internal/watcher/dependencies.go:66.29,69.64 3 11
github.com/jbrinkman/kiro-krew/internal/watcher/dependencies.go:69.64,72.6 2 8
github.com/jbrinkman/kiro-krew/internal/watcher/dependencies.go:77.2,77.15 1 10
github.com/jbrinkman/kiro-krew/internal/watcher/dependencies.go:81.42,86.2 1 2
github.com/jbrinkman/kiro-krew/internal/watcher/dependencies.go:89.61,94.13 4 5
github.com/jbrinkman/kiro-krew/internal/watcher/dependencies.go:94.13,96.3 1 1
github.com/jbrinkman/kiro-krew/internal/watcher/dependencies.go:98.2,98.50 1 4
github.com/jbrinkman/kiro-krew/internal/watcher/dependencies.go:102.58,107.13 4 5
github.com/jbrinkman/kiro-krew/internal/watcher/dependencies.go:107.13,113.3 2 1
github.com/jbrinkman/kiro-krew/internal/watcher/dependencies.go:115.2,119.16 3 5
github.com/jbrinkman/kiro-krew/internal/watcher/dependencies.go:119.16,121.3 1 1
github.com/jbrinkman/kiro-krew/internal/watcher/dependencies.go:123.2,123.50 1 5
github.com/jbrinkman/kiro-krew/internal/watcher/dependencies.go:127.68,132.13 4 5
github.com/jbrinkman/kiro-krew/internal/watcher/dependencies.go:132.13,134.3 1 0
github.com/jbrinkman/kiro-krew/internal/watcher/dependencies.go:136.2,137.19 2 5
github.com/jbrinkman/kiro-krew/internal/watcher/dependencies.go:137.19,139.3 1 0
github.com/jbrinkman/kiro-krew/internal/watcher/dependencies.go:141.2,141.18 1 5
github.com/jbrinkman/kiro-krew/internal/watcher/dependencies.go:145.44,150.2 3 32
github.com/jbrinkman/kiro-krew/internal/watcher/dependencies.go:165.52,169.2 1 0
github.com/jbrinkman/kiro-krew/internal/watcher/dependencies.go:173.121,176.27 2 0
github.com/jbrinkman/kiro-krew/internal/watcher/dependencies.go:176.27,178.3 1 0
github.com/jbrinkman/kiro-krew/internal/watcher/dependencies.go:180.2,180.28 1 0
github.com/jbrinkman/kiro-krew/internal/watcher/dependencies.go:180.28,182.3 1 0
github.com/jbrinkman/kiro-krew/internal/watcher/dependencies.go:185.2,190.35 4 0
github.com/jbrinkman/kiro-krew/internal/watcher/dependencies.go:190.35,192.17 2 0
github.com/jbrinkman/kiro-krew/internal/watcher/dependencies.go:192.17,195.12 3 0
github.com/jbrinkman/kiro-krew/internal/watcher/dependencies.go:198.3,198.53 1 0
github.com/jbrinkman/kiro-krew/internal/watcher/dependencies.go:198.53,201.4 2 0
github.com/jbrinkman/kiro-krew/internal/watcher/dependencies.go:204.2,208.8 1 0
github.com/jbrinkman/kiro-krew/internal/watcher/dependencies.go:213.134,214.26 1 0
github.com/jbrinkman/kiro-krew/internal/watcher/dependencies.go:214.26,216.3 1 0
github.com/jbrinkman/kiro-krew/internal/watcher/dependencies.go:218.2,221.35 3 0
github.com/jbrinkman/kiro-krew/internal/watcher/dependencies.go:221.35,224.17 2 0
github.com/jbrinkman/kiro-krew/internal/watcher/dependencies.go:224.17,225.12 1 0
github.com/jbrinkman/kiro-krew/internal/watcher/dependencies.go:227.3,227.103 1 0
github.com/jbrinkman/kiro-krew/internal/watcher/dependencies.go:227.103,229.4 1 0
github.com/jbrinkman/kiro-krew/internal/watcher/dependencies.go:232.2,233.12 2 0
github.com/jbrinkman/kiro-krew/internal/watcher/watcher.go:30.59,38.2 1 0
github.com/jbrinkman/kiro-krew/internal/watcher/watcher.go:40.27,41.15 1 0
github.com/jbrinkman/kiro-krew/internal/watcher/watcher.go:41.15,43.3 1 0
github.com/jbrinkman/kiro-krew/internal/watcher/watcher.go:44.2,48.17 5 0
github.com/jbrinkman/kiro-krew/internal/watcher/watcher.go:51.26,52.16 1 0
github.com/jbrinkman/kiro-krew/internal/watcher/watcher.go:52.16,54.3 1 0
github.com/jbrinkman/kiro-krew/internal/watcher/watcher.go:55.2,57.33 3 0
github.com/jbrinkman/kiro-krew/internal/watcher/watcher.go:60.30,67.6 4 0
github.com/jbrinkman/kiro-krew/internal/watcher/watcher.go:67.6,68.10 1 0
github.com/jbrinkman/kiro-krew/internal/watcher/watcher.go:69.17,70.10 1 0
github.com/jbrinkman/kiro-krew/internal/watcher/watcher.go:71.19,72.19 1 0
github.com/jbrinkman/kiro-krew/internal/watcher/watcher.go:77.33,83.16 4 0
github.com/jbrinkman/kiro-krew/internal/watcher/watcher.go:83.16,86.3 2 0
github.com/jbrinkman/kiro-krew/internal/watcher/watcher.go:88.2,88.31 1 0
github.com/jbrinkman/kiro-krew/internal/watcher/watcher.go:88.31,93.14 4 0
github.com/jbrinkman/kiro-krew/internal/watcher/watcher.go:93.14,94.12 1 0
github.com/jbrinkman/kiro-krew/internal/watcher/watcher.go:97.3,97.40 1 0
github.com/jbrinkman/kiro-krew/internal/watcher/watcher.go:97.40,99.12 2 0
github.com/jbrinkman/kiro-krew/internal/watcher/watcher.go:102.3,102.47 1 0
github.com/jbrinkman/kiro-krew/internal/watcher/watcher.go:102.47,104.12 2 0
github.com/jbrinkman/kiro-krew/internal/watcher/watcher.go:108.3,108.50 1 0
github.com/jbrinkman/kiro-krew/internal/watcher/watcher.go:108.50,111.12 3 0
github.com/jbrinkman/kiro-krew/internal/watcher/watcher.go:114.3,115.17 2 0
github.com/jbrinkman/kiro-krew/internal/watcher/watcher.go:115.17,118.12 3 0
github.com/jbrinkman/kiro-krew/internal/watcher/watcher.go:122.3,122.53 1 0
github.com/jbrinkman/kiro-krew/internal/watcher/watcher.go:122.53,124.4 1 0
github.com/jbrinkman/kiro-krew/internal/watcher/watcher.go:127.3,127.32 1 0
github.com/jbrinkman/kiro-krew/internal/watcher/watcher.go:127.32,130.12 3 0
github.com/jbrinkman/kiro-krew/internal/watcher/watcher.go:133.3,140.73 7 0
github.com/jbrinkman/kiro-krew/internal/watcher/watcher.go:140.73,142.4 1 0
github.com/jbrinkman/kiro-krew/internal/watcher/watcher.go:146.46,149.16 3 0
github.com/jbrinkman/kiro-krew/internal/watcher/watcher.go:149.16,151.3 1 0
github.com/jbrinkman/kiro-krew/internal/watcher/watcher.go:153.2,153.32 1 0
github.com/jbrinkman/kiro-krew/internal/watcher/watcher.go:153.32,154.21 1 0
github.com/jbrinkman/kiro-krew/internal/watcher/watcher.go:154.21,155.12 1 0
github.com/jbrinkman/kiro-krew/internal/watcher/watcher.go:158.3,159.41 2 0
github.com/jbrinkman/kiro-krew/internal/watcher/watcher.go:159.41,160.12 1 0
github.com/jbrinkman/kiro-krew/internal/watcher/watcher.go:163.3,164.21 2 0
github.com/jbrinkman/kiro-krew/internal/watcher/watcher.go:164.21,165.12 1 0
github.com/jbrinkman/kiro-krew/internal/watcher/watcher.go:168.3,170.17 3 0
github.com/jbrinkman/kiro-krew/internal/watcher/watcher.go:170.17,171.12 1 0
github.com/jbrinkman/kiro-krew/internal/watcher/watcher.go:174.3,174.31 1 0
github.com/jbrinkman/kiro-krew/internal/watcher/watcher.go:174.31,178.4 3 0
github.com/jbrinkman/kiro-krew/internal/watcher/watcher.go:182.59,185.16 3 0
github.com/jbrinkman/kiro-krew/internal/watcher/watcher.go:185.16,187.3 1 0
github.com/jbrinkman/kiro-krew/internal/watcher/watcher.go:189.2,190.32 2 0
github.com/jbrinkman/kiro-krew/internal/watcher/watcher.go:190.32,191.65 1 0
github.com/jbrinkman/kiro-krew/internal/watcher/watcher.go:191.65,192.12 1 0
github.com/jbrinkman/kiro-krew/internal/watcher/watcher.go:196.3,197.21 2 0
github.com/jbrinkman/kiro-krew/internal/watcher/watcher.go:197.21,198.12 1 0
github.com/jbrinkman/kiro-krew/internal/watcher/watcher.go:201.3,203.17 3 0
github.com/jbrinkman/kiro-krew/internal/watcher/watcher.go:203.17,204.12 1 0
github.com/jbrinkman/kiro-krew/internal/watcher/watcher.go:207.3,207.30 1 0
github.com/jbrinkman/kiro-krew/internal/watcher/watcher.go:207.30,209.4 1 0
github.com/jbrinkman/kiro-krew/internal/watcher/watcher.go:211.2,211.14 1 0
github.com/jbrinkman/kiro-krew/internal/watcher/watcher.go:214.50,216.16 2 0
github.com/jbrinkman/kiro-krew/internal/watcher/watcher.go:216.16,218.3 1 0
github.com/jbrinkman/kiro-krew/internal/watcher/watcher.go:219.2,220.19 2 0
github.com/jbrinkman/kiro-krew/internal/watcher/watcher.go:223.66,226.16 3 0
github.com/jbrinkman/kiro-krew/internal/watcher/watcher.go:226.16,228.3 1 0
github.com/jbrinkman/kiro-krew/internal/watcher/watcher.go:230.2,231.16 2 0
github.com/jbrinkman/kiro-krew/internal/watcher/watcher.go:231.16,233.3 1 0
github.com/jbrinkman/kiro-krew/internal/watcher/watcher.go:235.2,235.37 1 0
github.com/jbrinkman/kiro-krew/internal/watcher/watcher.go:238.62,245.53 5 0
github.com/jbrinkman/kiro-krew/internal/watcher/watcher.go:245.53,246.74 1 0
github.com/jbrinkman/kiro-krew/internal/watcher/watcher.go:246.74,248.4 1 0
github.com/jbrinkman/kiro-krew/internal/watcher/watcher.go:251.2,252.67 2 0
github.com/jbrinkman/kiro-krew/internal/watcher/watcher.go:255.61,258.16 3 0
github.com/jbrinkman/kiro-krew/internal/watcher/watcher.go:258.16,260.3 1 0
github.com/jbrinkman/kiro-krew/internal/watcher/watcher.go:262.2,263.16 2 0
github.com/jbrinkman/kiro-krew/internal/watcher/watcher.go:263.16,265.3 1 0
github.com/jbrinkman/kiro-krew/internal/watcher/watcher.go:267.2,267.14 1 0
github.com/jbrinkman/kiro-krew/internal/watcher/watcher.go:270.34,272.2 1 0
github.com/jbrinkman/kiro-krew/internal/tui/about.go:16.36,18.2 1 18
github.com/jbrinkman/kiro-krew/internal/tui/about.go:21.47,34.2 3 1
github.com/jbrinkman/kiro-krew/internal/tui/about.go:37.62,39.2 1 1
github.com/jbrinkman/kiro-krew/internal/tui/about.go:42.49,47.2 4 1
github.com/jbrinkman/kiro-krew/internal/tui/agent_tab.go:18.84,23.2 1 22
github.com/jbrinkman/kiro-krew/internal/tui/agent_tab.go:26.33,28.2 1 103
github.com/jbrinkman/kiro-krew/internal/tui/agent_tab.go:31.36,33.2 1 108
github.com/jbrinkman/kiro-krew/internal/tui/agent_tab.go:36.36,37.71 1 2
github.com/jbrinkman/kiro-krew/internal/tui/agent_tab.go:37.71,39.3 1 1
github.com/jbrinkman/kiro-krew/internal/tui/agent_tab.go:41.2,41.30 1 1
github.com/jbrinkman/kiro-krew/internal/tui/agent_tab.go:45.39,47.2 1 2
github.com/jbrinkman/kiro-krew/internal/tui/agent_tab.go:50.35,52.2 1 0
github.com/jbrinkman/kiro-krew/internal/tui/agent_tab.go:55.56,59.2 3 0
github.com/jbrinkman/kiro-krew/internal/tui/agent_tab.go:62.47,64.2 1 0
github.com/jbrinkman/kiro-krew/internal/tui/agent_tab.go:67.46,68.65 1 0
github.com/jbrinkman/kiro-krew/internal/tui/agent_tab.go:68.65,70.3 1 0
github.com/jbrinkman/kiro-krew/internal/tui/agent_tab.go:71.2,71.28 1 0
github.com/jbrinkman/kiro-krew/internal/tui/autocomplete.go:12.45,14.2 1 0
github.com/jbrinkman/kiro-krew/internal/tui/autocomplete.go:17.51,19.15 2 0
github.com/jbrinkman/kiro-krew/internal/tui/autocomplete.go:19.15,21.3 1 0
github.com/jbrinkman/kiro-krew/internal/tui/autocomplete.go:22.2,22.41 1 0
github.com/jbrinkman/kiro-krew/internal/tui/autocomplete.go:33.89,57.2 10 23
github.com/jbrinkman/kiro-krew/internal/tui/autocomplete.go:60.44,62.2 1 1
github.com/jbrinkman/kiro-krew/internal/tui/autocomplete.go:65.52,66.13 1 31
github.com/jbrinkman/kiro-krew/internal/tui/autocomplete.go:66.13,68.3 1 31
github.com/jbrinkman/kiro-krew/internal/tui/autocomplete.go:68.8,70.3 1 0
github.com/jbrinkman/kiro-krew/internal/tui/autocomplete.go:74.45,76.2 1 62
github.com/jbrinkman/kiro-krew/internal/tui/autocomplete.go:79.36,81.2 1 31
github.com/jbrinkman/kiro-krew/internal/tui/autocomplete.go:84.44,86.2 1 36
github.com/jbrinkman/kiro-krew/internal/tui/autocomplete.go:89.52,92.2 2 60
github.com/jbrinkman/kiro-krew/internal/tui/autocomplete.go:95.79,96.27 1 0
github.com/jbrinkman/kiro-krew/internal/tui/autocomplete.go:97.18,98.29 1 0
github.com/jbrinkman/kiro-krew/internal/tui/autocomplete.go:102.2,104.15 3 0
github.com/jbrinkman/kiro-krew/internal/tui/autocomplete.go:108.88,109.22 1 0
github.com/jbrinkman/kiro-krew/internal/tui/autocomplete.go:110.15,113.50 2 0
github.com/jbrinkman/kiro-krew/internal/tui/autocomplete.go:113.50,119.4 4 0
github.com/jbrinkman/kiro-krew/internal/tui/autocomplete.go:121.3,121.20 1 0
github.com/jbrinkman/kiro-krew/internal/tui/autocomplete.go:121.20,124.4 2 0
github.com/jbrinkman/kiro-krew/internal/tui/autocomplete.go:131.2,137.15 4 0
github.com/jbrinkman/kiro-krew/internal/tui/autocomplete.go:141.49,144.17 2 83
github.com/jbrinkman/kiro-krew/internal/tui/autocomplete.go:144.17,149.3 2 51
github.com/jbrinkman/kiro-krew/internal/tui/autocomplete.go:152.2,153.41 2 32
github.com/jbrinkman/kiro-krew/internal/tui/autocomplete.go:157.43,159.2 1 36
github.com/jbrinkman/kiro-krew/internal/tui/autocomplete.go:162.58,164.2 1 0
github.com/jbrinkman/kiro-krew/internal/tui/autocomplete.go:167.60,168.32 1 0
github.com/jbrinkman/kiro-krew/internal/tui/autocomplete.go:168.32,170.3 1 0
github.com/jbrinkman/kiro-krew/internal/tui/autocomplete.go:172.2,177.33 5 0
github.com/jbrinkman/kiro-krew/internal/tui/autocomplete.go:177.33,179.3 1 0
github.com/jbrinkman/kiro-krew/internal/tui/autocomplete.go:181.2,181.32 1 0
github.com/jbrinkman/kiro-krew/internal/tui/autocomplete.go:181.32,183.24 2 0
github.com/jbrinkman/kiro-krew/internal/tui/autocomplete.go:183.24,185.4 1 0
github.com/jbrinkman/kiro-krew/internal/tui/autocomplete.go:185.9,187.4 1 0
github.com/jbrinkman/kiro-krew/internal/tui/autocomplete.go:188.3,188.62 1 0
github.com/jbrinkman/kiro-krew/internal/tui/autocomplete.go:191.2,192.54 2 0
github.com/jbrinkman/kiro-krew/internal/tui/autocomplete.go:196.51,198.2 1 3
github.com/jbrinkman/kiro-krew/internal/tui/command_registry.go:28.71,93.2 12 24
github.com/jbrinkman/kiro-krew/internal/tui/command_registry.go:96.50,98.2 1 216
github.com/jbrinkman/kiro-krew/internal/tui/command_registry.go:101.52,104.33 2 24
github.com/jbrinkman/kiro-krew/internal/tui/command_registry.go:104.33,109.39 2 216
github.com/jbrinkman/kiro-krew/internal/tui/command_registry.go:109.39,111.4 1 72
github.com/jbrinkman/kiro-krew/internal/tui/command_registry.go:116.68,119.2 2 0
github.com/jbrinkman/kiro-krew/internal/tui/command_registry.go:122.55,124.33 2 0
github.com/jbrinkman/kiro-krew/internal/tui/command_registry.go:124.33,126.3 1 0
github.com/jbrinkman/kiro-krew/internal/tui/command_registry.go:127.2,127.17 1 0
github.com/jbrinkman/kiro-krew/internal/tui/command_registry.go:131.67,132.17 1 3
github.com/jbrinkman/kiro-krew/internal/tui/command_registry.go:132.17,134.3 1 0
github.com/jbrinkman/kiro-krew/internal/tui/command_registry.go:136.2,137.21 2 3
github.com/jbrinkman/kiro-krew/internal/tui/command_registry.go:137.21,139.3 1 0
github.com/jbrinkman/kiro-krew/internal/tui/command_registry.go:141.2,144.33 3 3
github.com/jbrinkman/kiro-krew/internal/tui/command_registry.go:144.33,145.59 1 27
github.com/jbrinkman/kiro-krew/internal/tui/command_registry.go:145.59,147.4 1 3
github.com/jbrinkman/kiro-krew/internal/tui/command_registry.go:150.2,150.16 1 3
github.com/jbrinkman/kiro-krew/internal/tui/command_registry.go:154.70,155.17 1 34
github.com/jbrinkman/kiro-krew/internal/tui/command_registry.go:155.17,157.3 1 0
github.com/jbrinkman/kiro-krew/internal/tui/command_registry.go:159.2,163.43 3 34
github.com/jbrinkman/kiro-krew/internal/tui/command_registry.go:163.43,166.3 2 0
github.com/jbrinkman/kiro-krew/internal/tui/command_registry.go:169.2,169.42 1 34
github.com/jbrinkman/kiro-krew/internal/tui/command_registry.go:169.42,171.86 2 408
github.com/jbrinkman/kiro-krew/internal/tui/command_registry.go:171.86,173.4 1 28
github.com/jbrinkman/kiro-krew/internal/tui/command_registry.go:176.2,176.16 1 34
github.com/jbrinkman/kiro-krew/internal/tui/command_registry.go:180.71,181.27 1 0
github.com/jbrinkman/kiro-krew/internal/tui/command_registry.go:181.27,183.3 1 0
github.com/jbrinkman/kiro-krew/internal/tui/command_registry.go:185.2,187.28 3 0
github.com/jbrinkman/kiro-krew/internal/tui/command_registry.go:187.28,188.39 1 0
github.com/jbrinkman/kiro-krew/internal/tui/command_registry.go:188.39,190.4 1 0
github.com/jbrinkman/kiro-krew/internal/tui/command_registry.go:193.2,193.29 1 0
github.com/jbrinkman/kiro-krew/internal/tui/command_registry.go:193.29,195.3 1 0
github.com/jbrinkman/kiro-krew/internal/tui/command_registry.go:197.2,200.48 2 0
github.com/jbrinkman/kiro-krew/internal/tui/command_registry.go:200.48,202.3 1 0
github.com/jbrinkman/kiro-krew/internal/tui/command_registry.go:204.2,204.30 1 0
github.com/jbrinkman/kiro-krew/internal/tui/command_registry.go:204.30,207.36 2 0
github.com/jbrinkman/kiro-krew/internal/tui/command_registry.go:207.36,209.63 2 0
github.com/jbrinkman/kiro-krew/internal/tui/command_registry.go:209.63,211.5 1 0
github.com/jbrinkman/kiro-krew/internal/tui/command_registry.go:213.3,213.17 1 0
github.com/jbrinkman/kiro-krew/internal/tui/command_registry.go:214.8,217.66 2 0
github.com/jbrinkman/kiro-krew/internal/tui/command_registry.go:217.66,219.4 1 0
github.com/jbrinkman/kiro-krew/internal/tui/command_registry.go:220.3,220.20 1 0
github.com/jbrinkman/kiro-krew/internal/tui/command_registry.go:225.65,227.20 2 4
github.com/jbrinkman/kiro-krew/internal/tui/command_registry.go:227.20,229.3 1 0
github.com/jbrinkman/kiro-krew/internal/tui/command_registry.go:231.2,233.42 3 4
github.com/jbrinkman/kiro-krew/internal/tui/command_registry.go:233.42,235.3 1 0
github.com/jbrinkman/kiro-krew/internal/tui/command_registry.go:238.2,238.21 1 4
github.com/jbrinkman/kiro-krew/internal/tui/command_registry.go:238.21,240.3 1 2
github.com/jbrinkman/kiro-krew/internal/tui/command_registry.go:243.2,243.21 1 2
github.com/jbrinkman/kiro-krew/internal/tui/command_registry.go:243.21,246.39 3 2
github.com/jbrinkman/kiro-krew/internal/tui/command_registry.go:246.39,247.58 1 2
github.com/jbrinkman/kiro-krew/internal/tui/command_registry.go:247.58,249.5 1 2
github.com/jbrinkman/kiro-krew/internal/tui/command_registry.go:251.3,251.17 1 2
github.com/jbrinkman/kiro-krew/internal/tui/command_registry.go:254.2,254.12 1 0
github.com/jbrinkman/kiro-krew/internal/tui/command_registry.go:258.61,259.17 1 2
github.com/jbrinkman/kiro-krew/internal/tui/command_registry.go:259.17,261.3 1 0
github.com/jbrinkman/kiro-krew/internal/tui/command_registry.go:263.2,264.21 2 2
github.com/jbrinkman/kiro-krew/internal/tui/command_registry.go:264.21,266.3 1 0
github.com/jbrinkman/kiro-krew/internal/tui/command_registry.go:269.2,270.23 2 2
github.com/jbrinkman/kiro-krew/internal/tui/command_registry.go:270.23,274.22 2 2
github.com/jbrinkman/kiro-krew/internal/tui/command_registry.go:274.22,276.4 1 1
github.com/jbrinkman/kiro-krew/internal/tui/command_registry.go:279.3,280.27 2 1
github.com/jbrinkman/kiro-krew/internal/tui/command_registry.go:280.27,282.4 1 1
github.com/jbrinkman/kiro-krew/internal/tui/command_registry.go:284.3,284.17 1 0
github.com/jbrinkman/kiro-krew/internal/tui/command_registry.go:287.2,287.11 1 0
github.com/jbrinkman/kiro-krew/internal/tui/command_registry.go:291.61,293.17 2 9
github.com/jbrinkman/kiro-krew/internal/tui/command_registry.go:293.17,295.3 1 0
github.com/jbrinkman/kiro-krew/internal/tui/command_registry.go:297.2,298.21 2 9
github.com/jbrinkman/kiro-krew/internal/tui/command_registry.go:298.21,300.3 1 0
github.com/jbrinkman/kiro-krew/internal/tui/command_registry.go:302.2,304.13 3 9
github.com/jbrinkman/kiro-krew/internal/tui/command_registry.go:304.13,306.3 1 2
github.com/jbrinkman/kiro-krew/internal/tui/command_registry.go:309.2,309.48 1 7
github.com/jbrinkman/kiro-krew/internal/tui/command_registry.go:309.48,311.44 2 6
github.com/jbrinkman/kiro-krew/internal/tui/command_registry.go:311.44,312.43 1 6
github.com/jbrinkman/kiro-krew/internal/tui/command_registry.go:312.43,314.5 1 4
github.com/jbrinkman/kiro-krew/internal/tui/command_registry.go:317.3,317.18 1 2
github.com/jbrinkman/kiro-krew/internal/tui/command_registry.go:317.18,319.4 1 2
github.com/jbrinkman/kiro-krew/internal/tui/command_registry.go:320.3,320.15 1 0
github.com/jbrinkman/kiro-krew/internal/tui/command_registry.go:323.2,323.13 1 1
github.com/jbrinkman/kiro-krew/internal/tui/commands.go:25.35,28.2 2 0
github.com/jbrinkman/kiro-krew/internal/tui/commands.go:30.60,31.33 1 0
github.com/jbrinkman/kiro-krew/internal/tui/commands.go:32.15,33.39 1 0
github.com/jbrinkman/kiro-krew/internal/tui/commands.go:33.39,36.4 2 0
github.com/jbrinkman/kiro-krew/internal/tui/commands.go:38.3,38.50 1 0
github.com/jbrinkman/kiro-krew/internal/tui/commands.go:38.50,40.4 1 0
github.com/jbrinkman/kiro-krew/internal/tui/commands.go:41.3,42.67 2 0
github.com/jbrinkman/kiro-krew/internal/tui/commands.go:43.14,44.40 1 0
github.com/jbrinkman/kiro-krew/internal/tui/commands.go:44.40,47.4 2 0
github.com/jbrinkman/kiro-krew/internal/tui/commands.go:48.3,49.67 2 0
github.com/jbrinkman/kiro-krew/internal/tui/commands.go:50.10,51.73 1 0
github.com/jbrinkman/kiro-krew/internal/tui/commands.go:53.2,53.15 1 0
github.com/jbrinkman/kiro-krew/internal/tui/commands.go:56.48,65.19 6 6
github.com/jbrinkman/kiro-krew/internal/tui/commands.go:65.19,69.3 3 6
github.com/jbrinkman/kiro-krew/internal/tui/commands.go:69.8,71.3 1 0
github.com/jbrinkman/kiro-krew/internal/tui/commands.go:73.2,76.27 3 6
github.com/jbrinkman/kiro-krew/internal/tui/commands.go:76.27,78.26 2 6
github.com/jbrinkman/kiro-krew/internal/tui/commands.go:78.26,80.4 1 6
github.com/jbrinkman/kiro-krew/internal/tui/commands.go:81.3,82.23 2 6
github.com/jbrinkman/kiro-krew/internal/tui/commands.go:82.23,84.4 1 0
github.com/jbrinkman/kiro-krew/internal/tui/commands.go:85.3,85.85 1 6
github.com/jbrinkman/kiro-krew/internal/tui/commands.go:88.2,88.19 1 6
github.com/jbrinkman/kiro-krew/internal/tui/commands.go:88.19,94.3 5 0
github.com/jbrinkman/kiro-krew/internal/tui/commands.go:97.2,99.27 3 6
github.com/jbrinkman/kiro-krew/internal/tui/commands.go:99.27,100.38 1 0
github.com/jbrinkman/kiro-krew/internal/tui/commands.go:100.38,102.4 1 0
github.com/jbrinkman/kiro-krew/internal/tui/commands.go:102.9,104.4 1 0
github.com/jbrinkman/kiro-krew/internal/tui/commands.go:108.2,108.48 1 6
github.com/jbrinkman/kiro-krew/internal/tui/commands.go:108.48,110.3 1 0
github.com/jbrinkman/kiro-krew/internal/tui/commands.go:113.2,115.28 2 6
github.com/jbrinkman/kiro-krew/internal/tui/commands.go:115.28,122.20 5 0
github.com/jbrinkman/kiro-krew/internal/tui/commands.go:122.20,124.4 1 0
github.com/jbrinkman/kiro-krew/internal/tui/commands.go:127.3,127.35 1 0
github.com/jbrinkman/kiro-krew/internal/tui/commands.go:127.35,128.14 1 0
github.com/jbrinkman/kiro-krew/internal/tui/commands.go:128.14,129.10 1 0
github.com/jbrinkman/kiro-krew/internal/tui/commands.go:131.4,134.35 3 0
github.com/jbrinkman/kiro-krew/internal/tui/commands.go:137.3,137.29 1 0
github.com/jbrinkman/kiro-krew/internal/tui/commands.go:137.29,139.4 1 0
github.com/jbrinkman/kiro-krew/internal/tui/commands.go:142.2,142.28 1 6
github.com/jbrinkman/kiro-krew/internal/tui/commands.go:142.28,145.20 3 0
github.com/jbrinkman/kiro-krew/internal/tui/commands.go:145.20,147.4 1 0
github.com/jbrinkman/kiro-krew/internal/tui/commands.go:148.3,148.35 1 0
github.com/jbrinkman/kiro-krew/internal/tui/commands.go:148.35,153.4 3 0
github.com/jbrinkman/kiro-krew/internal/tui/commands.go:156.2,156.22 1 6
github.com/jbrinkman/kiro-krew/internal/tui/commands.go:156.22,158.3 1 6
github.com/jbrinkman/kiro-krew/internal/tui/commands.go:160.2,161.15 2 6
github.com/jbrinkman/kiro-krew/internal/tui/commands.go:164.61,166.16 2 0
github.com/jbrinkman/kiro-krew/internal/tui/commands.go:166.16,169.3 2 0
github.com/jbrinkman/kiro-krew/internal/tui/commands.go:171.2,172.27 2 0
github.com/jbrinkman/kiro-krew/internal/tui/commands.go:172.27,173.32 1 0
github.com/jbrinkman/kiro-krew/internal/tui/commands.go:173.32,174.47 1 0
github.com/jbrinkman/kiro-krew/internal/tui/commands.go:174.47,176.5 1 0
github.com/jbrinkman/kiro-krew/internal/tui/commands.go:176.10,178.5 1 0
github.com/jbrinkman/kiro-krew/internal/tui/commands.go:179.4,179.17 1 0
github.com/jbrinkman/kiro-krew/internal/tui/commands.go:182.2,183.15 2 0
github.com/jbrinkman/kiro-krew/internal/tui/commands.go:186.46,209.2 3 0
github.com/jbrinkman/kiro-krew/internal/tui/commands.go:211.64,213.42 1 0
github.com/jbrinkman/kiro-krew/internal/tui/commands.go:213.42,216.3 2 0
github.com/jbrinkman/kiro-krew/internal/tui/commands.go:219.2,220.23 2 0
github.com/jbrinkman/kiro-krew/internal/tui/commands.go:220.23,223.21 2 0
github.com/jbrinkman/kiro-krew/internal/tui/commands.go:223.21,225.4 1 0
github.com/jbrinkman/kiro-krew/internal/tui/commands.go:225.9,227.4 1 0
github.com/jbrinkman/kiro-krew/internal/tui/commands.go:228.8,231.46 2 0
github.com/jbrinkman/kiro-krew/internal/tui/commands.go:231.46,232.37 1 0
github.com/jbrinkman/kiro-krew/internal/tui/commands.go:232.37,234.5 1 0
github.com/jbrinkman/kiro-krew/internal/tui/commands.go:236.3,236.57 1 0
github.com/jbrinkman/kiro-krew/internal/tui/commands.go:240.2,245.16 2 0
github.com/jbrinkman/kiro-krew/internal/tui/commands.go:245.16,248.43 2 0
github.com/jbrinkman/kiro-krew/internal/tui/commands.go:248.43,250.4 1 0
github.com/jbrinkman/kiro-krew/internal/tui/commands.go:250.9,250.54 1 0
github.com/jbrinkman/kiro-krew/internal/tui/commands.go:250.54,252.4 1 0
github.com/jbrinkman/kiro-krew/internal/tui/commands.go:252.9,254.4 1 0
github.com/jbrinkman/kiro-krew/internal/tui/commands.go:256.3,259.88 2 0
github.com/jbrinkman/kiro-krew/internal/tui/commands.go:259.88,261.4 1 0
github.com/jbrinkman/kiro-krew/internal/tui/commands.go:262.3,262.16 1 0
github.com/jbrinkman/kiro-krew/internal/tui/commands.go:266.2,266.23 1 0
github.com/jbrinkman/kiro-krew/internal/tui/commands.go:266.23,268.3 1 0
github.com/jbrinkman/kiro-krew/internal/tui/commands.go:274.2,278.23 3 0
github.com/jbrinkman/kiro-krew/internal/tui/commands.go:278.23,281.3 2 0
github.com/jbrinkman/kiro-krew/internal/tui/commands.go:281.8,284.3 2 0
github.com/jbrinkman/kiro-krew/internal/tui/commands.go:287.2,291.20 3 0
github.com/jbrinkman/kiro-krew/internal/tui/commands.go:294.71,297.2 1 0
github.com/jbrinkman/kiro-krew/internal/tui/commands.go:299.74,307.64 5 0
github.com/jbrinkman/kiro-krew/internal/tui/commands.go:307.64,309.3 1 0
github.com/jbrinkman/kiro-krew/internal/tui/commands.go:312.2,313.16 2 0
github.com/jbrinkman/kiro-krew/internal/tui/commands.go:313.16,316.3 2 0
github.com/jbrinkman/kiro-krew/internal/tui/commands.go:319.2,320.37 2 0
github.com/jbrinkman/kiro-krew/internal/tui/commands.go:320.37,322.17 2 0
github.com/jbrinkman/kiro-krew/internal/tui/commands.go:322.17,323.51 1 0
github.com/jbrinkman/kiro-krew/internal/tui/commands.go:323.51,326.5 2 0
github.com/jbrinkman/kiro-krew/internal/tui/commands.go:327.4,327.12 1 0
github.com/jbrinkman/kiro-krew/internal/tui/commands.go:329.3,329.37 1 0
github.com/jbrinkman/kiro-krew/internal/tui/commands.go:329.37,331.9 2 0
github.com/jbrinkman/kiro-krew/internal/tui/commands.go:335.2,336.29 2 0
github.com/jbrinkman/kiro-krew/internal/tui/commands.go:336.29,338.3 1 0
github.com/jbrinkman/kiro-krew/internal/tui/commands.go:338.8,340.3 1 0
github.com/jbrinkman/kiro-krew/internal/tui/commands.go:343.2,351.23 6 0
github.com/jbrinkman/kiro-krew/internal/tui/commands.go:351.23,353.3 1 0
github.com/jbrinkman/kiro-krew/internal/tui/commands.go:356.2,373.57 4 0
github.com/jbrinkman/kiro-krew/internal/tui/commands.go:373.57,375.3 1 0
github.com/jbrinkman/kiro-krew/internal/tui/commands.go:387.41,388.14 1 0
github.com/jbrinkman/kiro-krew/internal/tui/commands.go:388.14,390.3 1 0
github.com/jbrinkman/kiro-krew/internal/tui/commands.go:391.2,391.19 1 0
github.com/jbrinkman/kiro-krew/internal/tui/commands.go:391.19,393.3 1 0
github.com/jbrinkman/kiro-krew/internal/tui/commands.go:394.2,394.14 1 0
github.com/jbrinkman/kiro-krew/internal/tui/commands.go:394.14,396.3 1 0
github.com/jbrinkman/kiro-krew/internal/tui/commands.go:397.2,397.26 1 0
github.com/jbrinkman/kiro-krew/internal/tui/commands.go:400.45,402.23 2 0
github.com/jbrinkman/kiro-krew/internal/tui/commands.go:402.23,404.3 1 0
github.com/jbrinkman/kiro-krew/internal/tui/commands.go:407.2,407.29 1 0
github.com/jbrinkman/kiro-krew/internal/tui/commands.go:407.29,409.3 1 0
github.com/jbrinkman/kiro-krew/internal/tui/commands.go:411.2,412.22 2 0
github.com/jbrinkman/kiro-krew/internal/tui/commands.go:412.22,414.3 1 0
github.com/jbrinkman/kiro-krew/internal/tui/commands.go:415.2,415.21 1 0
github.com/jbrinkman/kiro-krew/internal/tui/commands.go:418.47,424.2 4 0
github.com/jbrinkman/kiro-krew/internal/tui/commands.go:426.60,427.20 1 0
github.com/jbrinkman/kiro-krew/internal/tui/commands.go:427.20,430.3 1 0
github.com/jbrinkman/kiro-krew/internal/tui/commands.go:432.2,432.19 1 0
github.com/jbrinkman/kiro-krew/internal/tui/commands.go:432.19,435.3 2 0
github.com/jbrinkman/kiro-krew/internal/tui/commands.go:437.2,441.16 3 0
github.com/jbrinkman/kiro-krew/internal/tui/commands.go:441.16,448.3 3 0
github.com/jbrinkman/kiro-krew/internal/tui/commands.go:450.2,458.40 5 0
github.com/jbrinkman/kiro-krew/internal/tui/commands.go:458.40,463.3 4 0
github.com/jbrinkman/kiro-krew/internal/tui/commands.go:466.2,469.27 3 0
github.com/jbrinkman/kiro-krew/internal/tui/commands.go:472.34,473.24 1 0
github.com/jbrinkman/kiro-krew/internal/tui/commands.go:473.24,476.3 2 0
github.com/jbrinkman/kiro-krew/internal/tui/commands.go:480.45,481.17 1 6
github.com/jbrinkman/kiro-krew/internal/tui/commands.go:482.19,483.24 1 6
github.com/jbrinkman/kiro-krew/internal/tui/commands.go:484.20,485.24 1 0
github.com/jbrinkman/kiro-krew/internal/tui/commands.go:486.23,487.20 1 0
github.com/jbrinkman/kiro-krew/internal/tui/commands.go:488.10,489.19 1 0
github.com/jbrinkman/kiro-krew/internal/tui/commands.go:494.56,502.64 5 32
github.com/jbrinkman/kiro-krew/internal/tui/commands.go:502.64,504.3 1 32
github.com/jbrinkman/kiro-krew/internal/tui/commands.go:507.2,509.45 3 32
github.com/jbrinkman/kiro-krew/internal/tui/commands.go:509.45,510.36 1 84
github.com/jbrinkman/kiro-krew/internal/tui/commands.go:510.36,512.49 2 0
github.com/jbrinkman/kiro-krew/internal/tui/commands.go:512.49,514.5 1 0
github.com/jbrinkman/kiro-krew/internal/tui/commands.go:519.2,519.54 1 32
github.com/jbrinkman/kiro-krew/internal/tui/commands.go:519.54,521.46 1 0
github.com/jbrinkman/kiro-krew/internal/tui/commands.go:521.46,522.30 1 0
github.com/jbrinkman/kiro-krew/internal/tui/commands.go:522.30,524.10 2 0
github.com/jbrinkman/kiro-krew/internal/tui/commands.go:529.3,529.54 1 0
github.com/jbrinkman/kiro-krew/internal/tui/commands.go:529.54,530.116 1 0
github.com/jbrinkman/kiro-krew/internal/tui/commands.go:530.116,532.5 1 0
github.com/jbrinkman/kiro-krew/internal/tui/commands.go:535.3,538.28 4 0
github.com/jbrinkman/kiro-krew/internal/tui/commands.go:542.2,543.16 2 32
github.com/jbrinkman/kiro-krew/internal/tui/commands.go:543.16,548.3 3 0
github.com/jbrinkman/kiro-krew/internal/tui/commands.go:551.2,552.37 2 32
github.com/jbrinkman/kiro-krew/internal/tui/commands.go:552.37,554.17 2 31
github.com/jbrinkman/kiro-krew/internal/tui/commands.go:554.17,555.51 1 0
github.com/jbrinkman/kiro-krew/internal/tui/commands.go:555.51,558.5 2 0
[...]
github.com/jbrinkman/kiro-krew/internal/acp/client.go:111.128,114.2 1 0
github.com/jbrinkman/kiro-krew/internal/acp/client.go:117.122,119.2 1 0
github.com/jbrinkman/kiro-krew/internal/acp/client.go:122.128,124.2 1 0
github.com/jbrinkman/kiro-krew/internal/acp/client.go:127.131,129.2 1 0
github.com/jbrinkman/kiro-krew/internal/acp/client.go:132.143,134.2 1 0
github.com/jbrinkman/kiro-krew/internal/acp/client.go:137.57,138.19 1 0
github.com/jbrinkman/kiro-krew/internal/acp/client.go:138.19,140.3 1 0
github.com/jbrinkman/kiro-krew/internal/acp/client.go:142.2,146.3 1 0
github.com/jbrinkman/kiro-krew/internal/acp/client.go:150.60,154.17 3 0
github.com/jbrinkman/kiro-krew/internal/acp/client.go:154.17,156.3 1 0
github.com/jbrinkman/kiro-krew/internal/acp/client.go:159.2,163.16 3 0
github.com/jbrinkman/kiro-krew/internal/acp/client.go:163.16,165.3 1 0
github.com/jbrinkman/kiro-krew/internal/acp/client.go:167.2,168.16 2 0
github.com/jbrinkman/kiro-krew/internal/acp/client.go:168.16,171.3 2 0
github.com/jbrinkman/kiro-krew/internal/acp/client.go:174.2,174.36 1 0
github.com/jbrinkman/kiro-krew/internal/acp/client.go:174.36,178.3 3 0
github.com/jbrinkman/kiro-krew/internal/acp/client.go:181.2,193.16 3 0
github.com/jbrinkman/kiro-krew/internal/acp/client.go:193.16,198.3 3 0
github.com/jbrinkman/kiro-krew/internal/acp/client.go:200.2,204.12 4 0
github.com/jbrinkman/kiro-krew/internal/acp/client.go:208.44,212.18 3 0
github.com/jbrinkman/kiro-krew/internal/acp/client.go:212.18,214.3 1 0
github.com/jbrinkman/kiro-krew/internal/acp/client.go:216.2,216.42 1 0
github.com/jbrinkman/kiro-krew/internal/acp/client.go:216.42,222.13 3 0
github.com/jbrinkman/kiro-krew/internal/acp/client.go:222.13,224.4 1 0
github.com/jbrinkman/kiro-krew/internal/acp/client.go:226.3,226.10 1 0
github.com/jbrinkman/kiro-krew/internal/acp/client.go:227.15,227.15 0 0
github.com/jbrinkman/kiro-krew/internal/acp/client.go:229.38,232.10 2 0
github.com/jbrinkman/kiro-krew/internal/acp/client.go:235.3,235.14 1 0
github.com/jbrinkman/kiro-krew/internal/acp/client.go:238.2,241.12 4 0
github.com/jbrinkman/kiro-krew/internal/acp/client.go:245.44,249.2 3 0
github.com/jbrinkman/kiro-krew/internal/acp/client.go:252.105,253.52 1 0
github.com/jbrinkman/kiro-krew/internal/acp/client.go:253.52,255.3 1 0
github.com/jbrinkman/kiro-krew/internal/acp/client.go:257.2,258.35 2 0
github.com/jbrinkman/kiro-krew/internal/acp/client.go:258.35,261.3 2 0
github.com/jbrinkman/kiro-krew/internal/acp/client.go:262.2,267.21 4 0
github.com/jbrinkman/kiro-krew/internal/acp/client.go:267.21,271.3 3 0
github.com/jbrinkman/kiro-krew/internal/acp/client.go:274.2,274.21 1 0
github.com/jbrinkman/kiro-krew/internal/acp/client.go:274.21,278.17 2 0
github.com/jbrinkman/kiro-krew/internal/acp/client.go:278.17,280.4 1 0
github.com/jbrinkman/kiro-krew/internal/acp/client.go:281.3,286.16 4 0
github.com/jbrinkman/kiro-krew/internal/acp/client.go:290.2,294.16 2 0
github.com/jbrinkman/kiro-krew/internal/acp/client.go:294.16,296.3 1 0
github.com/jbrinkman/kiro-krew/internal/acp/client.go:300.2,310.22 2 0
github.com/jbrinkman/kiro-krew/internal/acp/client.go:314.116,315.52 1 0
github.com/jbrinkman/kiro-krew/internal/acp/client.go:315.52,317.3 1 0
github.com/jbrinkman/kiro-krew/internal/acp/client.go:319.2,320.35 2 0
github.com/jbrinkman/kiro-krew/internal/acp/client.go:320.35,323.3 2 0
github.com/jbrinkman/kiro-krew/internal/acp/client.go:324.2,331.12 5 0
github.com/jbrinkman/kiro-krew/internal/acp/client.go:331.12,336.22 3 0
github.com/jbrinkman/kiro-krew/internal/acp/client.go:336.22,340.4 3 0
github.com/jbrinkman/kiro-krew/internal/acp/client.go:343.3,343.22 1 0
github.com/jbrinkman/kiro-krew/internal/acp/client.go:343.22,347.18 2 0
github.com/jbrinkman/kiro-krew/internal/acp/client.go:347.18,354.5 2 0
github.com/jbrinkman/kiro-krew/internal/acp/client.go:355.4,360.17 4 0
github.com/jbrinkman/kiro-krew/internal/acp/client.go:364.3,364.51 1 0
github.com/jbrinkman/kiro-krew/internal/acp/client.go:364.51,368.17 4 0
github.com/jbrinkman/kiro-krew/internal/acp/client.go:368.17,372.5 3 0
github.com/jbrinkman/kiro-krew/internal/acp/client.go:376.3,387.23 3 0
github.com/jbrinkman/kiro-krew/internal/acp/client.go:387.23,394.4 2 0
github.com/jbrinkman/kiro-krew/internal/acp/client.go:399.3,403.4 1 0
github.com/jbrinkman/kiro-krew/internal/acp/client.go:406.2,406.22 1 0
github.com/jbrinkman/kiro-krew/internal/acp/client.go:410.39,412.2 1 0
github.com/jbrinkman/kiro-krew/internal/acp/types.go:145.50,153.2 1 0
github.com/jbrinkman/kiro-krew/internal/acp/types.go:156.56,157.16 1 0
github.com/jbrinkman/kiro-krew/internal/acp/types.go:157.16,159.3 1 0
github.com/jbrinkman/kiro-krew/internal/acp/types.go:161.2,161.21 1 0
github.com/jbrinkman/kiro-krew/internal/acp/types.go:161.21,163.3 1 0
github.com/jbrinkman/kiro-krew/internal/acp/types.go:165.2,165.23 1 0
github.com/jbrinkman/kiro-krew/internal/acp/types.go:165.23,167.3 1 0
github.com/jbrinkman/kiro-krew/internal/acp/types.go:169.2,169.94 1 0
github.com/jbrinkman/kiro-krew/internal/acp/types.go:169.94,171.3 1 0
github.com/jbrinkman/kiro-krew/internal/acp/types.go:173.2,173.12 1 0
github.com/jbrinkman/kiro-krew/cmd/kiro-krew/cmd/eval.go:25.54,27.20 2 0
github.com/jbrinkman/kiro-krew/cmd/kiro-krew/cmd/eval.go:27.20,29.4 1 0
github.com/jbrinkman/kiro-krew/cmd/kiro-krew/cmd/eval.go:30.3,30.20 1 0
github.com/jbrinkman/kiro-krew/cmd/kiro-krew/cmd/eval.go:30.20,32.4 1 0
github.com/jbrinkman/kiro-krew/cmd/kiro-krew/cmd/eval.go:35.3,35.21 1 0
github.com/jbrinkman/kiro-krew/cmd/kiro-krew/cmd/eval.go:35.21,37.4 1 0
github.com/jbrinkman/kiro-krew/cmd/kiro-krew/cmd/eval.go:40.3,40.18 1 0
github.com/jbrinkman/kiro-krew/cmd/kiro-krew/cmd/eval.go:40.18,42.4 1 0
github.com/jbrinkman/kiro-krew/cmd/kiro-krew/cmd/eval.go:45.3,45.15 1 0
github.com/jbrinkman/kiro-krew/cmd/kiro-krew/cmd/eval.go:45.15,47.4 1 0
github.com/jbrinkman/kiro-krew/cmd/kiro-krew/cmd/eval.go:50.3,51.43 2 0
github.com/jbrinkman/kiro-krew/cmd/kiro-krew/cmd/eval.go:51.43,53.23 2 0
github.com/jbrinkman/kiro-krew/cmd/kiro-krew/cmd/eval.go:53.23,55.5 1 0
github.com/jbrinkman/kiro-krew/cmd/kiro-krew/cmd/eval.go:58.3,66.5 1 0
github.com/jbrinkman/kiro-krew/cmd/kiro-krew/cmd/eval.go:74.54,76.3 1 0
github.com/jbrinkman/kiro-krew/cmd/kiro-krew/cmd/eval.go:79.13,92.2 11 0
github.com/jbrinkman/kiro-krew/cmd/kiro-krew/cmd/init.go:11.54,13.3 1 0
github.com/jbrinkman/kiro-krew/cmd/kiro-krew/cmd/init.go:16.13,18.2 1 0
github.com/jbrinkman/kiro-krew/cmd/kiro-krew/cmd/log_incident.go:23.13,25.2 1 0
github.com/jbrinkman/kiro-krew/cmd/kiro-krew/cmd/log_incident.go:27.62,29.16 2 0
github.com/jbrinkman/kiro-krew/cmd/kiro-krew/cmd/log_incident.go:29.16,31.3 1 0
github.com/jbrinkman/kiro-krew/cmd/kiro-krew/cmd/log_incident.go:33.2,34.16 2 0
github.com/jbrinkman/kiro-krew/cmd/kiro-krew/cmd/log_incident.go:34.16,36.3 1 0
github.com/jbrinkman/kiro-krew/cmd/kiro-krew/cmd/log_incident.go:38.2,39.20 2 0
github.com/jbrinkman/kiro-krew/cmd/kiro-krew/cmd/log_incident.go:39.20,41.3 1 0
github.com/jbrinkman/kiro-krew/cmd/kiro-krew/cmd/log_incident.go:41.8,44.17 3 0
github.com/jbrinkman/kiro-krew/cmd/kiro-krew/cmd/log_incident.go:44.17,46.4 1 0
github.com/jbrinkman/kiro-krew/cmd/kiro-krew/cmd/log_incident.go:49.2,50.16 2 0
github.com/jbrinkman/kiro-krew/cmd/kiro-krew/cmd/log_incident.go:50.16,52.3 1 0
github.com/jbrinkman/kiro-krew/cmd/kiro-krew/cmd/log_incident.go:54.2,54.71 1 0
github.com/jbrinkman/kiro-krew/cmd/kiro-krew/cmd/log_incident.go:54.71,56.3 1 0
github.com/jbrinkman/kiro-krew/cmd/kiro-krew/cmd/log_incident.go:58.2,59.12 2 0
github.com/jbrinkman/kiro-krew/cmd/kiro-krew/cmd/log_incident.go:62.38,66.21 3 0
github.com/jbrinkman/kiro-krew/cmd/kiro-krew/cmd/log_incident.go:66.21,68.3 1 0
github.com/jbrinkman/kiro-krew/cmd/kiro-krew/cmd/log_incident.go:70.2,70.38 1 0
github.com/jbrinkman/kiro-krew/cmd/kiro-krew/cmd/log_incident.go:70.38,72.3 1 0
github.com/jbrinkman/kiro-krew/cmd/kiro-krew/cmd/log_incident.go:74.2,74.39 1 0
github.com/jbrinkman/kiro-krew/cmd/kiro-krew/cmd/root.go:24.67,26.12 2 0
github.com/jbrinkman/kiro-krew/cmd/kiro-krew/cmd/root.go:26.12,36.4 8 0
github.com/jbrinkman/kiro-krew/cmd/kiro-krew/cmd/root.go:37.3,37.13 1 0
github.com/jbrinkman/kiro-krew/cmd/kiro-krew/cmd/root.go:39.54,41.17 2 0
github.com/jbrinkman/kiro-krew/cmd/kiro-krew/cmd/root.go:41.17,43.4 1 0
github.com/jbrinkman/kiro-krew/cmd/kiro-krew/cmd/root.go:45.3,51.34 5 0
github.com/jbrinkman/kiro-krew/cmd/kiro-krew/cmd/root.go:55.13,62.2 2 0
github.com/jbrinkman/kiro-krew/cmd/kiro-krew/cmd/root.go:64.39,66.2 1 0
github.com/jbrinkman/kiro-krew/cmd/kiro-krew/cmd/root.go:68.22,70.2 1 0
github.com/jbrinkman/kiro-krew/cmd/kiro-krew/cmd/theme.go:16.54,17.21 1 0
github.com/jbrinkman/kiro-krew/cmd/kiro-krew/cmd/theme.go:17.21,19.18 2 0
github.com/jbrinkman/kiro-krew/cmd/kiro-krew/cmd/theme.go:19.18,21.5 1 0
github.com/jbrinkman/kiro-krew/cmd/kiro-krew/cmd/theme.go:22.4,23.14 2 0
github.com/jbrinkman/kiro-krew/cmd/kiro-krew/cmd/theme.go:26.3,28.17 3 0
github.com/jbrinkman/kiro-krew/cmd/kiro-krew/cmd/theme.go:28.17,30.4 1 0
github.com/jbrinkman/kiro-krew/cmd/kiro-krew/cmd/theme.go:32.3,33.17 2 0
github.com/jbrinkman/kiro-krew/cmd/kiro-krew/cmd/theme.go:33.17,35.4 1 0
github.com/jbrinkman/kiro-krew/cmd/kiro-krew/cmd/theme.go:37.3,38.36 2 0
github.com/jbrinkman/kiro-krew/cmd/kiro-krew/cmd/theme.go:38.36,40.4 1 0
github.com/jbrinkman/kiro-krew/cmd/kiro-krew/cmd/theme.go:42.3,43.13 2 0
github.com/jbrinkman/kiro-krew/cmd/kiro-krew/cmd/theme.go:47.13,49.2 1 0
github.com/jbrinkman/kiro-krew/cmd/kiro-krew/cmd/update.go:11.54,13.3 1 0
github.com/jbrinkman/kiro-krew/cmd/kiro-krew/cmd/update.go:16.13,18.2 1 0
github.com/jbrinkman/kiro-krew/internal/eval/debug/dockerfile.go:11.66,15.55 2 0
github.com/jbrinkman/kiro-krew/internal/eval/debug/dockerfile.go:15.55,17.3 1 0
github.com/jbrinkman/kiro-krew/internal/eval/debug/dockerfile.go:20.2,22.22 3 0
github.com/jbrinkman/kiro-krew/internal/eval/debug/dockerfile.go:22.22,24.3 1 0
github.com/jbrinkman/kiro-krew/internal/eval/debug/dockerfile.go:25.2,30.80 3 0
github.com/jbrinkman/kiro-krew/internal/eval/debug/dockerfile.go:30.80,32.3 1 0
github.com/jbrinkman/kiro-krew/internal/eval/debug/dockerfile.go:35.2,38.12 3 0
github.com/jbrinkman/kiro-krew/internal/eval/debug/dockerfile.go:42.34,46.16 3 0
github.com/jbrinkman/kiro-krew/internal/eval/debug/dockerfile.go:46.16,47.25 1 0
github.com/jbrinkman/kiro-krew/internal/eval/debug/dockerfile.go:47.25,49.4 1 0
github.com/jbrinkman/kiro-krew/internal/eval/debug/dockerfile.go:50.3,50.62 1 0
github.com/jbrinkman/kiro-krew/internal/eval/debug/dockerfile.go:54.2,54.23 1 0
github.com/jbrinkman/kiro-krew/internal/eval/debug/dockerfile.go:54.23,56.40 1 0
github.com/jbrinkman/kiro-krew/internal/eval/debug/dockerfile.go:56.40,58.46 2 0
github.com/jbrinkman/kiro-krew/internal/eval/debug/dockerfile.go:58.46,60.5 1 0
github.com/jbrinkman/kiro-krew/internal/eval/debug/dockerfile.go:64.2,64.12 1 0
github.com/jbrinkman/kiro-krew/scripts/compare-templates.go:34.13,54.36 8 0
github.com/jbrinkman/kiro-krew/scripts/compare-templates.go:54.36,56.3 1 0
github.com/jbrinkman/kiro-krew/scripts/compare-templates.go:56.8,58.3 1 0
github.com/jbrinkman/kiro-krew/scripts/compare-templates.go:61.2,62.16 2 0
github.com/jbrinkman/kiro-krew/scripts/compare-templates.go:62.16,65.3 2 0
github.com/jbrinkman/kiro-krew/scripts/compare-templates.go:67.2,69.35 2 0
github.com/jbrinkman/kiro-krew/scripts/compare-templates.go:69.35,71.3 1 0
github.com/jbrinkman/kiro-krew/scripts/compare-templates.go:74.78,76.89 1 0
github.com/jbrinkman/kiro-krew/scripts/compare-templates.go:76.89,77.17 1 0
github.com/jbrinkman/kiro-krew/scripts/compare-templates.go:77.17,79.4 1 0
github.com/jbrinkman/kiro-krew/scripts/compare-templates.go:81.3,81.19 1 0
github.com/jbrinkman/kiro-krew/scripts/compare-templates.go:81.19,83.4 1 0
github.com/jbrinkman/kiro-krew/scripts/compare-templates.go:86.3,86.27 1 0
github.com/jbrinkman/kiro-krew/scripts/compare-templates.go:86.27,88.4 1 0
github.com/jbrinkman/kiro-krew/scripts/compare-templates.go:91.3,95.58 3 0
github.com/jbrinkman/kiro-krew/scripts/compare-templates.go:95.58,98.4 2 0
github.com/jbrinkman/kiro-krew/scripts/compare-templates.go:101.3,101.75 1 0
github.com/jbrinkman/kiro-krew/scripts/compare-templates.go:101.75,108.4 1 0
github.com/jbrinkman/kiro-krew/scripts/compare-templates.go:110.3,110.13 1 0
github.com/jbrinkman/kiro-krew/scripts/compare-templates.go:113.2,113.16 1 0
github.com/jbrinkman/kiro-krew/scripts/compare-templates.go:113.16,115.3 1 0
github.com/jbrinkman/kiro-krew/scripts/compare-templates.go:118.2,118.96 1 0
github.com/jbrinkman/kiro-krew/scripts/compare-templates.go:118.96,119.33 1 0
github.com/jbrinkman/kiro-krew/scripts/compare-templates.go:119.33,121.4 1 0
github.com/jbrinkman/kiro-krew/scripts/compare-templates.go:123.3,126.54 3 0
github.com/jbrinkman/kiro-krew/scripts/compare-templates.go:126.54,128.4 1 0
github.com/jbrinkman/kiro-krew/scripts/compare-templates.go:130.3,130.13 1 0
github.com/jbrinkman/kiro-krew/scripts/compare-templates.go:133.2,133.16 1 0
github.com/jbrinkman/kiro-krew/scripts/compare-templates.go:133.16,135.3 1 0
github.com/jbrinkman/kiro-krew/scripts/compare-templates.go:138.35,144.33 2 0
github.com/jbrinkman/kiro-krew/scripts/compare-templates.go:144.33,145.35 1 0
github.com/jbrinkman/kiro-krew/scripts/compare-templates.go:145.35,147.4 1 0
github.com/jbrinkman/kiro-krew/scripts/compare-templates.go:149.2,149.14 1 0
github.com/jbrinkman/kiro-krew/scripts/compare-templates.go:152.65,156.17 3 0
github.com/jbrinkman/kiro-krew/scripts/compare-templates.go:156.17,158.3 1 0
github.com/jbrinkman/kiro-krew/scripts/compare-templates.go:159.2,159.17 1 0
github.com/jbrinkman/kiro-krew/scripts/compare-templates.go:159.17,161.3 1 0
github.com/jbrinkman/kiro-krew/scripts/compare-templates.go:163.2,163.30 1 0
github.com/jbrinkman/kiro-krew/scripts/compare-templates.go:163.30,165.3 1 0
github.com/jbrinkman/kiro-krew/scripts/compare-templates.go:167.2,167.18 1 0
github.com/jbrinkman/kiro-krew/scripts/compare-templates.go:170.44,172.16 2 0
github.com/jbrinkman/kiro-krew/scripts/compare-templates.go:172.16,174.3 1 0
github.com/jbrinkman/kiro-krew/scripts/compare-templates.go:175.2,179.16 4 0
github.com/jbrinkman/kiro-krew/scripts/compare-templates.go:179.16,181.3 1 0
github.com/jbrinkman/kiro-krew/scripts/compare-templates.go:183.2,183.46 1 0
github.com/jbrinkman/kiro-krew/scripts/compare-templates.go:186.33,188.74 2 0
github.com/jbrinkman/kiro-krew/scripts/compare-templates.go:188.74,189.55 1 0
github.com/jbrinkman/kiro-krew/scripts/compare-templates.go:189.55,191.4 1 0
github.com/jbrinkman/kiro-krew/scripts/compare-templates.go:192.3,192.13 1 0
github.com/jbrinkman/kiro-krew/scripts/compare-templates.go:194.2,194.14 1 0
github.com/jbrinkman/kiro-krew/internal/templates/extract.go:14.39,16.2 1 0
github.com/jbrinkman/kiro-krew/internal/templates/extract.go:18.56,19.89 1 0
github.com/jbrinkman/kiro-krew/internal/templates/extract.go:19.89,20.17 1 0
github.com/jbrinkman/kiro-krew/internal/templates/extract.go:20.17,22.4 1 0
github.com/jbrinkman/kiro-krew/internal/templates/extract.go:24.3,25.17 2 0
github.com/jbrinkman/kiro-krew/internal/templates/extract.go:25.17,27.4 1 0
github.com/jbrinkman/kiro-krew/internal/templates/extract.go:29.3,30.10 2 0
github.com/jbrinkman/kiro-krew/internal/templates/extract.go:31.67,32.61 1 0
github.com/jbrinkman/kiro-krew/internal/templates/extract.go:33.77,34.71 1 0
github.com/jbrinkman/kiro-krew/internal/templates/extract.go:37.3,39.16 2 0
github.com/jbrinkman/kiro-krew/internal/templates/extract.go:39.16,41.4 1 0
github.com/jbrinkman/kiro-krew/internal/templates/extract.go:43.3,43.13 1 0
github.com/jbrinkman/kiro-krew/internal/templates/extract.go:43.13,44.47 1 0
github.com/jbrinkman/kiro-krew/internal/templates/extract.go:44.47,46.5 1 0
github.com/jbrinkman/kiro-krew/internal/templates/extract.go:50.3,51.122 2 0
github.com/jbrinkman/kiro-krew/internal/templates/extract.go:51.122,52.47 1 0
github.com/jbrinkman/kiro-krew/internal/templates/extract.go:52.47,54.5 1 0
github.com/jbrinkman/kiro-krew/internal/templates/extract.go:57.3,58.17 2 0
github.com/jbrinkman/kiro-krew/internal/templates/extract.go:58.17,60.4 1 0
github.com/jbrinkman/kiro-krew/internal/templates/extract.go:62.3,62.67 1 0
github.com/jbrinkman/kiro-krew/internal/templates/extract.go:62.67,64.4 1 0
github.com/jbrinkman/kiro-krew/internal/templates/extract.go:66.3,66.60 1 0
github.com/jbrinkman/kiro-krew/internal/templates/extract.go:66.60,68.4 1 0
github.com/jbrinkman/kiro-krew/internal/templates/extract.go:70.3,71.13 2 0
github.com/jbrinkman/kiro-krew/internal/github/client.go:35.33,38.16 3 0
github.com/jbrinkman/kiro-krew/internal/github/client.go:38.16,40.3 1 0
github.com/jbrinkman/kiro-krew/internal/github/client.go:41.2,41.47 1 0
github.com/jbrinkman/kiro-krew/internal/github/client.go:44.70,47.16 3 0
github.com/jbrinkman/kiro-krew/internal/github/client.go:47.16,49.3 1 0
github.com/jbrinkman/kiro-krew/internal/github/client.go:51.2,52.57 2 0
github.com/jbrinkman/kiro-krew/internal/github/client.go:52.57,54.3 1 0
github.com/jbrinkman/kiro-krew/internal/github/client.go:56.2,56.22 1 0
github.com/jbrinkman/kiro-krew/internal/github/client.go:59.54,62.16 3 0
github.com/jbrinkman/kiro-krew/internal/github/client.go:62.16,63.25 1 0
github.com/jbrinkman/kiro-krew/internal/github/client.go:63.25,65.4 1 0
github.com/jbrinkman/kiro-krew/internal/github/client.go:66.3,66.58 1 0
github.com/jbrinkman/kiro-krew/internal/github/client.go:69.2,70.56 2 0
github.com/jbrinkman/kiro-krew/internal/github/client.go:70.56,72.3 1 0
github.com/jbrinkman/kiro-krew/internal/github/client.go:74.2,78.31 4 0
github.com/jbrinkman/kiro-krew/internal/github/client.go:78.31,80.34 2 0
github.com/jbrinkman/kiro-krew/internal/github/client.go:80.34,81.52 1 0
github.com/jbrinkman/kiro-krew/internal/github/client.go:81.52,83.10 2 0
github.com/jbrinkman/kiro-krew/internal/github/client.go:86.3,86.19 1 0
github.com/jbrinkman/kiro-krew/internal/github/client.go:86.19,88.4 1 0
github.com/jbrinkman/kiro-krew/internal/github/client.go:91.2,91.22 1 0
github.com/jbrinkman/kiro-krew/internal/github/client.go:94.65,97.2 2 0
github.com/jbrinkman/kiro-krew/internal/github/client.go:99.67,102.16 3 0
github.com/jbrinkman/kiro-krew/internal/github/client.go:102.16,104.3 1 0
github.com/jbrinkman/kiro-krew/internal/github/client.go:106.2,109.53 2 0
github.com/jbrinkman/kiro-krew/internal/github/client.go:109.53,111.3 1 0
github.com/jbrinkman/kiro-krew/internal/github/client.go:113.2,113.26 1 0
github.com/jbrinkman/kiro-krew/internal/github/client.go:122.70,127.16 4 0
github.com/jbrinkman/kiro-krew/internal/github/client.go:127.16,129.3 1 0
github.com/jbrinkman/kiro-krew/internal/github/client.go:131.2,132.53 2 0
github.com/jbrinkman/kiro-krew/internal/github/client.go:132.53,134.3 1 0
github.com/jbrinkman/kiro-krew/internal/github/client.go:136.2,136.26 1 0
github.com/jbrinkman/kiro-krew/internal/github/client.go:145.54,151.16 5 0
github.com/jbrinkman/kiro-krew/internal/github/client.go:151.16,152.44 1 0
github.com/jbrinkman/kiro-krew/internal/github/client.go:152.44,154.4 1 0
github.com/jbrinkman/kiro-krew/internal/github/client.go:155.3,155.60 1 0
github.com/jbrinkman/kiro-krew/internal/github/client.go:158.2,159.40 2 0
github.com/jbrinkman/kiro-krew/internal/github/client.go:159.40,161.3 1 0
github.com/jbrinkman/kiro-krew/internal/github/client.go:163.2,164.66 2 0
github.com/jbrinkman/kiro-krew/internal/github/client.go:164.66,166.3 1 0
github.com/jbrinkman/kiro-krew/internal/github/client.go:168.2,168.46 1 0
github.com/jbrinkman/kiro-krew/internal/github/client.go:168.46,170.3 1 0
github.com/jbrinkman/kiro-krew/internal/github/client.go:172.2,172.22 1 0
github.com/jbrinkman/kiro-krew/internal/github/client.go:176.36,178.30 2 0
github.com/jbrinkman/kiro-krew/internal/github/client.go:178.30,181.3 2 0
github.com/jbrinkman/kiro-krew/internal/github/client.go:182.2,182.14 1 0
