mode: set
github.com/jbrinkman/kiro-krew/internal/eval/sandbox/container.go:30.47,31.24 1 1
github.com/jbrinkman/kiro-krew/internal/eval/sandbox/container.go:32.15,33.28 1 0
github.com/jbrinkman/kiro-krew/internal/eval/sandbox/container.go:34.15,35.28 1 1
github.com/jbrinkman/kiro-krew/internal/eval/sandbox/container.go:36.10,37.72 1 0
github.com/jbrinkman/kiro-krew/internal/eval/sandbox/container.go:42.55,44.22 2 1
github.com/jbrinkman/kiro-krew/internal/eval/sandbox/container.go:44.22,46.3 1 1
github.com/jbrinkman/kiro-krew/internal/eval/sandbox/container.go:49.2,53.60 3 1
github.com/jbrinkman/kiro-krew/internal/eval/sandbox/container.go:57.57,59.22 2 1
github.com/jbrinkman/kiro-krew/internal/eval/sandbox/container.go:59.22,61.3 1 1
github.com/jbrinkman/kiro-krew/internal/eval/sandbox/container.go:62.2,62.29 1 1
github.com/jbrinkman/kiro-krew/internal/eval/sandbox/container.go:66.57,68.16 2 1
github.com/jbrinkman/kiro-krew/internal/eval/sandbox/container.go:68.16,70.3 1 0
github.com/jbrinkman/kiro-krew/internal/eval/sandbox/container.go:73.2,75.41 3 1
github.com/jbrinkman/kiro-krew/internal/eval/sandbox/container.go:75.41,78.3 2 0
github.com/jbrinkman/kiro-krew/internal/eval/sandbox/container.go:80.2,83.8 1 1
github.com/jbrinkman/kiro-krew/internal/eval/sandbox/container.go:87.115,90.16 2 1
github.com/jbrinkman/kiro-krew/internal/eval/sandbox/container.go:90.16,92.3 1 0
github.com/jbrinkman/kiro-krew/internal/eval/sandbox/container.go:94.2,94.67 1 1
github.com/jbrinkman/kiro-krew/internal/eval/sandbox/container.go:98.144,102.16 2 1
github.com/jbrinkman/kiro-krew/internal/eval/sandbox/container.go:102.16,107.17 3 0
github.com/jbrinkman/kiro-krew/internal/eval/sandbox/container.go:107.17,109.4 1 0
github.com/jbrinkman/kiro-krew/internal/eval/sandbox/container.go:110.3,111.30 2 0
github.com/jbrinkman/kiro-krew/internal/eval/sandbox/container.go:115.2,116.21 2 1
github.com/jbrinkman/kiro-krew/internal/eval/sandbox/container.go:116.21,118.3 1 1
github.com/jbrinkman/kiro-krew/internal/eval/sandbox/container.go:119.2,125.16 3 1
github.com/jbrinkman/kiro-krew/internal/eval/sandbox/container.go:125.16,127.3 1 0
github.com/jbrinkman/kiro-krew/internal/eval/sandbox/container.go:129.2,130.12 2 1
github.com/jbrinkman/kiro-krew/internal/eval/sandbox/container.go:134.54,136.2 1 1
github.com/jbrinkman/kiro-krew/internal/eval/sandbox/container.go:139.88,141.16 2 1
github.com/jbrinkman/kiro-krew/internal/eval/sandbox/container.go:141.16,143.3 1 0
github.com/jbrinkman/kiro-krew/internal/eval/sandbox/container.go:146.2,153.47 4 1
github.com/jbrinkman/kiro-krew/internal/eval/sandbox/container.go:153.47,155.3 1 0
github.com/jbrinkman/kiro-krew/internal/eval/sandbox/container.go:156.2,156.45 1 1
github.com/jbrinkman/kiro-krew/internal/eval/sandbox/container.go:156.45,158.3 1 0
github.com/jbrinkman/kiro-krew/internal/eval/sandbox/container.go:159.2,159.35 1 1
github.com/jbrinkman/kiro-krew/internal/eval/sandbox/container.go:159.35,161.3 1 0
github.com/jbrinkman/kiro-krew/internal/eval/sandbox/container.go:163.2,163.119 1 1
github.com/jbrinkman/kiro-krew/internal/eval/sandbox/container.go:167.67,175.16 3 1
github.com/jbrinkman/kiro-krew/internal/eval/sandbox/container.go:175.16,177.3 1 0
github.com/jbrinkman/kiro-krew/internal/eval/sandbox/container.go:179.2,179.80 1 1
github.com/jbrinkman/kiro-krew/internal/eval/sandbox/container.go:183.87,191.16 3 1
github.com/jbrinkman/kiro-krew/internal/eval/sandbox/container.go:191.16,193.3 1 1
github.com/jbrinkman/kiro-krew/internal/eval/sandbox/container.go:195.2,196.16 2 1
github.com/jbrinkman/kiro-krew/internal/eval/sandbox/container.go:196.16,198.3 1 0
github.com/jbrinkman/kiro-krew/internal/eval/sandbox/container.go:199.2,206.16 5 1
github.com/jbrinkman/kiro-krew/internal/eval/sandbox/container.go:206.16,208.3 1 0
github.com/jbrinkman/kiro-krew/internal/eval/sandbox/container.go:211.2,212.16 2 1
github.com/jbrinkman/kiro-krew/internal/eval/sandbox/container.go:212.16,214.3 1 1
github.com/jbrinkman/kiro-krew/internal/eval/sandbox/container.go:216.2,217.27 2 1
github.com/jbrinkman/kiro-krew/internal/eval/sandbox/container.go:217.27,220.3 2 1
github.com/jbrinkman/kiro-krew/internal/eval/sandbox/container.go:222.2,222.20 1 1
github.com/jbrinkman/kiro-krew/internal/eval/sandbox/container.go:226.56,227.25 1 1
github.com/jbrinkman/kiro-krew/internal/eval/sandbox/container.go:227.25,229.3 1 0
github.com/jbrinkman/kiro-krew/internal/eval/sandbox/container.go:231.2,234.16 4 1
github.com/jbrinkman/kiro-krew/internal/eval/sandbox/container.go:234.16,236.3 1 0
github.com/jbrinkman/kiro-krew/internal/eval/sandbox/container.go:238.2,238.91 1 1
github.com/jbrinkman/kiro-krew/internal/eval/sandbox/container.go:242.76,244.2 1 1
github.com/jbrinkman/kiro-krew/internal/eval/sandbox/container.go:247.98,264.35 10 1
github.com/jbrinkman/kiro-krew/internal/eval/sandbox/container.go:264.35,266.17 2 1
github.com/jbrinkman/kiro-krew/internal/eval/sandbox/container.go:266.17,268.4 1 0
github.com/jbrinkman/kiro-krew/internal/eval/sandbox/container.go:269.3,270.31 2 1
github.com/jbrinkman/kiro-krew/internal/eval/sandbox/container.go:274.2,275.16 2 1
github.com/jbrinkman/kiro-krew/internal/eval/sandbox/container.go:275.16,277.3 1 1
github.com/jbrinkman/kiro-krew/internal/eval/sandbox/container.go:278.2,286.33 6 1
github.com/jbrinkman/kiro-krew/internal/eval/sandbox/container.go:289.75,292.16 3 1
github.com/jbrinkman/kiro-krew/internal/eval/sandbox/container.go:292.16,294.3 1 0
github.com/jbrinkman/kiro-krew/internal/eval/sandbox/container.go:295.2,295.29 1 1
github.com/jbrinkman/kiro-krew/internal/eval/sandbox/container.go:299.61,301.18 2 1
github.com/jbrinkman/kiro-krew/internal/eval/sandbox/container.go:302.21,303.56 1 1
github.com/jbrinkman/kiro-krew/internal/eval/sandbox/container.go:304.21,305.57 1 1
github.com/jbrinkman/kiro-krew/internal/eval/sandbox/container.go:306.10,307.62 1 1
github.com/jbrinkman/kiro-krew/internal/eval/sandbox/container.go:312.62,314.16 2 1
github.com/jbrinkman/kiro-krew/internal/eval/sandbox/container.go:314.16,316.3 1 1
github.com/jbrinkman/kiro-krew/internal/eval/sandbox/container.go:318.2,327.33 9 1
github.com/jbrinkman/kiro-krew/internal/eval/sandbox/container.go:331.80,333.57 1 1
github.com/jbrinkman/kiro-krew/internal/eval/sandbox/container.go:333.57,335.3 1 1
github.com/jbrinkman/kiro-krew/internal/eval/sandbox/container.go:336.2,336.12 1 0
github.com/jbrinkman/kiro-krew/internal/eval/sandbox/container.go:340.74,343.16 2 1
github.com/jbrinkman/kiro-krew/internal/eval/sandbox/container.go:343.16,345.109 1 1
github.com/jbrinkman/kiro-krew/internal/eval/sandbox/container.go:345.109,347.4 1 0
github.com/jbrinkman/kiro-krew/internal/eval/sandbox/container.go:348.3,348.76 1 1
github.com/jbrinkman/kiro-krew/internal/eval/sandbox/container.go:352.2,353.16 2 0
github.com/jbrinkman/kiro-krew/internal/eval/sandbox/container.go:353.16,355.3 1 0
github.com/jbrinkman/kiro-krew/internal/eval/sandbox/container.go:357.2,357.19 1 0
github.com/jbrinkman/kiro-krew/internal/eval/sandbox/container.go:357.19,359.3 1 0
github.com/jbrinkman/kiro-krew/internal/eval/sandbox/container.go:361.2,362.12 2 0
github.com/jbrinkman/kiro-krew/internal/eval/sandbox/container.go:366.35,368.2 1 1
github.com/jbrinkman/kiro-krew/internal/eval/sandbox/mock_github.go:15.89,19.67 2 1
github.com/jbrinkman/kiro-krew/internal/eval/sandbox/mock_github.go:19.67,21.3 1 0
github.com/jbrinkman/kiro-krew/internal/eval/sandbox/mock_github.go:24.2,27.53 2 1
github.com/jbrinkman/kiro-krew/internal/eval/sandbox/mock_github.go:27.53,29.3 1 0
github.com/jbrinkman/kiro-krew/internal/eval/sandbox/mock_github.go:32.2,32.115 1 1
github.com/jbrinkman/kiro-krew/internal/eval/sandbox/mock_github.go:32.115,33.17 1 1
github.com/jbrinkman/kiro-krew/internal/eval/sandbox/mock_github.go:33.17,35.4 1 0
github.com/jbrinkman/kiro-krew/internal/eval/sandbox/mock_github.go:37.3,37.16 1 1
github.com/jbrinkman/kiro-krew/internal/eval/sandbox/mock_github.go:37.16,39.4 1 1
github.com/jbrinkman/kiro-krew/internal/eval/sandbox/mock_github.go:41.3,45.17 4 1
github.com/jbrinkman/kiro-krew/internal/eval/sandbox/mock_github.go:45.17,47.4 1 0
github.com/jbrinkman/kiro-krew/internal/eval/sandbox/mock_github.go:49.3,49.63 1 1
github.com/jbrinkman/kiro-krew/internal/eval/sandbox/mock_github.go:49.63,51.4 1 0
github.com/jbrinkman/kiro-krew/internal/eval/sandbox/mock_github.go:53.3,53.13 1 1
github.com/jbrinkman/kiro-krew/internal/eval/sandbox/mock_github.go:58.72,61.2 1 0
github.com/jbrinkman/kiro-krew/internal/eval/sandbox/mock_github.go:72.81,73.19 1 1
github.com/jbrinkman/kiro-krew/internal/eval/sandbox/mock_github.go:74.15,75.43 1 1
github.com/jbrinkman/kiro-krew/internal/eval/sandbox/mock_github.go:75.43,80.4 1 1
github.com/jbrinkman/kiro-krew/internal/eval/sandbox/mock_github.go:81.3,81.47 1 0
github.com/jbrinkman/kiro-krew/internal/eval/sandbox/mock_github.go:83.12,84.43 1 1
github.com/jbrinkman/kiro-krew/internal/eval/sandbox/mock_github.go:84.43,89.4 1 1
github.com/jbrinkman/kiro-krew/internal/eval/sandbox/mock_github.go:90.3,90.47 1 0
github.com/jbrinkman/kiro-krew/internal/eval/sandbox/mock_github.go:92.10,93.47 1 1
github.com/jbrinkman/kiro-krew/internal/eval/sandbox/project_detector.go:27.54,31.106 2 1
github.com/jbrinkman/kiro-krew/internal/eval/sandbox/project_detector.go:31.106,33.3 1 1
github.com/jbrinkman/kiro-krew/internal/eval/sandbox/project_detector.go:36.2,36.60 1 1
github.com/jbrinkman/kiro-krew/internal/eval/sandbox/project_detector.go:36.60,38.3 1 1
github.com/jbrinkman/kiro-krew/internal/eval/sandbox/project_detector.go:41.2,41.124 1 1
github.com/jbrinkman/kiro-krew/internal/eval/sandbox/project_detector.go:41.124,43.3 1 1
github.com/jbrinkman/kiro-krew/internal/eval/sandbox/project_detector.go:46.2,46.58 1 1
github.com/jbrinkman/kiro-krew/internal/eval/sandbox/project_detector.go:46.58,48.3 1 1
github.com/jbrinkman/kiro-krew/internal/eval/sandbox/project_detector.go:51.2,51.113 1 1
github.com/jbrinkman/kiro-krew/internal/eval/sandbox/project_detector.go:51.113,53.3 1 1
github.com/jbrinkman/kiro-krew/internal/eval/sandbox/project_detector.go:56.2,56.60 1 1
github.com/jbrinkman/kiro-krew/internal/eval/sandbox/project_detector.go:56.60,58.3 1 1
github.com/jbrinkman/kiro-krew/internal/eval/sandbox/project_detector.go:60.2,60.17 1 1
github.com/jbrinkman/kiro-krew/internal/eval/sandbox/project_detector.go:63.35,66.2 2 1
github.com/jbrinkman/kiro-krew/internal/eval/sandbox/resource_limits.go:17.37,23.2 1 1
github.com/jbrinkman/kiro-krew/internal/eval/sandbox/resource_limits.go:26.78,27.40 1 1
github.com/jbrinkman/kiro-krew/internal/eval/sandbox/resource_limits.go:27.40,29.3 1 1
github.com/jbrinkman/kiro-krew/internal/eval/sandbox/resource_limits.go:30.2,30.41 1 1
github.com/jbrinkman/kiro-krew/internal/eval/sandbox/resource_limits.go:30.41,32.3 1 1
github.com/jbrinkman/kiro-krew/internal/eval/sandbox/resource_limits.go:33.2,33.38 1 1
github.com/jbrinkman/kiro-krew/internal/eval/sandbox/resource_limits.go:33.38,35.3 1 1
github.com/jbrinkman/kiro-krew/internal/eval/sandbox/resource_limits.go:39.75,55.2 2 1
